[0.097s] DEBUG:colcon:Command line arguments: ['/usr/bin/colcon', 'build', '--symlink-install']
[0.097s] DEBUG:colcon:Parsed command line arguments: Namespace(log_base=None, log_level=None, verb_name='build', build_base='build', install_base='install', merge_install=False, symlink_install=True, test_result_base=None, continue_on_error=False, executor='parallel', parallel_workers=16, event_handlers=None, ignore_user_meta=False, metas=['./colcon.meta'], base_paths=['.'], packages_ignore=None, packages_ignore_regex=None, paths=None, packages_up_to=None, packages_up_to_regex=None, packages_above=None, packages_above_and_dependencies=None, packages_above_depth=None, packages_select_by_dep=None, packages_skip_by_dep=None, packages_skip_up_to=None, packages_select_build_failed=False, packages_skip_build_finished=False, packages_select_test_failures=False, packages_skip_test_passed=False, packages_select=None, packages_skip=None, packages_select_regex=None, packages_skip_regex=None, packages_start=None, packages_end=None, allow_overriding=[], cmake_args=None, cmake_target=None, cmake_target_skip_unavailable=False, cmake_clean_cache=False, cmake_clean_first=False, cmake_force_configure=False, ament_cmake_args=None, catkin_cmake_args=None, catkin_skip_building_tests=False, mixin_files=None, mixin=None, verb_parser=<colcon_mixin.mixin.mixin_argument.MixinArgumentDecorator object at 0x745c6bffc880>, verb_extension=<colcon_core.verb.build.BuildVerb object at 0x745c6be25e10>, main=<bound method BuildVerb.main of <colcon_core.verb.build.BuildVerb object at 0x745c6be25e10>>, mixin_verb=('build',))
[0.216s] Level 1:colcon.colcon_core.package_discovery:discover_packages(colcon_meta) check parameters
[0.216s] Level 1:colcon.colcon_core.package_discovery:discover_packages(recursive) check parameters
[0.216s] Level 1:colcon.colcon_core.package_discovery:discover_packages(ignore) check parameters
[0.216s] Level 1:colcon.colcon_core.package_discovery:discover_packages(path) check parameters
[0.216s] Level 1:colcon.colcon_core.package_discovery:discover_packages(colcon_meta) discover
[0.216s] Level 1:colcon.colcon_core.package_discovery:discover_packages(recursive) discover
[0.216s] INFO:colcon.colcon_core.package_discovery:Crawling recursively for packages in '/home/yutong/scaledrive.ai/fincantieri/g1_hand_move'
[0.216s] Level 1:colcon.colcon_core.package_identification:_identify(.) by extensions ['ignore', 'ignore_ament_install']
[0.216s] Level 1:colcon.colcon_core.package_identification:_identify(.) by extension 'ignore'
[0.216s] Level 1:colcon.colcon_core.package_identification:_identify(.) by extension 'ignore_ament_install'
[0.216s] Level 1:colcon.colcon_core.package_identification:_identify(.) by extensions ['colcon_pkg']
[0.216s] Level 1:colcon.colcon_core.package_identification:_identify(.) by extension 'colcon_pkg'
[0.216s] Level 1:colcon.colcon_core.package_identification:_identify(.) by extensions ['colcon_meta']
[0.216s] Level 1:colcon.colcon_core.package_identification:_identify(.) by extension 'colcon_meta'
[0.216s] Level 1:colcon.colcon_core.package_identification:_identify(.) by extensions ['ros']
[0.216s] Level 1:colcon.colcon_core.package_identification:_identify(.) by extension 'ros'
[0.229s] Level 1:colcon.colcon_core.package_identification:_identify(.) by extensions ['cmake', 'python']
[0.229s] Level 1:colcon.colcon_core.package_identification:_identify(.) by extension 'cmake'
[0.229s] Level 1:colcon.colcon_core.package_identification:_identify(.) by extension 'python'
[0.229s] Level 1:colcon.colcon_core.package_identification:_identify(.) by extensions ['python_setup_py']
[0.229s] Level 1:colcon.colcon_core.package_identification:_identify(.) by extension 'python_setup_py'
[0.229s] Level 1:colcon.colcon_core.package_identification:_identify(build) by extensions ['ignore', 'ignore_ament_install']
[0.229s] Level 1:colcon.colcon_core.package_identification:_identify(build) by extension 'ignore'
[0.229s] Level 1:colcon.colcon_core.package_identification:_identify(build) ignored
[0.229s] Level 1:colcon.colcon_core.package_identification:_identify(install) by extensions ['ignore', 'ignore_ament_install']
[0.229s] Level 1:colcon.colcon_core.package_identification:_identify(install) by extension 'ignore'
[0.229s] Level 1:colcon.colcon_core.package_identification:_identify(install) ignored
[0.229s] Level 1:colcon.colcon_core.package_identification:_identify(log) by extensions ['ignore', 'ignore_ament_install']
[0.229s] Level 1:colcon.colcon_core.package_identification:_identify(log) by extension 'ignore'
[0.229s] Level 1:colcon.colcon_core.package_identification:_identify(log) ignored
[0.229s] Level 1:colcon.colcon_core.package_identification:_identify(src) by extensions ['ignore', 'ignore_ament_install']
[0.229s] Level 1:colcon.colcon_core.package_identification:_identify(src) by extension 'ignore'
[0.229s] Level 1:colcon.colcon_core.package_identification:_identify(src) by extension 'ignore_ament_install'
[0.229s] Level 1:colcon.colcon_core.package_identification:_identify(src) by extensions ['colcon_pkg']
[0.230s] Level 1:colcon.colcon_core.package_identification:_identify(src) by extension 'colcon_pkg'
[0.230s] Level 1:colcon.colcon_core.package_identification:_identify(src) by extensions ['colcon_meta']
[0.230s] Level 1:colcon.colcon_core.package_identification:_identify(src) by extension 'colcon_meta'
[0.230s] Level 1:colcon.colcon_core.package_identification:_identify(src) by extensions ['ros']
[0.230s] Level 1:colcon.colcon_core.package_identification:_identify(src) by extension 'ros'
[0.230s] Level 1:colcon.colcon_core.package_identification:_identify(src) by extensions ['cmake', 'python']
[0.230s] Level 1:colcon.colcon_core.package_identification:_identify(src) by extension 'cmake'
[0.230s] Level 1:colcon.colcon_core.package_identification:_identify(src) by extension 'python'
[0.230s] Level 1:colcon.colcon_core.package_identification:_identify(src) by extensions ['python_setup_py']
[0.230s] Level 1:colcon.colcon_core.package_identification:_identify(src) by extension 'python_setup_py'
[0.230s] Level 1:colcon.colcon_core.package_identification:_identify(src/g1_arm_joint_control) by extensions ['ignore', 'ignore_ament_install']
[0.230s] Level 1:colcon.colcon_core.package_identification:_identify(src/g1_arm_joint_control) by extension 'ignore'
[0.230s] Level 1:colcon.colcon_core.package_identification:_identify(src/g1_arm_joint_control) by extension 'ignore_ament_install'
[0.230s] Level 1:colcon.colcon_core.package_identification:_identify(src/g1_arm_joint_control) by extensions ['colcon_pkg']
[0.230s] Level 1:colcon.colcon_core.package_identification:_identify(src/g1_arm_joint_control) by extension 'colcon_pkg'
[0.230s] Level 1:colcon.colcon_core.package_identification:_identify(src/g1_arm_joint_control) by extensions ['colcon_meta']
[0.230s] Level 1:colcon.colcon_core.package_identification:_identify(src/g1_arm_joint_control) by extension 'colcon_meta'
[0.230s] Level 1:colcon.colcon_core.package_identification:_identify(src/g1_arm_joint_control) by extensions ['ros']
[0.230s] Level 1:colcon.colcon_core.package_identification:_identify(src/g1_arm_joint_control) by extension 'ros'
[0.232s] DEBUG:colcon.colcon_core.package_identification:Package 'src/g1_arm_joint_control' with type 'ros.ament_python' and name 'g1_arm_joint_control'
[0.232s] Level 1:colcon.colcon_core.package_identification:_identify(src/unitree_hg) by extensions ['ignore', 'ignore_ament_install']
[0.232s] Level 1:colcon.colcon_core.package_identification:_identify(src/unitree_hg) by extension 'ignore'
[0.232s] Level 1:colcon.colcon_core.package_identification:_identify(src/unitree_hg) by extension 'ignore_ament_install'
[0.232s] Level 1:colcon.colcon_core.package_identification:_identify(src/unitree_hg) by extensions ['colcon_pkg']
[0.232s] Level 1:colcon.colcon_core.package_identification:_identify(src/unitree_hg) by extension 'colcon_pkg'
[0.232s] Level 1:colcon.colcon_core.package_identification:_identify(src/unitree_hg) by extensions ['colcon_meta']
[0.232s] Level 1:colcon.colcon_core.package_identification:_identify(src/unitree_hg) by extension 'colcon_meta'
[0.232s] Level 1:colcon.colcon_core.package_identification:_identify(src/unitree_hg) by extensions ['ros']
[0.232s] Level 1:colcon.colcon_core.package_identification:_identify(src/unitree_hg) by extension 'ros'
[0.232s] DEBUG:colcon.colcon_core.package_identification:Package 'src/unitree_hg' with type 'ros.ament_cmake' and name 'unitree_hg'
[0.232s] Level 1:colcon.colcon_core.package_discovery:discover_packages(recursive) using defaults
[0.232s] Level 1:colcon.colcon_core.package_discovery:discover_packages(ignore) discover
[0.232s] Level 1:colcon.colcon_core.package_discovery:discover_packages(ignore) using defaults
[0.232s] Level 1:colcon.colcon_core.package_discovery:discover_packages(path) discover
[0.232s] Level 1:colcon.colcon_core.package_discovery:discover_packages(path) using defaults
[0.246s] Level 1:colcon.colcon_core.package_discovery:discover_packages(prefix_path) check parameters
[0.246s] Level 1:colcon.colcon_core.package_discovery:discover_packages(prefix_path) discover
[0.248s] DEBUG:colcon.colcon_installed_package_information.package_discovery:Found 1 installed packages in /home/yutong/scaledrive.ai/fincantieri/g1_hand_move/install
[0.249s] DEBUG:colcon.colcon_installed_package_information.package_discovery:Found 407 installed packages in /opt/ros/humble
[0.250s] Level 1:colcon.colcon_core.package_discovery:discover_packages(prefix_path) using defaults
[0.277s] Level 5:colcon.colcon_core.verb:set package 'unitree_hg' build argument 'cmake_args' from command line to 'None'
[0.277s] Level 5:colcon.colcon_core.verb:set package 'unitree_hg' build argument 'cmake_target' from command line to 'None'
[0.277s] Level 5:colcon.colcon_core.verb:set package 'unitree_hg' build argument 'cmake_target_skip_unavailable' from command line to 'False'
[0.277s] Level 5:colcon.colcon_core.verb:set package 'unitree_hg' build argument 'cmake_clean_cache' from command line to 'False'
[0.277s] Level 5:colcon.colcon_core.verb:set package 'unitree_hg' build argument 'cmake_clean_first' from command line to 'False'
[0.277s] Level 5:colcon.colcon_core.verb:set package 'unitree_hg' build argument 'cmake_force_configure' from command line to 'False'
[0.277s] Level 5:colcon.colcon_core.verb:set package 'unitree_hg' build argument 'ament_cmake_args' from command line to 'None'
[0.278s] Level 5:colcon.colcon_core.verb:set package 'unitree_hg' build argument 'catkin_cmake_args' from command line to 'None'
[0.278s] Level 5:colcon.colcon_core.verb:set package 'unitree_hg' build argument 'catkin_skip_building_tests' from command line to 'False'
[0.278s] DEBUG:colcon.colcon_core.verb:Building package 'unitree_hg' with the following arguments: {'ament_cmake_args': None, 'build_base': '/home/yutong/scaledrive.ai/fincantieri/g1_hand_move/build/unitree_hg', 'catkin_cmake_args': None, 'catkin_skip_building_tests': False, 'cmake_args': None, 'cmake_clean_cache': False, 'cmake_clean_first': False, 'cmake_force_configure': False, 'cmake_target': None, 'cmake_target_skip_unavailable': False, 'install_base': '/home/yutong/scaledrive.ai/fincantieri/g1_hand_move/install/unitree_hg', 'merge_install': False, 'path': '/home/yutong/scaledrive.ai/fincantieri/g1_hand_move/src/unitree_hg', 'symlink_install': True, 'test_result_base': None}
[0.278s] Level 5:colcon.colcon_core.verb:set package 'g1_arm_joint_control' build argument 'cmake_args' from command line to 'None'
[0.278s] Level 5:colcon.colcon_core.verb:set package 'g1_arm_joint_control' build argument 'cmake_target' from command line to 'None'
[0.278s] Level 5:colcon.colcon_core.verb:set package 'g1_arm_joint_control' build argument 'cmake_target_skip_unavailable' from command line to 'False'
[0.278s] Level 5:colcon.colcon_core.verb:set package 'g1_arm_joint_control' build argument 'cmake_clean_cache' from command line to 'False'
[0.278s] Level 5:colcon.colcon_core.verb:set package 'g1_arm_joint_control' build argument 'cmake_clean_first' from command line to 'False'
[0.278s] Level 5:colcon.colcon_core.verb:set package 'g1_arm_joint_control' build argument 'cmake_force_configure' from command line to 'False'
[0.278s] Level 5:colcon.colcon_core.verb:set package 'g1_arm_joint_control' build argument 'ament_cmake_args' from command line to 'None'
[0.278s] Level 5:colcon.colcon_core.verb:set package 'g1_arm_joint_control' build argument 'catkin_cmake_args' from command line to 'None'
[0.278s] Level 5:colcon.colcon_core.verb:set package 'g1_arm_joint_control' build argument 'catkin_skip_building_tests' from command line to 'False'
[0.278s] DEBUG:colcon.colcon_core.verb:Building package 'g1_arm_joint_control' with the following arguments: {'ament_cmake_args': None, 'build_base': '/home/yutong/scaledrive.ai/fincantieri/g1_hand_move/build/g1_arm_joint_control', 'catkin_cmake_args': None, 'catkin_skip_building_tests': False, 'cmake_args': None, 'cmake_clean_cache': False, 'cmake_clean_first': False, 'cmake_force_configure': False, 'cmake_target': None, 'cmake_target_skip_unavailable': False, 'install_base': '/home/yutong/scaledrive.ai/fincantieri/g1_hand_move/install/g1_arm_joint_control', 'merge_install': False, 'path': '/home/yutong/scaledrive.ai/fincantieri/g1_hand_move/src/g1_arm_joint_control', 'symlink_install': True, 'test_result_base': None}
[0.278s] INFO:colcon.colcon_core.executor:Executing jobs using 'parallel' executor
[0.279s] DEBUG:colcon.colcon_parallel_executor.executor.parallel:run_until_complete
[0.279s] INFO:colcon.colcon_ros.task.ament_cmake.build:Building ROS package in '/home/yutong/scaledrive.ai/fincantieri/g1_hand_move/src/unitree_hg' with build type 'ament_cmake'
[0.279s] INFO:colcon.colcon_cmake.task.cmake.build:Building CMake package in '/home/yutong/scaledrive.ai/fincantieri/g1_hand_move/src/unitree_hg'
[0.282s] INFO:colcon.colcon_core.plugin_system:Skipping extension 'colcon_core.shell.bat': Not used on non-Windows systems
[0.282s] INFO:colcon.colcon_core.shell:Skip shell extension 'powershell' for command environment: Not usable outside of PowerShell
[0.282s] DEBUG:colcon.colcon_core.shell:Skip shell extension 'dsv' for command environment
[0.288s] DEBUG:colcon.colcon_core.event_handler.log_command:Invoking command in '/home/yutong/scaledrive.ai/fincantieri/g1_hand_move/build/unitree_hg': CMAKE_PREFIX_PATH=/home/yutong/scaledrive.ai/fincantieri/g1_hand_move/install/g1_arm_joint_control:/opt/ros/humble /usr/bin/cmake /home/yutong/scaledrive.ai/fincantieri/g1_hand_move/src/unitree_hg -DAMENT_CMAKE_SYMLINK_INSTALL=1 -DCMAKE_INSTALL_PREFIX=/home/yutong/scaledrive.ai/fincantieri/g1_hand_move/install/unitree_hg
[2.183s] DEBUG:colcon.colcon_core.event_handler.log_command:Invoked command in '/home/yutong/scaledrive.ai/fincantieri/g1_hand_move/build/unitree_hg' returned '0': CMAKE_PREFIX_PATH=/home/yutong/scaledrive.ai/fincantieri/g1_hand_move/install/g1_arm_joint_control:/opt/ros/humble /usr/bin/cmake /home/yutong/scaledrive.ai/fincantieri/g1_hand_move/src/unitree_hg -DAMENT_CMAKE_SYMLINK_INSTALL=1 -DCMAKE_INSTALL_PREFIX=/home/yutong/scaledrive.ai/fincantieri/g1_hand_move/install/unitree_hg
[2.185s] DEBUG:colcon.colcon_core.event_handler.log_command:Invoking command in '/home/yutong/scaledrive.ai/fincantieri/g1_hand_move/build/unitree_hg': CMAKE_PREFIX_PATH=/home/yutong/scaledrive.ai/fincantieri/g1_hand_move/install/g1_arm_joint_control:/opt/ros/humble /usr/bin/cmake --build /home/yutong/scaledrive.ai/fincantieri/g1_hand_move/build/unitree_hg -- -j16 -l16
[6.091s] DEBUG:colcon.colcon_core.event_handler.log_command:Invoked command in '/home/yutong/scaledrive.ai/fincantieri/g1_hand_move/build/unitree_hg' returned '0': CMAKE_PREFIX_PATH=/home/yutong/scaledrive.ai/fincantieri/g1_hand_move/install/g1_arm_joint_control:/opt/ros/humble /usr/bin/cmake --build /home/yutong/scaledrive.ai/fincantieri/g1_hand_move/build/unitree_hg -- -j16 -l16
[6.104s] DEBUG:colcon.colcon_core.event_handler.log_command:Invoking command in '/home/yutong/scaledrive.ai/fincantieri/g1_hand_move/build/unitree_hg': CMAKE_PREFIX_PATH=/home/yutong/scaledrive.ai/fincantieri/g1_hand_move/install/g1_arm_joint_control:/opt/ros/humble /usr/bin/cmake --install /home/yutong/scaledrive.ai/fincantieri/g1_hand_move/build/unitree_hg
[8.305s] Level 1:colcon.colcon_core.environment:create_environment_scripts_only(unitree_hg)
[8.306s] DEBUG:colcon.colcon_core.event_handler.log_command:Invoked command in '/home/yutong/scaledrive.ai/fincantieri/g1_hand_move/build/unitree_hg' returned '0': CMAKE_PREFIX_PATH=/home/yutong/scaledrive.ai/fincantieri/g1_hand_move/install/g1_arm_joint_control:/opt/ros/humble /usr/bin/cmake --install /home/yutong/scaledrive.ai/fincantieri/g1_hand_move/build/unitree_hg
[8.309s] Level 1:colcon.colcon_core.environment:checking '/home/yutong/scaledrive.ai/fincantieri/g1_hand_move/install/unitree_hg' for CMake module files
[8.310s] Level 1:colcon.colcon_core.environment:checking '/home/yutong/scaledrive.ai/fincantieri/g1_hand_move/install/unitree_hg' for CMake config files
[8.311s] Level 1:colcon.colcon_core.shell:create_environment_hook('unitree_hg', 'cmake_prefix_path')
[8.311s] INFO:colcon.colcon_core.shell:Creating environment hook '/home/yutong/scaledrive.ai/fincantieri/g1_hand_move/install/unitree_hg/share/unitree_hg/hook/cmake_prefix_path.ps1'
[8.312s] INFO:colcon.colcon_core.shell:Creating environment descriptor '/home/yutong/scaledrive.ai/fincantieri/g1_hand_move/install/unitree_hg/share/unitree_hg/hook/cmake_prefix_path.dsv'
[8.312s] INFO:colcon.colcon_core.shell:Creating environment hook '/home/yutong/scaledrive.ai/fincantieri/g1_hand_move/install/unitree_hg/share/unitree_hg/hook/cmake_prefix_path.sh'
[8.313s] Level 1:colcon.colcon_core.environment:checking '/home/yutong/scaledrive.ai/fincantieri/g1_hand_move/install/unitree_hg/lib'
[8.313s] Level 1:colcon.colcon_core.shell:create_environment_hook('unitree_hg', 'ld_library_path_lib')
[8.314s] INFO:colcon.colcon_core.shell:Creating environment hook '/home/yutong/scaledrive.ai/fincantieri/g1_hand_move/install/unitree_hg/share/unitree_hg/hook/ld_library_path_lib.ps1'
[8.314s] INFO:colcon.colcon_core.shell:Creating environment descriptor '/home/yutong/scaledrive.ai/fincantieri/g1_hand_move/install/unitree_hg/share/unitree_hg/hook/ld_library_path_lib.dsv'
[8.314s] INFO:colcon.colcon_core.shell:Creating environment hook '/home/yutong/scaledrive.ai/fincantieri/g1_hand_move/install/unitree_hg/share/unitree_hg/hook/ld_library_path_lib.sh'
[8.315s] Level 1:colcon.colcon_core.environment:checking '/home/yutong/scaledrive.ai/fincantieri/g1_hand_move/install/unitree_hg/bin'
[8.315s] Level 1:colcon.colcon_core.environment:checking '/home/yutong/scaledrive.ai/fincantieri/g1_hand_move/install/unitree_hg/lib/pkgconfig/unitree_hg.pc'
[8.315s] Level 1:colcon.colcon_core.environment:checking '/home/yutong/scaledrive.ai/fincantieri/g1_hand_move/install/unitree_hg/lib/python3.10/site-packages'
[8.315s] Level 1:colcon.colcon_core.environment:checking '/home/yutong/scaledrive.ai/fincantieri/g1_hand_move/install/unitree_hg/bin'
[8.316s] INFO:colcon.colcon_core.shell:Creating package script '/home/yutong/scaledrive.ai/fincantieri/g1_hand_move/install/unitree_hg/share/unitree_hg/package.ps1'
[8.316s] INFO:colcon.colcon_core.shell:Creating package descriptor '/home/yutong/scaledrive.ai/fincantieri/g1_hand_move/install/unitree_hg/share/unitree_hg/package.dsv'
[8.317s] INFO:colcon.colcon_core.shell:Creating package script '/home/yutong/scaledrive.ai/fincantieri/g1_hand_move/install/unitree_hg/share/unitree_hg/package.sh'
[8.317s] INFO:colcon.colcon_core.shell:Creating package script '/home/yutong/scaledrive.ai/fincantieri/g1_hand_move/install/unitree_hg/share/unitree_hg/package.bash'
[8.317s] INFO:colcon.colcon_core.shell:Creating package script '/home/yutong/scaledrive.ai/fincantieri/g1_hand_move/install/unitree_hg/share/unitree_hg/package.zsh'
[8.318s] Level 1:colcon.colcon_core.environment:create_file_with_runtime_dependencies(/home/yutong/scaledrive.ai/fincantieri/g1_hand_move/install/unitree_hg/share/colcon-core/packages/unitree_hg)
[8.318s] Level 1:colcon.colcon_core.environment:create_environment_scripts_only(unitree_hg)
[8.319s] Level 1:colcon.colcon_core.environment:checking '/home/yutong/scaledrive.ai/fincantieri/g1_hand_move/install/unitree_hg' for CMake module files
[8.319s] Level 1:colcon.colcon_core.environment:checking '/home/yutong/scaledrive.ai/fincantieri/g1_hand_move/install/unitree_hg' for CMake config files
[8.319s] Level 1:colcon.colcon_core.shell:create_environment_hook('unitree_hg', 'cmake_prefix_path')
[8.320s] INFO:colcon.colcon_core.shell:Creating environment hook '/home/yutong/scaledrive.ai/fincantieri/g1_hand_move/install/unitree_hg/share/unitree_hg/hook/cmake_prefix_path.ps1'
[8.320s] INFO:colcon.colcon_core.shell:Creating environment descriptor '/home/yutong/scaledrive.ai/fincantieri/g1_hand_move/install/unitree_hg/share/unitree_hg/hook/cmake_prefix_path.dsv'
[8.320s] INFO:colcon.colcon_core.shell:Creating environment hook '/home/yutong/scaledrive.ai/fincantieri/g1_hand_move/install/unitree_hg/share/unitree_hg/hook/cmake_prefix_path.sh'
[8.321s] Level 1:colcon.colcon_core.environment:checking '/home/yutong/scaledrive.ai/fincantieri/g1_hand_move/install/unitree_hg/lib'
[8.321s] Level 1:colcon.colcon_core.shell:create_environment_hook('unitree_hg', 'ld_library_path_lib')
[8.321s] INFO:colcon.colcon_core.shell:Creating environment hook '/home/yutong/scaledrive.ai/fincantieri/g1_hand_move/install/unitree_hg/share/unitree_hg/hook/ld_library_path_lib.ps1'
[8.321s] INFO:colcon.colcon_core.shell:Creating environment descriptor '/home/yutong/scaledrive.ai/fincantieri/g1_hand_move/install/unitree_hg/share/unitree_hg/hook/ld_library_path_lib.dsv'
[8.322s] INFO:colcon.colcon_core.shell:Creating environment hook '/home/yutong/scaledrive.ai/fincantieri/g1_hand_move/install/unitree_hg/share/unitree_hg/hook/ld_library_path_lib.sh'
[8.322s] Level 1:colcon.colcon_core.environment:checking '/home/yutong/scaledrive.ai/fincantieri/g1_hand_move/install/unitree_hg/bin'
[8.322s] Level 1:colcon.colcon_core.environment:checking '/home/yutong/scaledrive.ai/fincantieri/g1_hand_move/install/unitree_hg/lib/pkgconfig/unitree_hg.pc'
[8.322s] Level 1:colcon.colcon_core.environment:checking '/home/yutong/scaledrive.ai/fincantieri/g1_hand_move/install/unitree_hg/lib/python3.10/site-packages'
[8.323s] Level 1:colcon.colcon_core.environment:checking '/home/yutong/scaledrive.ai/fincantieri/g1_hand_move/install/unitree_hg/bin'
[8.323s] INFO:colcon.colcon_core.shell:Creating package script '/home/yutong/scaledrive.ai/fincantieri/g1_hand_move/install/unitree_hg/share/unitree_hg/package.ps1'
[8.324s] INFO:colcon.colcon_core.shell:Creating package descriptor '/home/yutong/scaledrive.ai/fincantieri/g1_hand_move/install/unitree_hg/share/unitree_hg/package.dsv'
[8.324s] INFO:colcon.colcon_core.shell:Creating package script '/home/yutong/scaledrive.ai/fincantieri/g1_hand_move/install/unitree_hg/share/unitree_hg/package.sh'
[8.325s] INFO:colcon.colcon_core.shell:Creating package script '/home/yutong/scaledrive.ai/fincantieri/g1_hand_move/install/unitree_hg/share/unitree_hg/package.bash'
[8.325s] INFO:colcon.colcon_core.shell:Creating package script '/home/yutong/scaledrive.ai/fincantieri/g1_hand_move/install/unitree_hg/share/unitree_hg/package.zsh'
[8.326s] Level 1:colcon.colcon_core.environment:create_file_with_runtime_dependencies(/home/yutong/scaledrive.ai/fincantieri/g1_hand_move/install/unitree_hg/share/colcon-core/packages/unitree_hg)
[8.326s] INFO:colcon.colcon_ros.task.ament_python.build:Building ROS package in '/home/yutong/scaledrive.ai/fincantieri/g1_hand_move/src/g1_arm_joint_control' with build type 'ament_python'
[8.326s] Level 1:colcon.colcon_core.shell:create_environment_hook('g1_arm_joint_control', 'ament_prefix_path')
[8.326s] INFO:colcon.colcon_core.shell:Creating environment hook '/home/yutong/scaledrive.ai/fincantieri/g1_hand_move/install/g1_arm_joint_control/share/g1_arm_joint_control/hook/ament_prefix_path.ps1'
[8.327s] INFO:colcon.colcon_core.shell:Creating environment descriptor '/home/yutong/scaledrive.ai/fincantieri/g1_hand_move/install/g1_arm_joint_control/share/g1_arm_joint_control/hook/ament_prefix_path.dsv'
[8.327s] INFO:colcon.colcon_core.shell:Creating environment hook '/home/yutong/scaledrive.ai/fincantieri/g1_hand_move/install/g1_arm_joint_control/share/g1_arm_joint_control/hook/ament_prefix_path.sh'
[8.328s] INFO:colcon.colcon_core.shell:Skip shell extension 'powershell' for command environment: Not usable outside of PowerShell
[8.328s] DEBUG:colcon.colcon_core.shell:Skip shell extension 'dsv' for command environment
[8.523s] INFO:colcon.colcon_core.task.python.build:Building Python package in '/home/yutong/scaledrive.ai/fincantieri/g1_hand_move/src/g1_arm_joint_control'
[8.523s] INFO:colcon.colcon_core.shell:Skip shell extension 'powershell' for command environment: Not usable outside of PowerShell
[8.523s] DEBUG:colcon.colcon_core.shell:Skip shell extension 'dsv' for command environment
[8.768s] DEBUG:colcon.colcon_core.task.python.build:While undoing a previous installation files outside the Python library path are being ignored: /home/yutong/scaledrive.ai/fincantieri/g1_hand_move/install/g1_arm_joint_control/share/ament_index/resource_index/packages/g1_arm_joint_control
[8.768s] DEBUG:colcon.colcon_core.task.python.build:While undoing a previous installation files outside the Python library path are being ignored: /home/yutong/scaledrive.ai/fincantieri/g1_hand_move/install/g1_arm_joint_control/share/g1_arm_joint_control/package.xml
[8.768s] DEBUG:colcon.colcon_core.task.python.build:While undoing a previous installation files outside the Python library path are being ignored: /home/yutong/scaledrive.ai/fincantieri/g1_hand_move/install/g1_arm_joint_control/share/g1_arm_joint_control/launch/arm_control.launch.py
[8.768s] DEBUG:colcon.colcon_core.task.python.build:While undoing a previous installation files outside the Python library path are being ignored: /home/yutong/scaledrive.ai/fincantieri/g1_hand_move/install/g1_arm_joint_control/share/g1_arm_joint_control/config/arm_control.yaml
[8.769s] DEBUG:colcon.colcon_core.task.python.build:While undoing a previous installation files outside the Python library path are being ignored: /home/yutong/scaledrive.ai/fincantieri/g1_hand_move/install/g1_arm_joint_control/lib/g1_arm_joint_control/arm_joint_controller
[8.769s] DEBUG:colcon.colcon_core.task.python.build:While undoing a previous installation files outside the Python library path are being ignored: /home/yutong/scaledrive.ai/fincantieri/g1_hand_move/install/g1_arm_joint_control/lib/g1_arm_joint_control/arm_pose_sender
[8.770s] DEBUG:colcon.colcon_core.event_handler.log_command:Invoking command in '/home/yutong/scaledrive.ai/fincantieri/g1_hand_move/build/g1_arm_joint_control': AMENT_PREFIX_PATH=/home/yutong/scaledrive.ai/fincantieri/g1_hand_move/install/unitree_hg:${AMENT_PREFIX_PATH} CMAKE_PREFIX_PATH=/home/yutong/scaledrive.ai/fincantieri/g1_hand_move/install/unitree_hg LD_LIBRARY_PATH=/home/yutong/scaledrive.ai/fincantieri/g1_hand_move/install/unitree_hg/lib:${LD_LIBRARY_PATH} PYTHONPATH=/home/yutong/scaledrive.ai/fincantieri/g1_hand_move/build/g1_arm_joint_control/prefix_override:/usr/lib/python3/dist-packages/colcon_core/task/python/colcon_distutils_commands:/home/yutong/scaledrive.ai/fincantieri/g1_hand_move/install/g1_arm_joint_control/lib/python3.10/site-packages:/home/yutong/scaledrive.ai/fincantieri/g1_hand_move/install/unitree_hg/local/lib/python3.10/dist-packages:${PYTHONPATH} /usr/bin/python3 -W ignore:setup.py install is deprecated -W ignore:easy_install command is deprecated setup.py develop --editable --build-directory /home/yutong/scaledrive.ai/fincantieri/g1_hand_move/build/g1_arm_joint_control/build --no-deps symlink_data --force
[9.103s] Level 1:colcon.colcon_core.shell:create_environment_hook('g1_arm_joint_control', 'pythonpath_develop')
[9.103s] INFO:colcon.colcon_core.shell:Creating environment hook '/home/yutong/scaledrive.ai/fincantieri/g1_hand_move/build/g1_arm_joint_control/share/g1_arm_joint_control/hook/pythonpath_develop.ps1'
[9.104s] DEBUG:colcon.colcon_core.event_handler.log_command:Invoked command in '/home/yutong/scaledrive.ai/fincantieri/g1_hand_move/build/g1_arm_joint_control' returned '0': AMENT_PREFIX_PATH=/home/yutong/scaledrive.ai/fincantieri/g1_hand_move/install/unitree_hg:${AMENT_PREFIX_PATH} CMAKE_PREFIX_PATH=/home/yutong/scaledrive.ai/fincantieri/g1_hand_move/install/unitree_hg LD_LIBRARY_PATH=/home/yutong/scaledrive.ai/fincantieri/g1_hand_move/install/unitree_hg/lib:${LD_LIBRARY_PATH} PYTHONPATH=/home/yutong/scaledrive.ai/fincantieri/g1_hand_move/build/g1_arm_joint_control/prefix_override:/usr/lib/python3/dist-packages/colcon_core/task/python/colcon_distutils_commands:/home/yutong/scaledrive.ai/fincantieri/g1_hand_move/install/g1_arm_joint_control/lib/python3.10/site-packages:/home/yutong/scaledrive.ai/fincantieri/g1_hand_move/install/unitree_hg/local/lib/python3.10/dist-packages:${PYTHONPATH} /usr/bin/python3 -W ignore:setup.py install is deprecated -W ignore:easy_install command is deprecated setup.py develop --editable --build-directory /home/yutong/scaledrive.ai/fincantieri/g1_hand_move/build/g1_arm_joint_control/build --no-deps symlink_data --force
[9.104s] INFO:colcon.colcon_core.shell:Creating environment descriptor '/home/yutong/scaledrive.ai/fincantieri/g1_hand_move/build/g1_arm_joint_control/share/g1_arm_joint_control/hook/pythonpath_develop.dsv'
[9.105s] INFO:colcon.colcon_core.shell:Creating environment hook '/home/yutong/scaledrive.ai/fincantieri/g1_hand_move/build/g1_arm_joint_control/share/g1_arm_joint_control/hook/pythonpath_develop.sh'
[9.105s] Level 1:colcon.colcon_core.environment:checking '/home/yutong/scaledrive.ai/fincantieri/g1_hand_move/install/g1_arm_joint_control' for CMake module files
[9.106s] Level 1:colcon.colcon_core.environment:checking '/home/yutong/scaledrive.ai/fincantieri/g1_hand_move/install/g1_arm_joint_control' for CMake config files
[9.106s] Level 1:colcon.colcon_core.environment:checking '/home/yutong/scaledrive.ai/fincantieri/g1_hand_move/install/g1_arm_joint_control/lib'
[9.107s] Level 1:colcon.colcon_core.environment:checking '/home/yutong/scaledrive.ai/fincantieri/g1_hand_move/install/g1_arm_joint_control/bin'
[9.107s] Level 1:colcon.colcon_core.environment:checking '/home/yutong/scaledrive.ai/fincantieri/g1_hand_move/install/g1_arm_joint_control/lib/pkgconfig/g1_arm_joint_control.pc'
[9.107s] Level 1:colcon.colcon_core.environment:checking '/home/yutong/scaledrive.ai/fincantieri/g1_hand_move/install/g1_arm_joint_control/lib/python3.10/site-packages'
[9.107s] Level 1:colcon.colcon_core.shell:create_environment_hook('g1_arm_joint_control', 'pythonpath')
[9.107s] INFO:colcon.colcon_core.shell:Creating environment hook '/home/yutong/scaledrive.ai/fincantieri/g1_hand_move/install/g1_arm_joint_control/share/g1_arm_joint_control/hook/pythonpath.ps1'
[9.108s] INFO:colcon.colcon_core.shell:Creating environment descriptor '/home/yutong/scaledrive.ai/fincantieri/g1_hand_move/install/g1_arm_joint_control/share/g1_arm_joint_control/hook/pythonpath.dsv'
[9.108s] INFO:colcon.colcon_core.shell:Creating environment hook '/home/yutong/scaledrive.ai/fincantieri/g1_hand_move/install/g1_arm_joint_control/share/g1_arm_joint_control/hook/pythonpath.sh'
[9.109s] Level 1:colcon.colcon_core.environment:checking '/home/yutong/scaledrive.ai/fincantieri/g1_hand_move/install/g1_arm_joint_control/bin'
[9.109s] Level 1:colcon.colcon_core.environment:create_environment_scripts_only(g1_arm_joint_control)
[9.109s] INFO:colcon.colcon_core.shell:Creating package script '/home/yutong/scaledrive.ai/fincantieri/g1_hand_move/install/g1_arm_joint_control/share/g1_arm_joint_control/package.ps1'
[9.110s] INFO:colcon.colcon_core.shell:Creating package descriptor '/home/yutong/scaledrive.ai/fincantieri/g1_hand_move/install/g1_arm_joint_control/share/g1_arm_joint_control/package.dsv'
[9.111s] INFO:colcon.colcon_core.shell:Creating package script '/home/yutong/scaledrive.ai/fincantieri/g1_hand_move/install/g1_arm_joint_control/share/g1_arm_joint_control/package.sh'
[9.111s] INFO:colcon.colcon_core.shell:Creating package script '/home/yutong/scaledrive.ai/fincantieri/g1_hand_move/install/g1_arm_joint_control/share/g1_arm_joint_control/package.bash'
[9.112s] INFO:colcon.colcon_core.shell:Creating package script '/home/yutong/scaledrive.ai/fincantieri/g1_hand_move/install/g1_arm_joint_control/share/g1_arm_joint_control/package.zsh'
[9.112s] Level 1:colcon.colcon_core.environment:create_file_with_runtime_dependencies(/home/yutong/scaledrive.ai/fincantieri/g1_hand_move/install/g1_arm_joint_control/share/colcon-core/packages/g1_arm_joint_control)
[9.112s] DEBUG:colcon.colcon_parallel_executor.executor.parallel:closing loop
[9.113s] DEBUG:colcon.colcon_parallel_executor.executor.parallel:loop closed
[9.113s] DEBUG:colcon.colcon_parallel_executor.executor.parallel:run_until_complete finished with '0'
[9.113s] DEBUG:colcon.colcon_core.event_reactor:joining thread
[9.116s] INFO:colcon.colcon_core.plugin_system:Skipping extension 'colcon_notification.desktop_notification.terminal_notifier': Not used on non-Darwin systems
[9.116s] INFO:colcon.colcon_core.plugin_system:Skipping extension 'colcon_notification.desktop_notification.win32': Not used on non-Windows systems
[9.116s] INFO:colcon.colcon_notification.desktop_notification:Sending desktop notification using 'notify2'
[9.130s] DEBUG:colcon.colcon_core.event_reactor:joined thread
[9.130s] INFO:colcon.colcon_core.shell:Creating prefix script '/home/yutong/scaledrive.ai/fincantieri/g1_hand_move/install/local_setup.ps1'
[9.132s] INFO:colcon.colcon_core.shell:Creating prefix util module '/home/yutong/scaledrive.ai/fincantieri/g1_hand_move/install/_local_setup_util_ps1.py'
[9.133s] INFO:colcon.colcon_core.shell:Creating prefix chain script '/home/yutong/scaledrive.ai/fincantieri/g1_hand_move/install/setup.ps1'
[9.134s] INFO:colcon.colcon_core.shell:Creating prefix script '/home/yutong/scaledrive.ai/fincantieri/g1_hand_move/install/local_setup.sh'
[9.135s] INFO:colcon.colcon_core.shell:Creating prefix util module '/home/yutong/scaledrive.ai/fincantieri/g1_hand_move/install/_local_setup_util_sh.py'
[9.135s] INFO:colcon.colcon_core.shell:Creating prefix chain script '/home/yutong/scaledrive.ai/fincantieri/g1_hand_move/install/setup.sh'
[9.136s] INFO:colcon.colcon_core.shell:Creating prefix script '/home/yutong/scaledrive.ai/fincantieri/g1_hand_move/install/local_setup.bash'
[9.136s] INFO:colcon.colcon_core.shell:Creating prefix chain script '/home/yutong/scaledrive.ai/fincantieri/g1_hand_move/install/setup.bash'
[9.137s] INFO:colcon.colcon_core.shell:Creating prefix script '/home/yutong/scaledrive.ai/fincantieri/g1_hand_move/install/local_setup.zsh'
[9.138s] INFO:colcon.colcon_core.shell:Creating prefix chain script '/home/yutong/scaledrive.ai/fincantieri/g1_hand_move/install/setup.zsh'
