[ 12%] Built target unitree_hg__rosidl_generator_c
[ 12%] Built target unitree_hg__cpp
[ 12%] Built target ament_cmake_python_symlink_unitree_hg
[ 24%] Built target unitree_hg__rosidl_typesupport_introspection_cpp
[ 36%] Built target unitree_hg__rosidl_typesupport_c
[ 48%] Built target unitree_hg__rosidl_typesupport_introspection_c
[ 59%] Built target unitree_hg__rosidl_typesupport_fastrtps_cpp
[ 71%] Built target unitree_hg__rosidl_typesupport_cpp
[ 83%] Built target unitree_hg__rosidl_typesupport_fastrtps_c
[ 83%] Built target unitree_hg
[ 84%] Built target unitree_hg__py
[ 95%] Built target unitree_hg__rosidl_generator_py
[ 98%] Built target unitree_hg__rosidl_typesupport_c__pyext
[ 98%] Built target unitree_hg__rosidl_typesupport_fastrtps_c__pyext
[100%] Built target unitree_hg__rosidl_typesupport_introspection_c__pyext
running egg_info
writing unitree_hg.egg-info/PKG-INFO
writing dependency_links to unitree_hg.egg-info/dependency_links.txt
writing top-level names to unitree_hg.egg-info/top_level.txt
reading manifest file 'unitree_hg.egg-info/SOURCES.txt'
writing manifest file 'unitree_hg.egg-info/SOURCES.txt'
[100%] Built target ament_cmake_python_build_unitree_hg_egg
-- Install configuration: ""
-- Execute custom install script
-- Up-to-date symlink: /home/yutong/scaledrive.ai/fincantieri/g1_hand_move/install/unitree_hg/share/ament_index/resource_index/rosidl_interfaces/unitree_hg
-- Up-to-date symlink: /home/yutong/scaledrive.ai/fincantieri/g1_hand_move/install/unitree_hg/include/unitree_hg/unitree_hg/msg/bms_cmd.h
-- Up-to-date symlink: /home/yutong/scaledrive.ai/fincantieri/g1_hand_move/install/unitree_hg/include/unitree_hg/unitree_hg/msg/bms_state.h
-- Up-to-date symlink: /home/yutong/scaledrive.ai/fincantieri/g1_hand_move/install/unitree_hg/include/unitree_hg/unitree_hg/msg/detail/bms_cmd__functions.h
-- Up-to-date symlink: /home/yutong/scaledrive.ai/fincantieri/g1_hand_move/install/unitree_hg/include/unitree_hg/unitree_hg/msg/detail/bms_cmd__struct.h
-- Up-to-date symlink: /home/yutong/scaledrive.ai/fincantieri/g1_hand_move/install/unitree_hg/include/unitree_hg/unitree_hg/msg/detail/bms_cmd__type_support.h
-- Up-to-date symlink: /home/yutong/scaledrive.ai/fincantieri/g1_hand_move/install/unitree_hg/include/unitree_hg/unitree_hg/msg/detail/bms_state__functions.h
-- Up-to-date symlink: /home/yutong/scaledrive.ai/fincantieri/g1_hand_move/install/unitree_hg/include/unitree_hg/unitree_hg/msg/detail/bms_state__struct.h
-- Up-to-date symlink: /home/yutong/scaledrive.ai/fincantieri/g1_hand_move/install/unitree_hg/include/unitree_hg/unitree_hg/msg/detail/bms_state__type_support.h
-- Up-to-date symlink: /home/yutong/scaledrive.ai/fincantieri/g1_hand_move/install/unitree_hg/include/unitree_hg/unitree_hg/msg/detail/hand_cmd__functions.h
-- Up-to-date symlink: /home/yutong/scaledrive.ai/fincantieri/g1_hand_move/install/unitree_hg/include/unitree_hg/unitree_hg/msg/detail/hand_cmd__struct.h
-- Up-to-date symlink: /home/yutong/scaledrive.ai/fincantieri/g1_hand_move/install/unitree_hg/include/unitree_hg/unitree_hg/msg/detail/hand_cmd__type_support.h
-- Up-to-date symlink: /home/yutong/scaledrive.ai/fincantieri/g1_hand_move/install/unitree_hg/include/unitree_hg/unitree_hg/msg/detail/hand_state__functions.h
-- Up-to-date symlink: /home/yutong/scaledrive.ai/fincantieri/g1_hand_move/install/unitree_hg/include/unitree_hg/unitree_hg/msg/detail/hand_state__struct.h
-- Up-to-date symlink: /home/yutong/scaledrive.ai/fincantieri/g1_hand_move/install/unitree_hg/include/unitree_hg/unitree_hg/msg/detail/hand_state__type_support.h
-- Up-to-date symlink: /home/yutong/scaledrive.ai/fincantieri/g1_hand_move/install/unitree_hg/include/unitree_hg/unitree_hg/msg/detail/imu_state__functions.h
-- Up-to-date symlink: /home/yutong/scaledrive.ai/fincantieri/g1_hand_move/install/unitree_hg/include/unitree_hg/unitree_hg/msg/detail/imu_state__struct.h
-- Up-to-date symlink: /home/yutong/scaledrive.ai/fincantieri/g1_hand_move/install/unitree_hg/include/unitree_hg/unitree_hg/msg/detail/imu_state__type_support.h
-- Up-to-date symlink: /home/yutong/scaledrive.ai/fincantieri/g1_hand_move/install/unitree_hg/include/unitree_hg/unitree_hg/msg/detail/low_cmd__functions.h
-- Up-to-date symlink: /home/yutong/scaledrive.ai/fincantieri/g1_hand_move/install/unitree_hg/include/unitree_hg/unitree_hg/msg/detail/low_cmd__struct.h
-- Up-to-date symlink: /home/yutong/scaledrive.ai/fincantieri/g1_hand_move/install/unitree_hg/include/unitree_hg/unitree_hg/msg/detail/low_cmd__type_support.h
-- Up-to-date symlink: /home/yutong/scaledrive.ai/fincantieri/g1_hand_move/install/unitree_hg/include/unitree_hg/unitree_hg/msg/detail/low_state__functions.h
-- Up-to-date symlink: /home/yutong/scaledrive.ai/fincantieri/g1_hand_move/install/unitree_hg/include/unitree_hg/unitree_hg/msg/detail/low_state__struct.h
-- Up-to-date symlink: /home/yutong/scaledrive.ai/fincantieri/g1_hand_move/install/unitree_hg/include/unitree_hg/unitree_hg/msg/detail/low_state__type_support.h
-- Up-to-date symlink: /home/yutong/scaledrive.ai/fincantieri/g1_hand_move/install/unitree_hg/include/unitree_hg/unitree_hg/msg/detail/main_board_state__functions.h
-- Up-to-date symlink: /home/yutong/scaledrive.ai/fincantieri/g1_hand_move/install/unitree_hg/include/unitree_hg/unitree_hg/msg/detail/main_board_state__struct.h
-- Up-to-date symlink: /home/yutong/scaledrive.ai/fincantieri/g1_hand_move/install/unitree_hg/include/unitree_hg/unitree_hg/msg/detail/main_board_state__type_support.h
-- Up-to-date symlink: /home/yutong/scaledrive.ai/fincantieri/g1_hand_move/install/unitree_hg/include/unitree_hg/unitree_hg/msg/detail/motor_cmd__functions.h
-- Up-to-date symlink: /home/yutong/scaledrive.ai/fincantieri/g1_hand_move/install/unitree_hg/include/unitree_hg/unitree_hg/msg/detail/motor_cmd__struct.h
-- Up-to-date symlink: /home/yutong/scaledrive.ai/fincantieri/g1_hand_move/install/unitree_hg/include/unitree_hg/unitree_hg/msg/detail/motor_cmd__type_support.h
-- Up-to-date symlink: /home/yutong/scaledrive.ai/fincantieri/g1_hand_move/install/unitree_hg/include/unitree_hg/unitree_hg/msg/detail/motor_state__functions.h
-- Up-to-date symlink: /home/yutong/scaledrive.ai/fincantieri/g1_hand_move/install/unitree_hg/include/unitree_hg/unitree_hg/msg/detail/motor_state__struct.h
-- Up-to-date symlink: /home/yutong/scaledrive.ai/fincantieri/g1_hand_move/install/unitree_hg/include/unitree_hg/unitree_hg/msg/detail/motor_state__type_support.h
-- Up-to-date symlink: /home/yutong/scaledrive.ai/fincantieri/g1_hand_move/install/unitree_hg/include/unitree_hg/unitree_hg/msg/detail/press_sensor_state__functions.h
-- Up-to-date symlink: /home/yutong/scaledrive.ai/fincantieri/g1_hand_move/install/unitree_hg/include/unitree_hg/unitree_hg/msg/detail/press_sensor_state__struct.h
-- Up-to-date symlink: /home/yutong/scaledrive.ai/fincantieri/g1_hand_move/install/unitree_hg/include/unitree_hg/unitree_hg/msg/detail/press_sensor_state__type_support.h
-- Up-to-date symlink: /home/yutong/scaledrive.ai/fincantieri/g1_hand_move/install/unitree_hg/include/unitree_hg/unitree_hg/msg/hand_cmd.h
-- Up-to-date symlink: /home/yutong/scaledrive.ai/fincantieri/g1_hand_move/install/unitree_hg/include/unitree_hg/unitree_hg/msg/hand_state.h
-- Up-to-date symlink: /home/yutong/scaledrive.ai/fincantieri/g1_hand_move/install/unitree_hg/include/unitree_hg/unitree_hg/msg/imu_state.h
-- Up-to-date symlink: /home/yutong/scaledrive.ai/fincantieri/g1_hand_move/install/unitree_hg/include/unitree_hg/unitree_hg/msg/low_cmd.h
-- Up-to-date symlink: /home/yutong/scaledrive.ai/fincantieri/g1_hand_move/install/unitree_hg/include/unitree_hg/unitree_hg/msg/low_state.h
-- Up-to-date symlink: /home/yutong/scaledrive.ai/fincantieri/g1_hand_move/install/unitree_hg/include/unitree_hg/unitree_hg/msg/main_board_state.h
-- Up-to-date symlink: /home/yutong/scaledrive.ai/fincantieri/g1_hand_move/install/unitree_hg/include/unitree_hg/unitree_hg/msg/motor_cmd.h
-- Up-to-date symlink: /home/yutong/scaledrive.ai/fincantieri/g1_hand_move/install/unitree_hg/include/unitree_hg/unitree_hg/msg/motor_state.h
-- Up-to-date symlink: /home/yutong/scaledrive.ai/fincantieri/g1_hand_move/install/unitree_hg/include/unitree_hg/unitree_hg/msg/press_sensor_state.h
-- Up-to-date symlink: /home/yutong/scaledrive.ai/fincantieri/g1_hand_move/install/unitree_hg/include/unitree_hg/unitree_hg/msg/rosidl_generator_c__visibility_control.h
-- Up-to-date symlink: /home/yutong/scaledrive.ai/fincantieri/g1_hand_move/install/unitree_hg/share/unitree_hg/environment/library_path.sh
-- Up-to-date symlink: /home/yutong/scaledrive.ai/fincantieri/g1_hand_move/install/unitree_hg/share/unitree_hg/environment/library_path.dsv
-- Up-to-date symlink: /home/yutong/scaledrive.ai/fincantieri/g1_hand_move/install/unitree_hg/include/unitree_hg/unitree_hg/msg/detail/bms_cmd__rosidl_typesupport_fastrtps_c.h
-- Up-to-date symlink: /home/yutong/scaledrive.ai/fincantieri/g1_hand_move/install/unitree_hg/include/unitree_hg/unitree_hg/msg/detail/bms_state__rosidl_typesupport_fastrtps_c.h
-- Up-to-date symlink: /home/yutong/scaledrive.ai/fincantieri/g1_hand_move/install/unitree_hg/include/unitree_hg/unitree_hg/msg/detail/hand_cmd__rosidl_typesupport_fastrtps_c.h
-- Up-to-date symlink: /home/yutong/scaledrive.ai/fincantieri/g1_hand_move/install/unitree_hg/include/unitree_hg/unitree_hg/msg/detail/hand_state__rosidl_typesupport_fastrtps_c.h
-- Up-to-date symlink: /home/yutong/scaledrive.ai/fincantieri/g1_hand_move/install/unitree_hg/include/unitree_hg/unitree_hg/msg/detail/imu_state__rosidl_typesupport_fastrtps_c.h
-- Up-to-date symlink: /home/yutong/scaledrive.ai/fincantieri/g1_hand_move/install/unitree_hg/include/unitree_hg/unitree_hg/msg/detail/low_cmd__rosidl_typesupport_fastrtps_c.h
-- Up-to-date symlink: /home/yutong/scaledrive.ai/fincantieri/g1_hand_move/install/unitree_hg/include/unitree_hg/unitree_hg/msg/detail/low_state__rosidl_typesupport_fastrtps_c.h
-- Up-to-date symlink: /home/yutong/scaledrive.ai/fincantieri/g1_hand_move/install/unitree_hg/include/unitree_hg/unitree_hg/msg/detail/main_board_state__rosidl_typesupport_fastrtps_c.h
-- Up-to-date symlink: /home/yutong/scaledrive.ai/fincantieri/g1_hand_move/install/unitree_hg/include/unitree_hg/unitree_hg/msg/detail/motor_cmd__rosidl_typesupport_fastrtps_c.h
-- Up-to-date symlink: /home/yutong/scaledrive.ai/fincantieri/g1_hand_move/install/unitree_hg/include/unitree_hg/unitree_hg/msg/detail/motor_state__rosidl_typesupport_fastrtps_c.h
-- Up-to-date symlink: /home/yutong/scaledrive.ai/fincantieri/g1_hand_move/install/unitree_hg/include/unitree_hg/unitree_hg/msg/detail/press_sensor_state__rosidl_typesupport_fastrtps_c.h
-- Up-to-date symlink: /home/yutong/scaledrive.ai/fincantieri/g1_hand_move/install/unitree_hg/include/unitree_hg/unitree_hg/msg/rosidl_typesupport_fastrtps_c__visibility_control.h
-- Up-to-date symlink: /home/yutong/scaledrive.ai/fincantieri/g1_hand_move/install/unitree_hg/include/unitree_hg/unitree_hg/msg/bms_cmd.hpp
-- Up-to-date symlink: /home/yutong/scaledrive.ai/fincantieri/g1_hand_move/install/unitree_hg/include/unitree_hg/unitree_hg/msg/bms_state.hpp
-- Up-to-date symlink: /home/yutong/scaledrive.ai/fincantieri/g1_hand_move/install/unitree_hg/include/unitree_hg/unitree_hg/msg/detail/bms_cmd__builder.hpp
-- Up-to-date symlink: /home/yutong/scaledrive.ai/fincantieri/g1_hand_move/install/unitree_hg/include/unitree_hg/unitree_hg/msg/detail/bms_cmd__struct.hpp
-- Up-to-date symlink: /home/yutong/scaledrive.ai/fincantieri/g1_hand_move/install/unitree_hg/include/unitree_hg/unitree_hg/msg/detail/bms_cmd__traits.hpp
-- Up-to-date symlink: /home/yutong/scaledrive.ai/fincantieri/g1_hand_move/install/unitree_hg/include/unitree_hg/unitree_hg/msg/detail/bms_cmd__type_support.hpp
-- Up-to-date symlink: /home/yutong/scaledrive.ai/fincantieri/g1_hand_move/install/unitree_hg/include/unitree_hg/unitree_hg/msg/detail/bms_state__builder.hpp
-- Up-to-date symlink: /home/yutong/scaledrive.ai/fincantieri/g1_hand_move/install/unitree_hg/include/unitree_hg/unitree_hg/msg/detail/bms_state__struct.hpp
-- Up-to-date symlink: /home/yutong/scaledrive.ai/fincantieri/g1_hand_move/install/unitree_hg/include/unitree_hg/unitree_hg/msg/detail/bms_state__traits.hpp
-- Up-to-date symlink: /home/yutong/scaledrive.ai/fincantieri/g1_hand_move/install/unitree_hg/include/unitree_hg/unitree_hg/msg/detail/bms_state__type_support.hpp
-- Up-to-date symlink: /home/yutong/scaledrive.ai/fincantieri/g1_hand_move/install/unitree_hg/include/unitree_hg/unitree_hg/msg/detail/hand_cmd__builder.hpp
-- Up-to-date symlink: /home/yutong/scaledrive.ai/fincantieri/g1_hand_move/install/unitree_hg/include/unitree_hg/unitree_hg/msg/detail/hand_cmd__struct.hpp
-- Up-to-date symlink: /home/yutong/scaledrive.ai/fincantieri/g1_hand_move/install/unitree_hg/include/unitree_hg/unitree_hg/msg/detail/hand_cmd__traits.hpp
-- Up-to-date symlink: /home/yutong/scaledrive.ai/fincantieri/g1_hand_move/install/unitree_hg/include/unitree_hg/unitree_hg/msg/detail/hand_cmd__type_support.hpp
-- Up-to-date symlink: /home/yutong/scaledrive.ai/fincantieri/g1_hand_move/install/unitree_hg/include/unitree_hg/unitree_hg/msg/detail/hand_state__builder.hpp
-- Up-to-date symlink: /home/yutong/scaledrive.ai/fincantieri/g1_hand_move/install/unitree_hg/include/unitree_hg/unitree_hg/msg/detail/hand_state__struct.hpp
-- Up-to-date symlink: /home/yutong/scaledrive.ai/fincantieri/g1_hand_move/install/unitree_hg/include/unitree_hg/unitree_hg/msg/detail/hand_state__traits.hpp
-- Up-to-date symlink: /home/yutong/scaledrive.ai/fincantieri/g1_hand_move/install/unitree_hg/include/unitree_hg/unitree_hg/msg/detail/hand_state__type_support.hpp
-- Up-to-date symlink: /home/yutong/scaledrive.ai/fincantieri/g1_hand_move/install/unitree_hg/include/unitree_hg/unitree_hg/msg/detail/imu_state__builder.hpp
-- Up-to-date symlink: /home/yutong/scaledrive.ai/fincantieri/g1_hand_move/install/unitree_hg/include/unitree_hg/unitree_hg/msg/detail/imu_state__struct.hpp
-- Up-to-date symlink: /home/yutong/scaledrive.ai/fincantieri/g1_hand_move/install/unitree_hg/include/unitree_hg/unitree_hg/msg/detail/imu_state__traits.hpp
-- Up-to-date symlink: /home/yutong/scaledrive.ai/fincantieri/g1_hand_move/install/unitree_hg/include/unitree_hg/unitree_hg/msg/detail/imu_state__type_support.hpp
-- Up-to-date symlink: /home/yutong/scaledrive.ai/fincantieri/g1_hand_move/install/unitree_hg/include/unitree_hg/unitree_hg/msg/detail/low_cmd__builder.hpp
-- Up-to-date symlink: /home/yutong/scaledrive.ai/fincantieri/g1_hand_move/install/unitree_hg/include/unitree_hg/unitree_hg/msg/detail/low_cmd__struct.hpp
-- Up-to-date symlink: /home/yutong/scaledrive.ai/fincantieri/g1_hand_move/install/unitree_hg/include/unitree_hg/unitree_hg/msg/detail/low_cmd__traits.hpp
-- Up-to-date symlink: /home/yutong/scaledrive.ai/fincantieri/g1_hand_move/install/unitree_hg/include/unitree_hg/unitree_hg/msg/detail/low_cmd__type_support.hpp
-- Up-to-date symlink: /home/yutong/scaledrive.ai/fincantieri/g1_hand_move/install/unitree_hg/include/unitree_hg/unitree_hg/msg/detail/low_state__builder.hpp
-- Up-to-date symlink: /home/yutong/scaledrive.ai/fincantieri/g1_hand_move/install/unitree_hg/include/unitree_hg/unitree_hg/msg/detail/low_state__struct.hpp
-- Up-to-date symlink: /home/yutong/scaledrive.ai/fincantieri/g1_hand_move/install/unitree_hg/include/unitree_hg/unitree_hg/msg/detail/low_state__traits.hpp
-- Up-to-date symlink: /home/yutong/scaledrive.ai/fincantieri/g1_hand_move/install/unitree_hg/include/unitree_hg/unitree_hg/msg/detail/low_state__type_support.hpp
-- Up-to-date symlink: /home/yutong/scaledrive.ai/fincantieri/g1_hand_move/install/unitree_hg/include/unitree_hg/unitree_hg/msg/detail/main_board_state__builder.hpp
-- Up-to-date symlink: /home/yutong/scaledrive.ai/fincantieri/g1_hand_move/install/unitree_hg/include/unitree_hg/unitree_hg/msg/detail/main_board_state__struct.hpp
-- Up-to-date symlink: /home/yutong/scaledrive.ai/fincantieri/g1_hand_move/install/unitree_hg/include/unitree_hg/unitree_hg/msg/detail/main_board_state__traits.hpp
-- Up-to-date symlink: /home/yutong/scaledrive.ai/fincantieri/g1_hand_move/install/unitree_hg/include/unitree_hg/unitree_hg/msg/detail/main_board_state__type_support.hpp
-- Up-to-date symlink: /home/yutong/scaledrive.ai/fincantieri/g1_hand_move/install/unitree_hg/include/unitree_hg/unitree_hg/msg/detail/motor_cmd__builder.hpp
-- Up-to-date symlink: /home/yutong/scaledrive.ai/fincantieri/g1_hand_move/install/unitree_hg/include/unitree_hg/unitree_hg/msg/detail/motor_cmd__struct.hpp
-- Up-to-date symlink: /home/yutong/scaledrive.ai/fincantieri/g1_hand_move/install/unitree_hg/include/unitree_hg/unitree_hg/msg/detail/motor_cmd__traits.hpp
-- Up-to-date symlink: /home/yutong/scaledrive.ai/fincantieri/g1_hand_move/install/unitree_hg/include/unitree_hg/unitree_hg/msg/detail/motor_cmd__type_support.hpp
-- Up-to-date symlink: /home/yutong/scaledrive.ai/fincantieri/g1_hand_move/install/unitree_hg/include/unitree_hg/unitree_hg/msg/detail/motor_state__builder.hpp
-- Up-to-date symlink: /home/yutong/scaledrive.ai/fincantieri/g1_hand_move/install/unitree_hg/include/unitree_hg/unitree_hg/msg/detail/motor_state__struct.hpp
-- Up-to-date symlink: /home/yutong/scaledrive.ai/fincantieri/g1_hand_move/install/unitree_hg/include/unitree_hg/unitree_hg/msg/detail/motor_state__traits.hpp
-- Up-to-date symlink: /home/yutong/scaledrive.ai/fincantieri/g1_hand_move/install/unitree_hg/include/unitree_hg/unitree_hg/msg/detail/motor_state__type_support.hpp
-- Up-to-date symlink: /home/yutong/scaledrive.ai/fincantieri/g1_hand_move/install/unitree_hg/include/unitree_hg/unitree_hg/msg/detail/press_sensor_state__builder.hpp
-- Up-to-date symlink: /home/yutong/scaledrive.ai/fincantieri/g1_hand_move/install/unitree_hg/include/unitree_hg/unitree_hg/msg/detail/press_sensor_state__struct.hpp
-- Up-to-date symlink: /home/yutong/scaledrive.ai/fincantieri/g1_hand_move/install/unitree_hg/include/unitree_hg/unitree_hg/msg/detail/press_sensor_state__traits.hpp
-- Up-to-date symlink: /home/yutong/scaledrive.ai/fincantieri/g1_hand_move/install/unitree_hg/include/unitree_hg/unitree_hg/msg/detail/press_sensor_state__type_support.hpp
-- Up-to-date symlink: /home/yutong/scaledrive.ai/fincantieri/g1_hand_move/install/unitree_hg/include/unitree_hg/unitree_hg/msg/hand_cmd.hpp
-- Up-to-date symlink: /home/yutong/scaledrive.ai/fincantieri/g1_hand_move/install/unitree_hg/include/unitree_hg/unitree_hg/msg/hand_state.hpp
-- Up-to-date symlink: /home/yutong/scaledrive.ai/fincantieri/g1_hand_move/install/unitree_hg/include/unitree_hg/unitree_hg/msg/imu_state.hpp
-- Up-to-date symlink: /home/yutong/scaledrive.ai/fincantieri/g1_hand_move/install/unitree_hg/include/unitree_hg/unitree_hg/msg/low_cmd.hpp
-- Up-to-date symlink: /home/yutong/scaledrive.ai/fincantieri/g1_hand_move/install/unitree_hg/include/unitree_hg/unitree_hg/msg/low_state.hpp
-- Up-to-date symlink: /home/yutong/scaledrive.ai/fincantieri/g1_hand_move/install/unitree_hg/include/unitree_hg/unitree_hg/msg/main_board_state.hpp
-- Up-to-date symlink: /home/yutong/scaledrive.ai/fincantieri/g1_hand_move/install/unitree_hg/include/unitree_hg/unitree_hg/msg/motor_cmd.hpp
-- Up-to-date symlink: /home/yutong/scaledrive.ai/fincantieri/g1_hand_move/install/unitree_hg/include/unitree_hg/unitree_hg/msg/motor_state.hpp
-- Up-to-date symlink: /home/yutong/scaledrive.ai/fincantieri/g1_hand_move/install/unitree_hg/include/unitree_hg/unitree_hg/msg/press_sensor_state.hpp
-- Up-to-date symlink: /home/yutong/scaledrive.ai/fincantieri/g1_hand_move/install/unitree_hg/include/unitree_hg/unitree_hg/msg/rosidl_generator_cpp__visibility_control.hpp
-- Up-to-date symlink: /home/yutong/scaledrive.ai/fincantieri/g1_hand_move/install/unitree_hg/include/unitree_hg/unitree_hg/msg/detail/bms_cmd__rosidl_typesupport_fastrtps_cpp.hpp
-- Up-to-date symlink: /home/yutong/scaledrive.ai/fincantieri/g1_hand_move/install/unitree_hg/include/unitree_hg/unitree_hg/msg/detail/bms_state__rosidl_typesupport_fastrtps_cpp.hpp
-- Up-to-date symlink: /home/yutong/scaledrive.ai/fincantieri/g1_hand_move/install/unitree_hg/include/unitree_hg/unitree_hg/msg/detail/hand_cmd__rosidl_typesupport_fastrtps_cpp.hpp
-- Up-to-date symlink: /home/yutong/scaledrive.ai/fincantieri/g1_hand_move/install/unitree_hg/include/unitree_hg/unitree_hg/msg/detail/hand_state__rosidl_typesupport_fastrtps_cpp.hpp
-- Up-to-date symlink: /home/yutong/scaledrive.ai/fincantieri/g1_hand_move/install/unitree_hg/include/unitree_hg/unitree_hg/msg/detail/imu_state__rosidl_typesupport_fastrtps_cpp.hpp
-- Up-to-date symlink: /home/yutong/scaledrive.ai/fincantieri/g1_hand_move/install/unitree_hg/include/unitree_hg/unitree_hg/msg/detail/low_cmd__rosidl_typesupport_fastrtps_cpp.hpp
-- Up-to-date symlink: /home/yutong/scaledrive.ai/fincantieri/g1_hand_move/install/unitree_hg/include/unitree_hg/unitree_hg/msg/detail/low_state__rosidl_typesupport_fastrtps_cpp.hpp
-- Up-to-date symlink: /home/yutong/scaledrive.ai/fincantieri/g1_hand_move/install/unitree_hg/include/unitree_hg/unitree_hg/msg/detail/main_board_state__rosidl_typesupport_fastrtps_cpp.hpp
-- Up-to-date symlink: /home/yutong/scaledrive.ai/fincantieri/g1_hand_move/install/unitree_hg/include/unitree_hg/unitree_hg/msg/detail/motor_cmd__rosidl_typesupport_fastrtps_cpp.hpp
-- Up-to-date symlink: /home/yutong/scaledrive.ai/fincantieri/g1_hand_move/install/unitree_hg/include/unitree_hg/unitree_hg/msg/detail/motor_state__rosidl_typesupport_fastrtps_cpp.hpp
-- Up-to-date symlink: /home/yutong/scaledrive.ai/fincantieri/g1_hand_move/install/unitree_hg/include/unitree_hg/unitree_hg/msg/detail/press_sensor_state__rosidl_typesupport_fastrtps_cpp.hpp
-- Up-to-date symlink: /home/yutong/scaledrive.ai/fincantieri/g1_hand_move/install/unitree_hg/include/unitree_hg/unitree_hg/msg/rosidl_typesupport_fastrtps_cpp__visibility_control.h
-- Up-to-date symlink: /home/yutong/scaledrive.ai/fincantieri/g1_hand_move/install/unitree_hg/include/unitree_hg/unitree_hg/msg/detail/bms_cmd__rosidl_typesupport_introspection_c.h
-- Up-to-date symlink: /home/yutong/scaledrive.ai/fincantieri/g1_hand_move/install/unitree_hg/include/unitree_hg/unitree_hg/msg/detail/bms_state__rosidl_typesupport_introspection_c.h
-- Up-to-date symlink: /home/yutong/scaledrive.ai/fincantieri/g1_hand_move/install/unitree_hg/include/unitree_hg/unitree_hg/msg/detail/hand_cmd__rosidl_typesupport_introspection_c.h
-- Up-to-date symlink: /home/yutong/scaledrive.ai/fincantieri/g1_hand_move/install/unitree_hg/include/unitree_hg/unitree_hg/msg/detail/hand_state__rosidl_typesupport_introspection_c.h
-- Up-to-date symlink: /home/yutong/scaledrive.ai/fincantieri/g1_hand_move/install/unitree_hg/include/unitree_hg/unitree_hg/msg/detail/imu_state__rosidl_typesupport_introspection_c.h
-- Up-to-date symlink: /home/yutong/scaledrive.ai/fincantieri/g1_hand_move/install/unitree_hg/include/unitree_hg/unitree_hg/msg/detail/low_cmd__rosidl_typesupport_introspection_c.h
-- Up-to-date symlink: /home/yutong/scaledrive.ai/fincantieri/g1_hand_move/install/unitree_hg/include/unitree_hg/unitree_hg/msg/detail/low_state__rosidl_typesupport_introspection_c.h
-- Up-to-date symlink: /home/yutong/scaledrive.ai/fincantieri/g1_hand_move/install/unitree_hg/include/unitree_hg/unitree_hg/msg/detail/main_board_state__rosidl_typesupport_introspection_c.h
-- Up-to-date symlink: /home/yutong/scaledrive.ai/fincantieri/g1_hand_move/install/unitree_hg/include/unitree_hg/unitree_hg/msg/detail/motor_cmd__rosidl_typesupport_introspection_c.h
-- Up-to-date symlink: /home/yutong/scaledrive.ai/fincantieri/g1_hand_move/install/unitree_hg/include/unitree_hg/unitree_hg/msg/detail/motor_state__rosidl_typesupport_introspection_c.h
-- Up-to-date symlink: /home/yutong/scaledrive.ai/fincantieri/g1_hand_move/install/unitree_hg/include/unitree_hg/unitree_hg/msg/detail/press_sensor_state__rosidl_typesupport_introspection_c.h
-- Up-to-date symlink: /home/yutong/scaledrive.ai/fincantieri/g1_hand_move/install/unitree_hg/include/unitree_hg/unitree_hg/msg/rosidl_typesupport_introspection_c__visibility_control.h
-- Up-to-date symlink: /home/yutong/scaledrive.ai/fincantieri/g1_hand_move/install/unitree_hg/include/unitree_hg/unitree_hg/msg/detail/bms_cmd__rosidl_typesupport_introspection_cpp.hpp
-- Up-to-date symlink: /home/yutong/scaledrive.ai/fincantieri/g1_hand_move/install/unitree_hg/include/unitree_hg/unitree_hg/msg/detail/bms_state__rosidl_typesupport_introspection_cpp.hpp
-- Up-to-date symlink: /home/yutong/scaledrive.ai/fincantieri/g1_hand_move/install/unitree_hg/include/unitree_hg/unitree_hg/msg/detail/hand_cmd__rosidl_typesupport_introspection_cpp.hpp
-- Up-to-date symlink: /home/yutong/scaledrive.ai/fincantieri/g1_hand_move/install/unitree_hg/include/unitree_hg/unitree_hg/msg/detail/hand_state__rosidl_typesupport_introspection_cpp.hpp
-- Up-to-date symlink: /home/yutong/scaledrive.ai/fincantieri/g1_hand_move/install/unitree_hg/include/unitree_hg/unitree_hg/msg/detail/imu_state__rosidl_typesupport_introspection_cpp.hpp
-- Up-to-date symlink: /home/yutong/scaledrive.ai/fincantieri/g1_hand_move/install/unitree_hg/include/unitree_hg/unitree_hg/msg/detail/low_cmd__rosidl_typesupport_introspection_cpp.hpp
-- Up-to-date symlink: /home/yutong/scaledrive.ai/fincantieri/g1_hand_move/install/unitree_hg/include/unitree_hg/unitree_hg/msg/detail/low_state__rosidl_typesupport_introspection_cpp.hpp
-- Up-to-date symlink: /home/yutong/scaledrive.ai/fincantieri/g1_hand_move/install/unitree_hg/include/unitree_hg/unitree_hg/msg/detail/main_board_state__rosidl_typesupport_introspection_cpp.hpp
-- Up-to-date symlink: /home/yutong/scaledrive.ai/fincantieri/g1_hand_move/install/unitree_hg/include/unitree_hg/unitree_hg/msg/detail/motor_cmd__rosidl_typesupport_introspection_cpp.hpp
-- Up-to-date symlink: /home/yutong/scaledrive.ai/fincantieri/g1_hand_move/install/unitree_hg/include/unitree_hg/unitree_hg/msg/detail/motor_state__rosidl_typesupport_introspection_cpp.hpp
-- Up-to-date symlink: /home/yutong/scaledrive.ai/fincantieri/g1_hand_move/install/unitree_hg/include/unitree_hg/unitree_hg/msg/detail/press_sensor_state__rosidl_typesupport_introspection_cpp.hpp
-- Up-to-date symlink: /home/yutong/scaledrive.ai/fincantieri/g1_hand_move/install/unitree_hg/share/unitree_hg/environment/pythonpath.sh
-- Up-to-date symlink: /home/yutong/scaledrive.ai/fincantieri/g1_hand_move/install/unitree_hg/share/unitree_hg/environment/pythonpath.dsv
-- Up-to-date symlink: /home/yutong/scaledrive.ai/fincantieri/g1_hand_move/install/unitree_hg/local/lib/python3.10/dist-packages/unitree_hg-0.0.0-py3.10.egg-info/PKG-INFO
-- Up-to-date symlink: /home/yutong/scaledrive.ai/fincantieri/g1_hand_move/install/unitree_hg/local/lib/python3.10/dist-packages/unitree_hg-0.0.0-py3.10.egg-info/SOURCES.txt
-- Up-to-date symlink: /home/yutong/scaledrive.ai/fincantieri/g1_hand_move/install/unitree_hg/local/lib/python3.10/dist-packages/unitree_hg-0.0.0-py3.10.egg-info/dependency_links.txt
-- Up-to-date symlink: /home/yutong/scaledrive.ai/fincantieri/g1_hand_move/install/unitree_hg/local/lib/python3.10/dist-packages/unitree_hg-0.0.0-py3.10.egg-info/top_level.txt
-- Up-to-date symlink: /home/yutong/scaledrive.ai/fincantieri/g1_hand_move/install/unitree_hg/local/lib/python3.10/dist-packages/unitree_hg/__init__.py
-- Up-to-date symlink: /home/yutong/scaledrive.ai/fincantieri/g1_hand_move/install/unitree_hg/local/lib/python3.10/dist-packages/unitree_hg/_unitree_hg_s.ep.rosidl_typesupport_c.c
-- Up-to-date symlink: /home/yutong/scaledrive.ai/fincantieri/g1_hand_move/install/unitree_hg/local/lib/python3.10/dist-packages/unitree_hg/_unitree_hg_s.ep.rosidl_typesupport_fastrtps_c.c
-- Up-to-date symlink: /home/yutong/scaledrive.ai/fincantieri/g1_hand_move/install/unitree_hg/local/lib/python3.10/dist-packages/unitree_hg/_unitree_hg_s.ep.rosidl_typesupport_introspection_c.c
-- Up-to-date symlink: /home/yutong/scaledrive.ai/fincantieri/g1_hand_move/install/unitree_hg/local/lib/python3.10/dist-packages/unitree_hg/libunitree_hg__rosidl_generator_py.so
-- Up-to-date symlink: /home/yutong/scaledrive.ai/fincantieri/g1_hand_move/install/unitree_hg/local/lib/python3.10/dist-packages/unitree_hg/msg/__init__.py
-- Up-to-date symlink: /home/yutong/scaledrive.ai/fincantieri/g1_hand_move/install/unitree_hg/local/lib/python3.10/dist-packages/unitree_hg/msg/_bms_cmd.py
-- Up-to-date symlink: /home/yutong/scaledrive.ai/fincantieri/g1_hand_move/install/unitree_hg/local/lib/python3.10/dist-packages/unitree_hg/msg/_bms_cmd_s.c
-- Up-to-date symlink: /home/yutong/scaledrive.ai/fincantieri/g1_hand_move/install/unitree_hg/local/lib/python3.10/dist-packages/unitree_hg/msg/_bms_state.py
-- Up-to-date symlink: /home/yutong/scaledrive.ai/fincantieri/g1_hand_move/install/unitree_hg/local/lib/python3.10/dist-packages/unitree_hg/msg/_bms_state_s.c
-- Up-to-date symlink: /home/yutong/scaledrive.ai/fincantieri/g1_hand_move/install/unitree_hg/local/lib/python3.10/dist-packages/unitree_hg/msg/_hand_cmd.py
-- Up-to-date symlink: /home/yutong/scaledrive.ai/fincantieri/g1_hand_move/install/unitree_hg/local/lib/python3.10/dist-packages/unitree_hg/msg/_hand_cmd_s.c
-- Up-to-date symlink: /home/yutong/scaledrive.ai/fincantieri/g1_hand_move/install/unitree_hg/local/lib/python3.10/dist-packages/unitree_hg/msg/_hand_state.py
-- Up-to-date symlink: /home/yutong/scaledrive.ai/fincantieri/g1_hand_move/install/unitree_hg/local/lib/python3.10/dist-packages/unitree_hg/msg/_hand_state_s.c
-- Up-to-date symlink: /home/yutong/scaledrive.ai/fincantieri/g1_hand_move/install/unitree_hg/local/lib/python3.10/dist-packages/unitree_hg/msg/_imu_state.py
-- Up-to-date symlink: /home/yutong/scaledrive.ai/fincantieri/g1_hand_move/install/unitree_hg/local/lib/python3.10/dist-packages/unitree_hg/msg/_imu_state_s.c
-- Up-to-date symlink: /home/yutong/scaledrive.ai/fincantieri/g1_hand_move/install/unitree_hg/local/lib/python3.10/dist-packages/unitree_hg/msg/_low_cmd.py
-- Up-to-date symlink: /home/yutong/scaledrive.ai/fincantieri/g1_hand_move/install/unitree_hg/local/lib/python3.10/dist-packages/unitree_hg/msg/_low_cmd_s.c
-- Up-to-date symlink: /home/yutong/scaledrive.ai/fincantieri/g1_hand_move/install/unitree_hg/local/lib/python3.10/dist-packages/unitree_hg/msg/_low_state.py
-- Up-to-date symlink: /home/yutong/scaledrive.ai/fincantieri/g1_hand_move/install/unitree_hg/local/lib/python3.10/dist-packages/unitree_hg/msg/_low_state_s.c
-- Up-to-date symlink: /home/yutong/scaledrive.ai/fincantieri/g1_hand_move/install/unitree_hg/local/lib/python3.10/dist-packages/unitree_hg/msg/_main_board_state.py
-- Up-to-date symlink: /home/yutong/scaledrive.ai/fincantieri/g1_hand_move/install/unitree_hg/local/lib/python3.10/dist-packages/unitree_hg/msg/_main_board_state_s.c
-- Up-to-date symlink: /home/yutong/scaledrive.ai/fincantieri/g1_hand_move/install/unitree_hg/local/lib/python3.10/dist-packages/unitree_hg/msg/_motor_cmd.py
-- Up-to-date symlink: /home/yutong/scaledrive.ai/fincantieri/g1_hand_move/install/unitree_hg/local/lib/python3.10/dist-packages/unitree_hg/msg/_motor_cmd_s.c
-- Up-to-date symlink: /home/yutong/scaledrive.ai/fincantieri/g1_hand_move/install/unitree_hg/local/lib/python3.10/dist-packages/unitree_hg/msg/_motor_state.py
-- Up-to-date symlink: /home/yutong/scaledrive.ai/fincantieri/g1_hand_move/install/unitree_hg/local/lib/python3.10/dist-packages/unitree_hg/msg/_motor_state_s.c
-- Up-to-date symlink: /home/yutong/scaledrive.ai/fincantieri/g1_hand_move/install/unitree_hg/local/lib/python3.10/dist-packages/unitree_hg/msg/_press_sensor_state.py
-- Up-to-date symlink: /home/yutong/scaledrive.ai/fincantieri/g1_hand_move/install/unitree_hg/local/lib/python3.10/dist-packages/unitree_hg/msg/_press_sensor_state_s.c
-- Up-to-date symlink: /home/yutong/scaledrive.ai/fincantieri/g1_hand_move/install/unitree_hg/local/lib/python3.10/dist-packages/unitree_hg/unitree_hg_s__rosidl_typesupport_c.cpython-310-x86_64-linux-gnu.so
-- Up-to-date symlink: /home/yutong/scaledrive.ai/fincantieri/g1_hand_move/install/unitree_hg/local/lib/python3.10/dist-packages/unitree_hg/unitree_hg_s__rosidl_typesupport_fastrtps_c.cpython-310-x86_64-linux-gnu.so
-- Up-to-date symlink: /home/yutong/scaledrive.ai/fincantieri/g1_hand_move/install/unitree_hg/local/lib/python3.10/dist-packages/unitree_hg/unitree_hg_s__rosidl_typesupport_introspection_c.cpython-310-x86_64-linux-gnu.so
-- Up-to-date symlink: /home/yutong/scaledrive.ai/fincantieri/g1_hand_move/install/unitree_hg/local/lib/python3.10/dist-packages/unitree_hg/unitree_hg_s__rosidl_typesupport_fastrtps_c.cpython-310-x86_64-linux-gnu.so
-- Up-to-date symlink: /home/yutong/scaledrive.ai/fincantieri/g1_hand_move/install/unitree_hg/local/lib/python3.10/dist-packages/unitree_hg/unitree_hg_s__rosidl_typesupport_introspection_c.cpython-310-x86_64-linux-gnu.so
-- Up-to-date symlink: /home/yutong/scaledrive.ai/fincantieri/g1_hand_move/install/unitree_hg/local/lib/python3.10/dist-packages/unitree_hg/unitree_hg_s__rosidl_typesupport_c.cpython-310-x86_64-linux-gnu.so
-- Up-to-date symlink: /home/yutong/scaledrive.ai/fincantieri/g1_hand_move/install/unitree_hg/share/unitree_hg/msg/BmsCmd.idl
-- Up-to-date symlink: /home/yutong/scaledrive.ai/fincantieri/g1_hand_move/install/unitree_hg/share/unitree_hg/msg/BmsState.idl
-- Up-to-date symlink: /home/yutong/scaledrive.ai/fincantieri/g1_hand_move/install/unitree_hg/share/unitree_hg/msg/HandCmd.idl
-- Up-to-date symlink: /home/yutong/scaledrive.ai/fincantieri/g1_hand_move/install/unitree_hg/share/unitree_hg/msg/HandState.idl
-- Up-to-date symlink: /home/yutong/scaledrive.ai/fincantieri/g1_hand_move/install/unitree_hg/share/unitree_hg/msg/IMUState.idl
-- Up-to-date symlink: /home/yutong/scaledrive.ai/fincantieri/g1_hand_move/install/unitree_hg/share/unitree_hg/msg/LowCmd.idl
-- Up-to-date symlink: /home/yutong/scaledrive.ai/fincantieri/g1_hand_move/install/unitree_hg/share/unitree_hg/msg/LowState.idl
-- Up-to-date symlink: /home/yutong/scaledrive.ai/fincantieri/g1_hand_move/install/unitree_hg/share/unitree_hg/msg/MainBoardState.idl
-- Up-to-date symlink: /home/yutong/scaledrive.ai/fincantieri/g1_hand_move/install/unitree_hg/share/unitree_hg/msg/MotorCmd.idl
-- Up-to-date symlink: /home/yutong/scaledrive.ai/fincantieri/g1_hand_move/install/unitree_hg/share/unitree_hg/msg/MotorState.idl
-- Up-to-date symlink: /home/yutong/scaledrive.ai/fincantieri/g1_hand_move/install/unitree_hg/share/unitree_hg/msg/PressSensorState.idl
-- Up-to-date symlink: /home/yutong/scaledrive.ai/fincantieri/g1_hand_move/install/unitree_hg/share/unitree_hg/msg/BmsCmd.msg
-- Up-to-date symlink: /home/yutong/scaledrive.ai/fincantieri/g1_hand_move/install/unitree_hg/share/unitree_hg/msg/BmsState.msg
-- Up-to-date symlink: /home/yutong/scaledrive.ai/fincantieri/g1_hand_move/install/unitree_hg/share/unitree_hg/msg/HandCmd.msg
-- Up-to-date symlink: /home/yutong/scaledrive.ai/fincantieri/g1_hand_move/install/unitree_hg/share/unitree_hg/msg/HandState.msg
-- Up-to-date symlink: /home/yutong/scaledrive.ai/fincantieri/g1_hand_move/install/unitree_hg/share/unitree_hg/msg/IMUState.msg
-- Up-to-date symlink: /home/yutong/scaledrive.ai/fincantieri/g1_hand_move/install/unitree_hg/share/unitree_hg/msg/LowCmd.msg
-- Up-to-date symlink: /home/yutong/scaledrive.ai/fincantieri/g1_hand_move/install/unitree_hg/share/unitree_hg/msg/LowState.msg
-- Up-to-date symlink: /home/yutong/scaledrive.ai/fincantieri/g1_hand_move/install/unitree_hg/share/unitree_hg/msg/MainBoardState.msg
-- Up-to-date symlink: /home/yutong/scaledrive.ai/fincantieri/g1_hand_move/install/unitree_hg/share/unitree_hg/msg/MotorCmd.msg
-- Up-to-date symlink: /home/yutong/scaledrive.ai/fincantieri/g1_hand_move/install/unitree_hg/share/unitree_hg/msg/MotorState.msg
-- Up-to-date symlink: /home/yutong/scaledrive.ai/fincantieri/g1_hand_move/install/unitree_hg/share/unitree_hg/msg/PressSensorState.msg
-- Up-to-date symlink: /home/yutong/scaledrive.ai/fincantieri/g1_hand_move/install/unitree_hg/share/ament_index/resource_index/package_run_dependencies/unitree_hg
-- Up-to-date symlink: /home/yutong/scaledrive.ai/fincantieri/g1_hand_move/install/unitree_hg/share/ament_index/resource_index/parent_prefix_path/unitree_hg
-- Up-to-date symlink: /home/yutong/scaledrive.ai/fincantieri/g1_hand_move/install/unitree_hg/share/unitree_hg/environment/ament_prefix_path.sh
-- Up-to-date symlink: /home/yutong/scaledrive.ai/fincantieri/g1_hand_move/install/unitree_hg/share/unitree_hg/environment/ament_prefix_path.dsv
-- Up-to-date symlink: /home/yutong/scaledrive.ai/fincantieri/g1_hand_move/install/unitree_hg/share/unitree_hg/environment/path.sh
-- Up-to-date symlink: /home/yutong/scaledrive.ai/fincantieri/g1_hand_move/install/unitree_hg/share/unitree_hg/environment/path.dsv
-- Up-to-date symlink: /home/yutong/scaledrive.ai/fincantieri/g1_hand_move/install/unitree_hg/share/unitree_hg/local_setup.bash
-- Up-to-date symlink: /home/yutong/scaledrive.ai/fincantieri/g1_hand_move/install/unitree_hg/share/unitree_hg/local_setup.sh
-- Up-to-date symlink: /home/yutong/scaledrive.ai/fincantieri/g1_hand_move/install/unitree_hg/share/unitree_hg/local_setup.zsh
-- Up-to-date symlink: /home/yutong/scaledrive.ai/fincantieri/g1_hand_move/install/unitree_hg/share/unitree_hg/local_setup.dsv
-- Symlinking: /home/yutong/scaledrive.ai/fincantieri/g1_hand_move/install/unitree_hg/share/unitree_hg/package.dsv
-- Up-to-date symlink: /home/yutong/scaledrive.ai/fincantieri/g1_hand_move/install/unitree_hg/share/ament_index/resource_index/packages/unitree_hg
-- Up-to-date symlink: /home/yutong/scaledrive.ai/fincantieri/g1_hand_move/install/unitree_hg/share/unitree_hg/cmake/rosidl_cmake-extras.cmake
-- Up-to-date symlink: /home/yutong/scaledrive.ai/fincantieri/g1_hand_move/install/unitree_hg/share/unitree_hg/cmake/ament_cmake_export_dependencies-extras.cmake
-- Up-to-date symlink: /home/yutong/scaledrive.ai/fincantieri/g1_hand_move/install/unitree_hg/share/unitree_hg/cmake/ament_cmake_export_include_directories-extras.cmake
-- Up-to-date symlink: /home/yutong/scaledrive.ai/fincantieri/g1_hand_move/install/unitree_hg/share/unitree_hg/cmake/ament_cmake_export_libraries-extras.cmake
-- Up-to-date symlink: /home/yutong/scaledrive.ai/fincantieri/g1_hand_move/install/unitree_hg/share/unitree_hg/cmake/ament_cmake_export_targets-extras.cmake
-- Up-to-date symlink: /home/yutong/scaledrive.ai/fincantieri/g1_hand_move/install/unitree_hg/share/unitree_hg/cmake/rosidl_cmake_export_typesupport_targets-extras.cmake
-- Up-to-date symlink: /home/yutong/scaledrive.ai/fincantieri/g1_hand_move/install/unitree_hg/share/unitree_hg/cmake/rosidl_cmake_export_typesupport_libraries-extras.cmake
-- Up-to-date symlink: /home/yutong/scaledrive.ai/fincantieri/g1_hand_move/install/unitree_hg/share/unitree_hg/cmake/unitree_hgConfig.cmake
-- Up-to-date symlink: /home/yutong/scaledrive.ai/fincantieri/g1_hand_move/install/unitree_hg/share/unitree_hg/cmake/unitree_hgConfig-version.cmake
-- Up-to-date symlink: /home/yutong/scaledrive.ai/fincantieri/g1_hand_move/install/unitree_hg/share/unitree_hg/package.xml
-- Up-to-date: /home/yutong/scaledrive.ai/fincantieri/g1_hand_move/install/unitree_hg/lib/libunitree_hg__rosidl_generator_c.so
-- Up-to-date: /home/yutong/scaledrive.ai/fincantieri/g1_hand_move/install/unitree_hg/lib/libunitree_hg__rosidl_typesupport_fastrtps_c.so
-- Up-to-date: /home/yutong/scaledrive.ai/fincantieri/g1_hand_move/install/unitree_hg/lib/libunitree_hg__rosidl_typesupport_fastrtps_cpp.so
-- Up-to-date: /home/yutong/scaledrive.ai/fincantieri/g1_hand_move/install/unitree_hg/lib/libunitree_hg__rosidl_typesupport_introspection_c.so
-- Up-to-date: /home/yutong/scaledrive.ai/fincantieri/g1_hand_move/install/unitree_hg/lib/libunitree_hg__rosidl_typesupport_c.so
-- Up-to-date: /home/yutong/scaledrive.ai/fincantieri/g1_hand_move/install/unitree_hg/lib/libunitree_hg__rosidl_typesupport_introspection_cpp.so
-- Up-to-date: /home/yutong/scaledrive.ai/fincantieri/g1_hand_move/install/unitree_hg/lib/libunitree_hg__rosidl_typesupport_cpp.so
Listing '/home/yutong/scaledrive.ai/fincantieri/g1_hand_move/install/unitree_hg/local/lib/python3.10/dist-packages/unitree_hg'...
Listing '/home/yutong/scaledrive.ai/fincantieri/g1_hand_move/install/unitree_hg/local/lib/python3.10/dist-packages/unitree_hg/msg'...
-- Up-to-date: /home/yutong/scaledrive.ai/fincantieri/g1_hand_move/install/unitree_hg/lib/libunitree_hg__rosidl_generator_py.so
-- Up-to-date: /home/yutong/scaledrive.ai/fincantieri/g1_hand_move/install/unitree_hg/share/unitree_hg/cmake/export_unitree_hg__rosidl_generator_cExport.cmake
-- Up-to-date: /home/yutong/scaledrive.ai/fincantieri/g1_hand_move/install/unitree_hg/share/unitree_hg/cmake/export_unitree_hg__rosidl_generator_cExport-noconfig.cmake
-- Up-to-date: /home/yutong/scaledrive.ai/fincantieri/g1_hand_move/install/unitree_hg/share/unitree_hg/cmake/export_unitree_hg__rosidl_typesupport_fastrtps_cExport.cmake
-- Up-to-date: /home/yutong/scaledrive.ai/fincantieri/g1_hand_move/install/unitree_hg/share/unitree_hg/cmake/export_unitree_hg__rosidl_typesupport_fastrtps_cExport-noconfig.cmake
-- Up-to-date: /home/yutong/scaledrive.ai/fincantieri/g1_hand_move/install/unitree_hg/share/unitree_hg/cmake/export_unitree_hg__rosidl_generator_cppExport.cmake
-- Up-to-date: /home/yutong/scaledrive.ai/fincantieri/g1_hand_move/install/unitree_hg/share/unitree_hg/cmake/export_unitree_hg__rosidl_typesupport_fastrtps_cppExport.cmake
-- Up-to-date: /home/yutong/scaledrive.ai/fincantieri/g1_hand_move/install/unitree_hg/share/unitree_hg/cmake/export_unitree_hg__rosidl_typesupport_fastrtps_cppExport-noconfig.cmake
-- Up-to-date: /home/yutong/scaledrive.ai/fincantieri/g1_hand_move/install/unitree_hg/share/unitree_hg/cmake/unitree_hg__rosidl_typesupport_introspection_cExport.cmake
-- Up-to-date: /home/yutong/scaledrive.ai/fincantieri/g1_hand_move/install/unitree_hg/share/unitree_hg/cmake/unitree_hg__rosidl_typesupport_introspection_cExport-noconfig.cmake
-- Up-to-date: /home/yutong/scaledrive.ai/fincantieri/g1_hand_move/install/unitree_hg/share/unitree_hg/cmake/unitree_hg__rosidl_typesupport_cExport.cmake
-- Up-to-date: /home/yutong/scaledrive.ai/fincantieri/g1_hand_move/install/unitree_hg/share/unitree_hg/cmake/unitree_hg__rosidl_typesupport_cExport-noconfig.cmake
-- Up-to-date: /home/yutong/scaledrive.ai/fincantieri/g1_hand_move/install/unitree_hg/share/unitree_hg/cmake/unitree_hg__rosidl_typesupport_introspection_cppExport.cmake
-- Up-to-date: /home/yutong/scaledrive.ai/fincantieri/g1_hand_move/install/unitree_hg/share/unitree_hg/cmake/unitree_hg__rosidl_typesupport_introspection_cppExport-noconfig.cmake
-- Up-to-date: /home/yutong/scaledrive.ai/fincantieri/g1_hand_move/install/unitree_hg/share/unitree_hg/cmake/unitree_hg__rosidl_typesupport_cppExport.cmake
-- Up-to-date: /home/yutong/scaledrive.ai/fincantieri/g1_hand_move/install/unitree_hg/share/unitree_hg/cmake/unitree_hg__rosidl_typesupport_cppExport-noconfig.cmake
-- Up-to-date: /home/yutong/scaledrive.ai/fincantieri/g1_hand_move/install/unitree_hg/share/unitree_hg/cmake/export_unitree_hg__rosidl_generator_pyExport.cmake
-- Up-to-date: /home/yutong/scaledrive.ai/fincantieri/g1_hand_move/install/unitree_hg/share/unitree_hg/cmake/export_unitree_hg__rosidl_generator_pyExport-noconfig.cmake
