[0.413s] Invoking command in '/home/yutong/scaledrive.ai/fincantieri/g1_hand_move/build/g1_arm_joint_control': CONDA_PROMPT_MODIFIER=(g1_control) PYTHONPATH=/home/yutong/scaledrive.ai/fincantieri/g1_hand_move/build/g1_arm_joint_control/prefix_override:/home/yutong/miniconda3/envs/g1_control/lib/python3.10/site-packages/colcon_core/task/python/colcon_distutils_commands:/home/yutong/scaledrive.ai/fincantieri/g1_hand_move/install/g1_arm_joint_control/lib/python3.10/site-packages:${PYTHONPATH} /home/yutong/miniconda3/envs/g1_control/bin/python3.10 -W ignore:setup.py install is deprecated -W ignore:easy_install command is deprecated setup.py develop --editable --build-directory /home/yutong/scaledrive.ai/fincantieri/g1_hand_move/build/g1_arm_joint_control/build --no-deps symlink_data
[0.598s] running develop
[0.695s] running egg_info
[0.702s] writing g1_arm_joint_control.egg-info/PKG-INFO
[0.703s] writing dependency_links to g1_arm_joint_control.egg-info/dependency_links.txt
[0.703s] writing entry points to g1_arm_joint_control.egg-info/entry_points.txt
[0.703s] writing requirements to g1_arm_joint_control.egg-info/requires.txt
[0.703s] writing top-level names to g1_arm_joint_control.egg-info/top_level.txt
[0.720s] reading manifest file 'g1_arm_joint_control.egg-info/SOURCES.txt'
[0.721s] writing manifest file 'g1_arm_joint_control.egg-info/SOURCES.txt'
[0.729s] running build_ext
[0.729s] Creating /home/yutong/scaledrive.ai/fincantieri/g1_hand_move/install/g1_arm_joint_control/lib/python3.10/site-packages/g1-arm-joint-control.egg-link (link to .)
[0.729s] Installing arm_joint_controller script to /home/yutong/scaledrive.ai/fincantieri/g1_hand_move/install/g1_arm_joint_control/lib/g1_arm_joint_control
[0.729s] Installing arm_pose_sender script to /home/yutong/scaledrive.ai/fincantieri/g1_hand_move/install/g1_arm_joint_control/lib/g1_arm_joint_control
[0.729s] Installing arm_sim_node script to /home/yutong/scaledrive.ai/fincantieri/g1_hand_move/install/g1_arm_joint_control/lib/g1_arm_joint_control
[0.730s] Installing hand_target_ik script to /home/yutong/scaledrive.ai/fincantieri/g1_hand_move/install/g1_arm_joint_control/lib/g1_arm_joint_control
[0.730s] 
[0.730s] Installed /home/yutong/scaledrive.ai/fincantieri/g1_hand_move/build/g1_arm_joint_control
[0.730s] running symlink_data
[0.730s] symbolically linking /home/yutong/scaledrive.ai/fincantieri/g1_hand_move/build/g1_arm_joint_control/config/hand_target_ik.yaml -> /home/yutong/scaledrive.ai/fincantieri/g1_hand_move/install/g1_arm_joint_control/share/g1_arm_joint_control/config
[0.749s] Invoked command in '/home/yutong/scaledrive.ai/fincantieri/g1_hand_move/build/g1_arm_joint_control' returned '0': CONDA_PROMPT_MODIFIER=(g1_control) PYTHONPATH=/home/yutong/scaledrive.ai/fincantieri/g1_hand_move/build/g1_arm_joint_control/prefix_override:/home/yutong/miniconda3/envs/g1_control/lib/python3.10/site-packages/colcon_core/task/python/colcon_distutils_commands:/home/yutong/scaledrive.ai/fincantieri/g1_hand_move/install/g1_arm_joint_control/lib/python3.10/site-packages:${PYTHONPATH} /home/yutong/miniconda3/envs/g1_control/bin/python3.10 -W ignore:setup.py install is deprecated -W ignore:easy_install command is deprecated setup.py develop --editable --build-directory /home/yutong/scaledrive.ai/fincantieri/g1_hand_move/build/g1_arm_joint_control/build --no-deps symlink_data
