[0.007s] Invoking command in '/home/yutong/scaledrive.ai/fincantieri/g1_hand_move/build/unitree_hg': CMAKE_PREFIX_PATH=/home/yutong/scaledrive.ai/fincantieri/g1_hand_move/install/g1_arm_joint_control:/opt/ros/humble /usr/bin/cmake /home/yutong/scaledrive.ai/fincantieri/g1_hand_move/src/unitree_hg -DAMENT_CMAKE_SYMLINK_INSTALL=1 -DCMAKE_INSTALL_PREFIX=/home/yutong/scaledrive.ai/fincantieri/g1_hand_move/install/unitree_hg
[0.139s] -- The C compiler identification is GNU 11.4.0
[0.271s] -- The CXX compiler identification is GNU 11.4.0
[0.284s] -- Detecting C compiler ABI info
[0.374s] -- Detecting C compiler ABI info - done
[0.381s] -- Check for working C compiler: /usr/bin/cc - skipped
[0.382s] -- Detecting C compile features
[0.383s] -- Detecting C compile features - done
[0.388s] -- Detecting CXX compiler ABI info
[0.480s] -- Detecting CXX compiler ABI info - done
[0.485s] -- Check for working CXX compiler: /usr/bin/c++ - skipped
[0.485s] -- Detecting CXX compile features
[0.486s] -- Detecting CXX compile features - done
[0.495s] -- Found ament_cmake: 1.3.12 (/opt/ros/humble/share/ament_cmake/cmake)
[0.660s] -- Found Python3: /usr/bin/python3 (found version "3.10.12") found components: Interpreter 
[0.723s] -- Override CMake install command with custom implementation using symlinks instead of copying resources
[0.769s] -- Found geometry_msgs: 4.9.0 (/opt/ros/humble/share/geometry_msgs/cmake)
[0.827s] -- Found rosidl_generator_c: 3.1.8 (/opt/ros/humble/share/rosidl_generator_c/cmake)
[0.832s] -- Found rosidl_adapter: 3.1.8 (/opt/ros/humble/share/rosidl_adapter/cmake)
[0.843s] -- Found rosidl_generator_cpp: 3.1.8 (/opt/ros/humble/share/rosidl_generator_cpp/cmake)
[0.859s] -- Using all available rosidl_typesupport_c: rosidl_typesupport_fastrtps_c;rosidl_typesupport_introspection_c
[0.877s] -- Using all available rosidl_typesupport_cpp: rosidl_typesupport_fastrtps_cpp;rosidl_typesupport_introspection_cpp
[0.918s] -- Found rosidl_default_generators: 1.2.0 (/opt/ros/humble/share/rosidl_default_generators/cmake)
[1.199s] -- Found ament_cmake_ros: 0.10.0 (/opt/ros/humble/share/ament_cmake_ros/cmake)
[1.562s] -- Using all available rosidl_typesupport_c: rosidl_typesupport_fastrtps_c;rosidl_typesupport_introspection_c
[1.693s] -- Using all available rosidl_typesupport_cpp: rosidl_typesupport_fastrtps_cpp;rosidl_typesupport_introspection_cpp
[1.716s] -- Found PythonInterp: /usr/bin/python3 (found suitable version "3.10.12", minimum required is "3.6") 
[1.718s] -- Found python_cmake_module: 0.10.0 (/opt/ros/humble/share/python_cmake_module/cmake)
[1.749s] -- Found PythonLibs: /usr/lib/x86_64-linux-gnu/libpython3.10.so (found suitable version "3.10.12", minimum required is "3.5") 
[1.750s] -- Using PYTHON_EXECUTABLE: /usr/bin/python3
[1.750s] -- Using PYTHON_INCLUDE_DIRS: /usr/include/python3.10
[1.750s] -- Using PYTHON_LIBRARIES: /usr/lib/x86_64-linux-gnu/libpython3.10.so
[1.776s] -- Found PythonExtra: .so  
[1.823s] -- Found ament_lint_auto: 0.12.14 (/opt/ros/humble/share/ament_lint_auto/cmake)
[1.853s] -- Added test 'copyright' to check source files copyright and LICENSE
[1.855s] -- Added test 'lint_cmake' to check CMake code style
[1.856s] -- Added test 'xmllint' to check XML markup files
[1.859s] -- Configuring done
[1.889s] -- Generating done
[1.896s] -- Build files have been written to: /home/yutong/scaledrive.ai/fincantieri/g1_hand_move/build/unitree_hg
[1.902s] Invoked command in '/home/yutong/scaledrive.ai/fincantieri/g1_hand_move/build/unitree_hg' returned '0': CMAKE_PREFIX_PATH=/home/yutong/scaledrive.ai/fincantieri/g1_hand_move/install/g1_arm_joint_control:/opt/ros/humble /usr/bin/cmake /home/yutong/scaledrive.ai/fincantieri/g1_hand_move/src/unitree_hg -DAMENT_CMAKE_SYMLINK_INSTALL=1 -DCMAKE_INSTALL_PREFIX=/home/yutong/scaledrive.ai/fincantieri/g1_hand_move/install/unitree_hg
[1.904s] Invoking command in '/home/yutong/scaledrive.ai/fincantieri/g1_hand_move/build/unitree_hg': CMAKE_PREFIX_PATH=/home/yutong/scaledrive.ai/fincantieri/g1_hand_move/install/g1_arm_joint_control:/opt/ros/humble /usr/bin/cmake --build /home/yutong/scaledrive.ai/fincantieri/g1_hand_move/build/unitree_hg -- -j16 -l16
[1.952s] [  1%] [34m[1mGenerating C code for ROS interfaces[0m
[1.959s] [  1%] [34m[1mGenerating C++ code for ROS interfaces[0m
[1.969s] [  1%] Built target ament_cmake_python_symlink_unitree_hg
[2.151s] running egg_info
[2.151s] creating unitree_hg.egg-info
[2.151s] writing unitree_hg.egg-info/PKG-INFO
[2.151s] writing dependency_links to unitree_hg.egg-info/dependency_links.txt
[2.151s] writing top-level names to unitree_hg.egg-info/top_level.txt
[2.152s] writing manifest file 'unitree_hg.egg-info/SOURCES.txt'
[2.153s] reading manifest file 'unitree_hg.egg-info/SOURCES.txt'
[2.153s] writing manifest file 'unitree_hg.egg-info/SOURCES.txt'
[2.173s] [  1%] Built target ament_cmake_python_build_unitree_hg_egg
[2.502s] [  1%] Built target unitree_hg__cpp
[2.511s] [  2%] [34m[1mGenerating C++ type support dispatch for ROS interfaces[0m
[2.512s] [  3%] [34m[1mGenerating C++ introspection for ROS interfaces[0m
[2.513s] [  3%] [34m[1mGenerating C++ type support for eProsima Fast-RTPS[0m
[2.534s] [  4%] [32mBuilding C object CMakeFiles/unitree_hg__rosidl_generator_c.dir/rosidl_generator_c/unitree_hg/msg/detail/low_cmd__functions.c.o[0m
[2.536s] [  6%] [32mBuilding C object CMakeFiles/unitree_hg__rosidl_generator_c.dir/rosidl_generator_c/unitree_hg/msg/detail/low_state__functions.c.o[0m
[2.536s] [  6%] [32mBuilding C object CMakeFiles/unitree_hg__rosidl_generator_c.dir/rosidl_generator_c/unitree_hg/msg/detail/motor_cmd__functions.c.o[0m
[2.536s] [  8%] [32mBuilding C object CMakeFiles/unitree_hg__rosidl_generator_c.dir/rosidl_generator_c/unitree_hg/msg/detail/motor_state__functions.c.o[0m
[2.536s] [  8%] [32mBuilding C object CMakeFiles/unitree_hg__rosidl_generator_c.dir/rosidl_generator_c/unitree_hg/msg/detail/hand_cmd__functions.c.o[0m
[2.537s] [ 10%] [32mBuilding C object CMakeFiles/unitree_hg__rosidl_generator_c.dir/rosidl_generator_c/unitree_hg/msg/detail/bms_state__functions.c.o[0m
[2.537s] [ 10%] [32mBuilding C object CMakeFiles/unitree_hg__rosidl_generator_c.dir/rosidl_generator_c/unitree_hg/msg/detail/bms_cmd__functions.c.o[0m
[2.537s] [ 11%] [32mBuilding C object CMakeFiles/unitree_hg__rosidl_generator_c.dir/rosidl_generator_c/unitree_hg/msg/detail/imu_state__functions.c.o[0m
[2.537s] [ 12%] [32mBuilding C object CMakeFiles/unitree_hg__rosidl_generator_c.dir/rosidl_generator_c/unitree_hg/msg/detail/hand_state__functions.c.o[0m
[2.537s] [ 12%] [32mBuilding C object CMakeFiles/unitree_hg__rosidl_generator_c.dir/rosidl_generator_c/unitree_hg/msg/detail/main_board_state__functions.c.o[0m
[2.539s] [ 13%] [32mBuilding C object CMakeFiles/unitree_hg__rosidl_generator_c.dir/rosidl_generator_c/unitree_hg/msg/detail/press_sensor_state__functions.c.o[0m
[2.604s] [ 14%] [32m[1mLinking C shared library libunitree_hg__rosidl_generator_c.so[0m
[2.645s] [ 14%] Built target unitree_hg__rosidl_generator_c
[2.654s] [ 15%] [34m[1mGenerating C type support dispatch for ROS interfaces[0m
[2.655s] [ 16%] [34m[1mGenerating C type support for eProsima Fast-RTPS[0m
[2.656s] [ 17%] [34m[1mGenerating C introspection for ROS interfaces[0m
[2.910s] [ 18%] [32mBuilding CXX object CMakeFiles/unitree_hg__rosidl_typesupport_cpp.dir/rosidl_typesupport_cpp/unitree_hg/msg/main_board_state__type_support.cpp.o[0m
[2.910s] [ 19%] [32mBuilding CXX object CMakeFiles/unitree_hg__rosidl_typesupport_cpp.dir/rosidl_typesupport_cpp/unitree_hg/msg/hand_cmd__type_support.cpp.o[0m
[2.910s] [ 20%] [32mBuilding CXX object CMakeFiles/unitree_hg__rosidl_typesupport_cpp.dir/rosidl_typesupport_cpp/unitree_hg/msg/bms_cmd__type_support.cpp.o[0m
[2.910s] [ 20%] [32mBuilding CXX object CMakeFiles/unitree_hg__rosidl_typesupport_cpp.dir/rosidl_typesupport_cpp/unitree_hg/msg/bms_state__type_support.cpp.o[0m
[2.911s] [ 21%] [32mBuilding CXX object CMakeFiles/unitree_hg__rosidl_typesupport_cpp.dir/rosidl_typesupport_cpp/unitree_hg/msg/low_cmd__type_support.cpp.o[0m
[2.911s] [ 22%] [32mBuilding CXX object CMakeFiles/unitree_hg__rosidl_typesupport_cpp.dir/rosidl_typesupport_cpp/unitree_hg/msg/motor_cmd__type_support.cpp.o[0m
[2.911s] [ 23%] [32mBuilding CXX object CMakeFiles/unitree_hg__rosidl_typesupport_cpp.dir/rosidl_typesupport_cpp/unitree_hg/msg/hand_state__type_support.cpp.o[0m
[2.911s] [ 24%] [32mBuilding CXX object CMakeFiles/unitree_hg__rosidl_typesupport_cpp.dir/rosidl_typesupport_cpp/unitree_hg/msg/imu_state__type_support.cpp.o[0m
[2.911s] [ 25%] [32mBuilding CXX object CMakeFiles/unitree_hg__rosidl_typesupport_cpp.dir/rosidl_typesupport_cpp/unitree_hg/msg/low_state__type_support.cpp.o[0m
[2.911s] [ 27%] [32mBuilding CXX object CMakeFiles/unitree_hg__rosidl_typesupport_cpp.dir/rosidl_typesupport_cpp/unitree_hg/msg/motor_state__type_support.cpp.o[0m
[2.911s] [ 27%] [32mBuilding CXX object CMakeFiles/unitree_hg__rosidl_typesupport_cpp.dir/rosidl_typesupport_cpp/unitree_hg/msg/press_sensor_state__type_support.cpp.o[0m
[3.128s] [ 28%] [32mBuilding CXX object CMakeFiles/unitree_hg__rosidl_typesupport_introspection_cpp.dir/rosidl_typesupport_introspection_cpp/unitree_hg/msg/detail/bms_cmd__type_support.cpp.o[0m
[3.162s] [ 29%] [32mBuilding CXX object CMakeFiles/unitree_hg__rosidl_typesupport_c.dir/rosidl_typesupport_c/unitree_hg/msg/bms_cmd__type_support.cpp.o[0m
[3.196s] [ 30%] [32mBuilding CXX object CMakeFiles/unitree_hg__rosidl_typesupport_c.dir/rosidl_typesupport_c/unitree_hg/msg/bms_state__type_support.cpp.o[0m
[3.211s] [ 30%] [32mBuilding CXX object CMakeFiles/unitree_hg__rosidl_typesupport_c.dir/rosidl_typesupport_c/unitree_hg/msg/hand_cmd__type_support.cpp.o[0m
[3.213s] [ 30%] [32mBuilding CXX object CMakeFiles/unitree_hg__rosidl_typesupport_introspection_cpp.dir/rosidl_typesupport_introspection_cpp/unitree_hg/msg/detail/bms_state__type_support.cpp.o[0m
[3.227s] [ 31%] [32mBuilding CXX object CMakeFiles/unitree_hg__rosidl_typesupport_c.dir/rosidl_typesupport_c/unitree_hg/msg/hand_state__type_support.cpp.o[0m
[3.228s] [ 32%] [32mBuilding CXX object CMakeFiles/unitree_hg__rosidl_typesupport_introspection_cpp.dir/rosidl_typesupport_introspection_cpp/unitree_hg/msg/detail/hand_state__type_support.cpp.o[0m
[3.229s] [ 33%] [32mBuilding CXX object CMakeFiles/unitree_hg__rosidl_typesupport_introspection_cpp.dir/rosidl_typesupport_introspection_cpp/unitree_hg/msg/detail/hand_cmd__type_support.cpp.o[0m
[3.229s] [ 34%] [32mBuilding CXX object CMakeFiles/unitree_hg__rosidl_typesupport_c.dir/rosidl_typesupport_c/unitree_hg/msg/imu_state__type_support.cpp.o[0m
[3.244s] [ 35%] [32mBuilding CXX object CMakeFiles/unitree_hg__rosidl_typesupport_c.dir/rosidl_typesupport_c/unitree_hg/msg/low_cmd__type_support.cpp.o[0m
[3.258s] [ 36%] [32mBuilding CXX object CMakeFiles/unitree_hg__rosidl_typesupport_introspection_cpp.dir/rosidl_typesupport_introspection_cpp/unitree_hg/msg/detail/imu_state__type_support.cpp.o[0m
[3.258s] [ 37%] [32mBuilding CXX object CMakeFiles/unitree_hg__rosidl_typesupport_introspection_cpp.dir/rosidl_typesupport_introspection_cpp/unitree_hg/msg/detail/low_cmd__type_support.cpp.o[0m
[3.276s] [ 38%] [32mBuilding CXX object CMakeFiles/unitree_hg__rosidl_typesupport_c.dir/rosidl_typesupport_c/unitree_hg/msg/low_state__type_support.cpp.o[0m
[3.284s] [ 39%] [32mBuilding CXX object CMakeFiles/unitree_hg__rosidl_typesupport_introspection_cpp.dir/rosidl_typesupport_introspection_cpp/unitree_hg/msg/detail/low_state__type_support.cpp.o[0m
[3.291s] [ 40%] [32mBuilding CXX object CMakeFiles/unitree_hg__rosidl_typesupport_introspection_cpp.dir/rosidl_typesupport_introspection_cpp/unitree_hg/msg/detail/main_board_state__type_support.cpp.o[0m
[3.294s] [ 41%] [32mBuilding CXX object CMakeFiles/unitree_hg__rosidl_typesupport_c.dir/rosidl_typesupport_c/unitree_hg/msg/main_board_state__type_support.cpp.o[0m
[3.294s] [ 42%] [32mBuilding CXX object CMakeFiles/unitree_hg__rosidl_typesupport_c.dir/rosidl_typesupport_c/unitree_hg/msg/motor_cmd__type_support.cpp.o[0m
[3.295s] [ 43%] [32mBuilding CXX object CMakeFiles/unitree_hg__rosidl_typesupport_introspection_cpp.dir/rosidl_typesupport_introspection_cpp/unitree_hg/msg/detail/motor_cmd__type_support.cpp.o[0m
[3.295s] [ 44%] [32m[1mLinking CXX shared library libunitree_hg__rosidl_typesupport_cpp.so[0m
[3.320s] [ 45%] [32mBuilding CXX object CMakeFiles/unitree_hg__rosidl_typesupport_introspection_cpp.dir/rosidl_typesupport_introspection_cpp/unitree_hg/msg/detail/motor_state__type_support.cpp.o[0m
[3.322s] [ 46%] [32mBuilding CXX object CMakeFiles/unitree_hg__rosidl_typesupport_c.dir/rosidl_typesupport_c/unitree_hg/msg/motor_state__type_support.cpp.o[0m
[3.326s] [ 47%] [32mBuilding CXX object CMakeFiles/unitree_hg__rosidl_typesupport_c.dir/rosidl_typesupport_c/unitree_hg/msg/press_sensor_state__type_support.cpp.o[0m
[3.352s] [ 47%] Built target unitree_hg__rosidl_typesupport_cpp
[3.357s] [ 48%] [32mBuilding CXX object CMakeFiles/unitree_hg__rosidl_typesupport_introspection_cpp.dir/rosidl_typesupport_introspection_cpp/unitree_hg/msg/detail/press_sensor_state__type_support.cpp.o[0m
[3.360s] [ 49%] [32m[1mLinking CXX shared library libunitree_hg__rosidl_typesupport_c.so[0m
[3.377s] [ 50%] [32mBuilding CXX object CMakeFiles/unitree_hg__rosidl_typesupport_fastrtps_cpp.dir/rosidl_typesupport_fastrtps_cpp/unitree_hg/msg/detail/dds_fastrtps/bms_cmd__type_support.cpp.o[0m
[3.385s] [ 51%] [32mBuilding CXX object CMakeFiles/unitree_hg__rosidl_typesupport_fastrtps_cpp.dir/rosidl_typesupport_fastrtps_cpp/unitree_hg/msg/detail/dds_fastrtps/bms_state__type_support.cpp.o[0m
[3.409s] [ 51%] Built target unitree_hg__rosidl_typesupport_c
[3.419s] [ 52%] [32mBuilding CXX object CMakeFiles/unitree_hg__rosidl_typesupport_fastrtps_cpp.dir/rosidl_typesupport_fastrtps_cpp/unitree_hg/msg/detail/dds_fastrtps/hand_cmd__type_support.cpp.o[0m
[3.525s] [ 53%] [32mBuilding CXX object CMakeFiles/unitree_hg__rosidl_typesupport_fastrtps_c.dir/rosidl_typesupport_fastrtps_c/unitree_hg/msg/detail/bms_cmd__type_support_c.cpp.o[0m
[3.544s] [ 54%] [32mBuilding CXX object CMakeFiles/unitree_hg__rosidl_typesupport_fastrtps_cpp.dir/rosidl_typesupport_fastrtps_cpp/unitree_hg/msg/detail/dds_fastrtps/hand_state__type_support.cpp.o[0m
[3.635s] [ 55%] [32mBuilding CXX object CMakeFiles/unitree_hg__rosidl_typesupport_fastrtps_c.dir/rosidl_typesupport_fastrtps_c/unitree_hg/msg/detail/bms_state__type_support_c.cpp.o[0m
[3.661s] [ 56%] [32mBuilding CXX object CMakeFiles/unitree_hg__rosidl_typesupport_fastrtps_cpp.dir/rosidl_typesupport_fastrtps_cpp/unitree_hg/msg/detail/dds_fastrtps/imu_state__type_support.cpp.o[0m
[3.668s] [ 57%] [32mBuilding CXX object CMakeFiles/unitree_hg__rosidl_typesupport_fastrtps_c.dir/rosidl_typesupport_fastrtps_c/unitree_hg/msg/detail/hand_cmd__type_support_c.cpp.o[0m
[3.694s] [ 58%] [32mBuilding CXX object CMakeFiles/unitree_hg__rosidl_typesupport_fastrtps_cpp.dir/rosidl_typesupport_fastrtps_cpp/unitree_hg/msg/detail/dds_fastrtps/low_cmd__type_support.cpp.o[0m
[3.703s] [ 59%] [32mBuilding C object CMakeFiles/unitree_hg__rosidl_typesupport_introspection_c.dir/rosidl_typesupport_introspection_c/unitree_hg/msg/detail/bms_cmd__type_support.c.o[0m
[3.739s] [ 60%] [32mBuilding C object CMakeFiles/unitree_hg__rosidl_typesupport_introspection_c.dir/rosidl_typesupport_introspection_c/unitree_hg/msg/detail/bms_state__type_support.c.o[0m
[3.776s] [ 61%] [32mBuilding C object CMakeFiles/unitree_hg__rosidl_typesupport_introspection_c.dir/rosidl_typesupport_introspection_c/unitree_hg/msg/detail/hand_cmd__type_support.c.o[0m
[3.785s] [ 62%] [32mBuilding CXX object CMakeFiles/unitree_hg__rosidl_typesupport_fastrtps_c.dir/rosidl_typesupport_fastrtps_c/unitree_hg/msg/detail/hand_state__type_support_c.cpp.o[0m
[3.791s] [ 63%] [32mBuilding C object CMakeFiles/unitree_hg__rosidl_typesupport_introspection_c.dir/rosidl_typesupport_introspection_c/unitree_hg/msg/detail/hand_state__type_support.c.o[0m
[3.806s] [ 63%] [32mBuilding CXX object CMakeFiles/unitree_hg__rosidl_typesupport_fastrtps_c.dir/rosidl_typesupport_fastrtps_c/unitree_hg/msg/detail/imu_state__type_support_c.cpp.o[0m
[3.818s] [ 64%] [32mBuilding CXX object CMakeFiles/unitree_hg__rosidl_typesupport_fastrtps_cpp.dir/rosidl_typesupport_fastrtps_cpp/unitree_hg/msg/detail/dds_fastrtps/low_state__type_support.cpp.o[0m
[3.823s] [ 65%] [32mBuilding CXX object CMakeFiles/unitree_hg__rosidl_typesupport_fastrtps_c.dir/rosidl_typesupport_fastrtps_c/unitree_hg/msg/detail/low_cmd__type_support_c.cpp.o[0m
[3.831s] [ 66%] [32mBuilding CXX object CMakeFiles/unitree_hg__rosidl_typesupport_fastrtps_c.dir/rosidl_typesupport_fastrtps_c/unitree_hg/msg/detail/low_state__type_support_c.cpp.o[0m
[3.838s] [ 68%] [32mBuilding CXX object CMakeFiles/unitree_hg__rosidl_typesupport_fastrtps_cpp.dir/rosidl_typesupport_fastrtps_cpp/unitree_hg/msg/detail/dds_fastrtps/main_board_state__type_support.cpp.o[0m
[3.838s] [ 68%] [32mBuilding C object CMakeFiles/unitree_hg__rosidl_typesupport_introspection_c.dir/rosidl_typesupport_introspection_c/unitree_hg/msg/detail/imu_state__type_support.c.o[0m
[3.864s] [ 70%] [32mBuilding C object CMakeFiles/unitree_hg__rosidl_typesupport_introspection_c.dir/rosidl_typesupport_introspection_c/unitree_hg/msg/detail/low_cmd__type_support.c.o[0m
[3.864s] [ 70%] [32m[1mLinking CXX shared library libunitree_hg__rosidl_typesupport_introspection_cpp.so[0m
[3.880s] [ 72%] [32mBuilding CXX object CMakeFiles/unitree_hg__rosidl_typesupport_fastrtps_c.dir/rosidl_typesupport_fastrtps_c/unitree_hg/msg/detail/main_board_state__type_support_c.cpp.o[0m
[3.880s] [ 72%] [32mBuilding CXX object CMakeFiles/unitree_hg__rosidl_typesupport_fastrtps_cpp.dir/rosidl_typesupport_fastrtps_cpp/unitree_hg/msg/detail/dds_fastrtps/motor_cmd__type_support.cpp.o[0m
[3.904s] [ 72%] [32mBuilding C object CMakeFiles/unitree_hg__rosidl_typesupport_introspection_c.dir/rosidl_typesupport_introspection_c/unitree_hg/msg/detail/low_state__type_support.c.o[0m
[3.948s] [ 73%] [32mBuilding C object CMakeFiles/unitree_hg__rosidl_typesupport_introspection_c.dir/rosidl_typesupport_introspection_c/unitree_hg/msg/detail/main_board_state__type_support.c.o[0m
[3.957s] [ 73%] [32mBuilding CXX object CMakeFiles/unitree_hg__rosidl_typesupport_fastrtps_cpp.dir/rosidl_typesupport_fastrtps_cpp/unitree_hg/msg/detail/dds_fastrtps/motor_state__type_support.cpp.o[0m
[3.977s] [ 73%] Built target unitree_hg__rosidl_typesupport_introspection_cpp
[3.988s] [ 74%] [32mBuilding C object CMakeFiles/unitree_hg__rosidl_typesupport_introspection_c.dir/rosidl_typesupport_introspection_c/unitree_hg/msg/detail/motor_cmd__type_support.c.o[0m
[3.993s] [ 75%] [32mBuilding CXX object CMakeFiles/unitree_hg__rosidl_typesupport_fastrtps_c.dir/rosidl_typesupport_fastrtps_c/unitree_hg/msg/detail/motor_cmd__type_support_c.cpp.o[0m
[4.005s] [ 76%] [32mBuilding CXX object CMakeFiles/unitree_hg__rosidl_typesupport_fastrtps_cpp.dir/rosidl_typesupport_fastrtps_cpp/unitree_hg/msg/detail/dds_fastrtps/press_sensor_state__type_support.cpp.o[0m
[4.009s] [ 77%] [32mBuilding C object CMakeFiles/unitree_hg__rosidl_typesupport_introspection_c.dir/rosidl_typesupport_introspection_c/unitree_hg/msg/detail/motor_state__type_support.c.o[0m
[4.028s] [ 78%] [32mBuilding C object CMakeFiles/unitree_hg__rosidl_typesupport_introspection_c.dir/rosidl_typesupport_introspection_c/unitree_hg/msg/detail/press_sensor_state__type_support.c.o[0m
[4.049s] [ 79%] [32mBuilding CXX object CMakeFiles/unitree_hg__rosidl_typesupport_fastrtps_c.dir/rosidl_typesupport_fastrtps_c/unitree_hg/msg/detail/motor_state__type_support_c.cpp.o[0m
[4.066s] [ 80%] [32m[1mLinking C shared library libunitree_hg__rosidl_typesupport_introspection_c.so[0m
[4.090s] [ 81%] [32mBuilding CXX object CMakeFiles/unitree_hg__rosidl_typesupport_fastrtps_c.dir/rosidl_typesupport_fastrtps_c/unitree_hg/msg/detail/press_sensor_state__type_support_c.cpp.o[0m
[4.107s] [ 81%] Built target unitree_hg__rosidl_typesupport_introspection_c
[4.355s] [ 82%] [32m[1mLinking CXX shared library libunitree_hg__rosidl_typesupport_fastrtps_c.so[0m
[4.400s] [ 83%] [32m[1mLinking CXX shared library libunitree_hg__rosidl_typesupport_fastrtps_cpp.so[0m
[4.419s] [ 83%] Built target unitree_hg__rosidl_typesupport_fastrtps_c
[4.465s] [ 83%] Built target unitree_hg__rosidl_typesupport_fastrtps_cpp
[4.489s] [ 83%] Built target unitree_hg
[4.517s] [ 84%] [34m[1mGenerating Python code for ROS interfaces[0m
[5.410s] [ 84%] Built target unitree_hg__py
[5.433s] [ 85%] [32mBuilding C object CMakeFiles/unitree_hg__rosidl_generator_py.dir/rosidl_generator_py/unitree_hg/msg/_hand_cmd_s.c.o[0m
[5.434s] [ 86%] [32mBuilding C object CMakeFiles/unitree_hg__rosidl_generator_py.dir/rosidl_generator_py/unitree_hg/msg/_low_state_s.c.o[0m
[5.435s] [ 88%] [32mBuilding C object CMakeFiles/unitree_hg__rosidl_generator_py.dir/rosidl_generator_py/unitree_hg/msg/_bms_state_s.c.o[0m
[5.435s] [ 88%] [32mBuilding C object CMakeFiles/unitree_hg__rosidl_generator_py.dir/rosidl_generator_py/unitree_hg/msg/_bms_cmd_s.c.o[0m
[5.435s] [ 89%] [32mBuilding C object CMakeFiles/unitree_hg__rosidl_generator_py.dir/rosidl_generator_py/unitree_hg/msg/_main_board_state_s.c.o[0m
[5.435s] [ 90%] [32mBuilding C object CMakeFiles/unitree_hg__rosidl_generator_py.dir/rosidl_generator_py/unitree_hg/msg/_motor_cmd_s.c.o[0m
[5.437s] [ 92%] [32mBuilding C object CMakeFiles/unitree_hg__rosidl_generator_py.dir/rosidl_generator_py/unitree_hg/msg/_hand_state_s.c.o[0m
[5.437s] [ 92%] [32mBuilding C object CMakeFiles/unitree_hg__rosidl_generator_py.dir/rosidl_generator_py/unitree_hg/msg/_imu_state_s.c.o[0m
[5.438s] [ 92%] [32mBuilding C object CMakeFiles/unitree_hg__rosidl_generator_py.dir/rosidl_generator_py/unitree_hg/msg/_low_cmd_s.c.o[0m
[5.442s] [ 93%] [32mBuilding C object CMakeFiles/unitree_hg__rosidl_generator_py.dir/rosidl_generator_py/unitree_hg/msg/_motor_state_s.c.o[0m
[5.442s] [ 94%] [32mBuilding C object CMakeFiles/unitree_hg__rosidl_generator_py.dir/rosidl_generator_py/unitree_hg/msg/_press_sensor_state_s.c.o[0m
[5.590s] [ 95%] [32m[1mLinking C shared library rosidl_generator_py/unitree_hg/libunitree_hg__rosidl_generator_py.so[0m
[5.639s] [ 95%] Built target unitree_hg__rosidl_generator_py
[5.663s] [ 96%] [32mBuilding C object CMakeFiles/unitree_hg__rosidl_typesupport_fastrtps_c__pyext.dir/rosidl_generator_py/unitree_hg/_unitree_hg_s.ep.rosidl_typesupport_fastrtps_c.c.o[0m
[5.664s] [ 96%] [32mBuilding C object CMakeFiles/unitree_hg__rosidl_typesupport_c__pyext.dir/rosidl_generator_py/unitree_hg/_unitree_hg_s.ep.rosidl_typesupport_c.c.o[0m
[5.665s] [ 97%] [32mBuilding C object CMakeFiles/unitree_hg__rosidl_typesupport_introspection_c__pyext.dir/rosidl_generator_py/unitree_hg/_unitree_hg_s.ep.rosidl_typesupport_introspection_c.c.o[0m
[5.752s] [ 99%] [32m[1mLinking C shared library rosidl_generator_py/unitree_hg/unitree_hg_s__rosidl_typesupport_fastrtps_c.cpython-310-x86_64-linux-gnu.so[0m
[5.752s] [ 99%] [32m[1mLinking C shared library rosidl_generator_py/unitree_hg/unitree_hg_s__rosidl_typesupport_introspection_c.cpython-310-x86_64-linux-gnu.so[0m
[5.754s] [100%] [32m[1mLinking C shared library rosidl_generator_py/unitree_hg/unitree_hg_s__rosidl_typesupport_c.cpython-310-x86_64-linux-gnu.so[0m
[5.791s] [100%] Built target unitree_hg__rosidl_typesupport_introspection_c__pyext
[5.797s] [100%] Built target unitree_hg__rosidl_typesupport_fastrtps_c__pyext
[5.798s] [100%] Built target unitree_hg__rosidl_typesupport_c__pyext
[5.810s] Invoked command in '/home/yutong/scaledrive.ai/fincantieri/g1_hand_move/build/unitree_hg' returned '0': CMAKE_PREFIX_PATH=/home/yutong/scaledrive.ai/fincantieri/g1_hand_move/install/g1_arm_joint_control:/opt/ros/humble /usr/bin/cmake --build /home/yutong/scaledrive.ai/fincantieri/g1_hand_move/build/unitree_hg -- -j16 -l16
[5.824s] Invoking command in '/home/yutong/scaledrive.ai/fincantieri/g1_hand_move/build/unitree_hg': CMAKE_PREFIX_PATH=/home/yutong/scaledrive.ai/fincantieri/g1_hand_move/install/g1_arm_joint_control:/opt/ros/humble /usr/bin/cmake --install /home/yutong/scaledrive.ai/fincantieri/g1_hand_move/build/unitree_hg
[5.832s] -- Install configuration: ""
[5.833s] -- Execute custom install script
[5.833s] -- Symlinking: /home/yutong/scaledrive.ai/fincantieri/g1_hand_move/install/unitree_hg/share/ament_index/resource_index/rosidl_interfaces/unitree_hg
[5.843s] -- Symlinking: /home/yutong/scaledrive.ai/fincantieri/g1_hand_move/install/unitree_hg/include/unitree_hg/unitree_hg/msg/bms_cmd.h
[5.852s] -- Symlinking: /home/yutong/scaledrive.ai/fincantieri/g1_hand_move/install/unitree_hg/include/unitree_hg/unitree_hg/msg/bms_state.h
[5.864s] -- Symlinking: /home/yutong/scaledrive.ai/fincantieri/g1_hand_move/install/unitree_hg/include/unitree_hg/unitree_hg/msg/detail/bms_cmd__functions.h
[5.874s] -- Symlinking: /home/yutong/scaledrive.ai/fincantieri/g1_hand_move/install/unitree_hg/include/unitree_hg/unitree_hg/msg/detail/bms_cmd__struct.h
[5.883s] -- Symlinking: /home/yutong/scaledrive.ai/fincantieri/g1_hand_move/install/unitree_hg/include/unitree_hg/unitree_hg/msg/detail/bms_cmd__type_support.h
[5.892s] -- Symlinking: /home/yutong/scaledrive.ai/fincantieri/g1_hand_move/install/unitree_hg/include/unitree_hg/unitree_hg/msg/detail/bms_state__functions.h
[5.903s] -- Symlinking: /home/yutong/scaledrive.ai/fincantieri/g1_hand_move/install/unitree_hg/include/unitree_hg/unitree_hg/msg/detail/bms_state__struct.h
[5.912s] -- Symlinking: /home/yutong/scaledrive.ai/fincantieri/g1_hand_move/install/unitree_hg/include/unitree_hg/unitree_hg/msg/detail/bms_state__type_support.h
[5.921s] -- Symlinking: /home/yutong/scaledrive.ai/fincantieri/g1_hand_move/install/unitree_hg/include/unitree_hg/unitree_hg/msg/detail/hand_cmd__functions.h
[5.929s] -- Symlinking: /home/yutong/scaledrive.ai/fincantieri/g1_hand_move/install/unitree_hg/include/unitree_hg/unitree_hg/msg/detail/hand_cmd__struct.h
[5.939s] -- Symlinking: /home/yutong/scaledrive.ai/fincantieri/g1_hand_move/install/unitree_hg/include/unitree_hg/unitree_hg/msg/detail/hand_cmd__type_support.h
[5.949s] -- Symlinking: /home/yutong/scaledrive.ai/fincantieri/g1_hand_move/install/unitree_hg/include/unitree_hg/unitree_hg/msg/detail/hand_state__functions.h
[5.959s] -- Symlinking: /home/yutong/scaledrive.ai/fincantieri/g1_hand_move/install/unitree_hg/include/unitree_hg/unitree_hg/msg/detail/hand_state__struct.h
[5.970s] -- Symlinking: /home/yutong/scaledrive.ai/fincantieri/g1_hand_move/install/unitree_hg/include/unitree_hg/unitree_hg/msg/detail/hand_state__type_support.h
[5.980s] -- Symlinking: /home/yutong/scaledrive.ai/fincantieri/g1_hand_move/install/unitree_hg/include/unitree_hg/unitree_hg/msg/detail/imu_state__functions.h
[5.986s] -- Symlinking: /home/yutong/scaledrive.ai/fincantieri/g1_hand_move/install/unitree_hg/include/unitree_hg/unitree_hg/msg/detail/imu_state__struct.h
[5.993s] -- Symlinking: /home/yutong/scaledrive.ai/fincantieri/g1_hand_move/install/unitree_hg/include/unitree_hg/unitree_hg/msg/detail/imu_state__type_support.h
[6.002s] -- Symlinking: /home/yutong/scaledrive.ai/fincantieri/g1_hand_move/install/unitree_hg/include/unitree_hg/unitree_hg/msg/detail/low_cmd__functions.h
[6.011s] -- Symlinking: /home/yutong/scaledrive.ai/fincantieri/g1_hand_move/install/unitree_hg/include/unitree_hg/unitree_hg/msg/detail/low_cmd__struct.h
[6.022s] -- Symlinking: /home/yutong/scaledrive.ai/fincantieri/g1_hand_move/install/unitree_hg/include/unitree_hg/unitree_hg/msg/detail/low_cmd__type_support.h
[6.032s] -- Symlinking: /home/yutong/scaledrive.ai/fincantieri/g1_hand_move/install/unitree_hg/include/unitree_hg/unitree_hg/msg/detail/low_state__functions.h
[6.038s] -- Symlinking: /home/yutong/scaledrive.ai/fincantieri/g1_hand_move/install/unitree_hg/include/unitree_hg/unitree_hg/msg/detail/low_state__struct.h
[6.045s] -- Symlinking: /home/yutong/scaledrive.ai/fincantieri/g1_hand_move/install/unitree_hg/include/unitree_hg/unitree_hg/msg/detail/low_state__type_support.h
[6.053s] -- Symlinking: /home/yutong/scaledrive.ai/fincantieri/g1_hand_move/install/unitree_hg/include/unitree_hg/unitree_hg/msg/detail/main_board_state__functions.h
[6.063s] -- Symlinking: /home/yutong/scaledrive.ai/fincantieri/g1_hand_move/install/unitree_hg/include/unitree_hg/unitree_hg/msg/detail/main_board_state__struct.h
[6.073s] -- Symlinking: /home/yutong/scaledrive.ai/fincantieri/g1_hand_move/install/unitree_hg/include/unitree_hg/unitree_hg/msg/detail/main_board_state__type_support.h
[6.082s] -- Symlinking: /home/yutong/scaledrive.ai/fincantieri/g1_hand_move/install/unitree_hg/include/unitree_hg/unitree_hg/msg/detail/motor_cmd__functions.h
[6.090s] -- Symlinking: /home/yutong/scaledrive.ai/fincantieri/g1_hand_move/install/unitree_hg/include/unitree_hg/unitree_hg/msg/detail/motor_cmd__struct.h
[6.101s] -- Symlinking: /home/yutong/scaledrive.ai/fincantieri/g1_hand_move/install/unitree_hg/include/unitree_hg/unitree_hg/msg/detail/motor_cmd__type_support.h
[6.111s] -- Symlinking: /home/yutong/scaledrive.ai/fincantieri/g1_hand_move/install/unitree_hg/include/unitree_hg/unitree_hg/msg/detail/motor_state__functions.h
[6.116s] -- Symlinking: /home/yutong/scaledrive.ai/fincantieri/g1_hand_move/install/unitree_hg/include/unitree_hg/unitree_hg/msg/detail/motor_state__struct.h
[6.123s] -- Symlinking: /home/yutong/scaledrive.ai/fincantieri/g1_hand_move/install/unitree_hg/include/unitree_hg/unitree_hg/msg/detail/motor_state__type_support.h
[6.134s] -- Symlinking: /home/yutong/scaledrive.ai/fincantieri/g1_hand_move/install/unitree_hg/include/unitree_hg/unitree_hg/msg/detail/press_sensor_state__functions.h
[6.147s] -- Symlinking: /home/yutong/scaledrive.ai/fincantieri/g1_hand_move/install/unitree_hg/include/unitree_hg/unitree_hg/msg/detail/press_sensor_state__struct.h
[6.158s] -- Symlinking: /home/yutong/scaledrive.ai/fincantieri/g1_hand_move/install/unitree_hg/include/unitree_hg/unitree_hg/msg/detail/press_sensor_state__type_support.h
[6.170s] -- Symlinking: /home/yutong/scaledrive.ai/fincantieri/g1_hand_move/install/unitree_hg/include/unitree_hg/unitree_hg/msg/hand_cmd.h
[6.183s] -- Symlinking: /home/yutong/scaledrive.ai/fincantieri/g1_hand_move/install/unitree_hg/include/unitree_hg/unitree_hg/msg/hand_state.h
[6.193s] -- Symlinking: /home/yutong/scaledrive.ai/fincantieri/g1_hand_move/install/unitree_hg/include/unitree_hg/unitree_hg/msg/imu_state.h
[6.201s] -- Symlinking: /home/yutong/scaledrive.ai/fincantieri/g1_hand_move/install/unitree_hg/include/unitree_hg/unitree_hg/msg/low_cmd.h
[6.212s] -- Symlinking: /home/yutong/scaledrive.ai/fincantieri/g1_hand_move/install/unitree_hg/include/unitree_hg/unitree_hg/msg/low_state.h
[6.221s] -- Symlinking: /home/yutong/scaledrive.ai/fincantieri/g1_hand_move/install/unitree_hg/include/unitree_hg/unitree_hg/msg/main_board_state.h
[6.229s] -- Symlinking: /home/yutong/scaledrive.ai/fincantieri/g1_hand_move/install/unitree_hg/include/unitree_hg/unitree_hg/msg/motor_cmd.h
[6.239s] -- Symlinking: /home/yutong/scaledrive.ai/fincantieri/g1_hand_move/install/unitree_hg/include/unitree_hg/unitree_hg/msg/motor_state.h
[6.252s] -- Symlinking: /home/yutong/scaledrive.ai/fincantieri/g1_hand_move/install/unitree_hg/include/unitree_hg/unitree_hg/msg/press_sensor_state.h
[6.262s] -- Symlinking: /home/yutong/scaledrive.ai/fincantieri/g1_hand_move/install/unitree_hg/include/unitree_hg/unitree_hg/msg/rosidl_generator_c__visibility_control.h
[6.272s] -- Symlinking: /home/yutong/scaledrive.ai/fincantieri/g1_hand_move/install/unitree_hg/share/unitree_hg/environment/library_path.sh
[6.283s] -- Symlinking: /home/yutong/scaledrive.ai/fincantieri/g1_hand_move/install/unitree_hg/share/unitree_hg/environment/library_path.dsv
[6.295s] -- Symlinking: /home/yutong/scaledrive.ai/fincantieri/g1_hand_move/install/unitree_hg/include/unitree_hg/unitree_hg/msg/detail/bms_cmd__rosidl_typesupport_fastrtps_c.h
[6.305s] -- Symlinking: /home/yutong/scaledrive.ai/fincantieri/g1_hand_move/install/unitree_hg/include/unitree_hg/unitree_hg/msg/detail/bms_state__rosidl_typesupport_fastrtps_c.h
[6.315s] -- Symlinking: /home/yutong/scaledrive.ai/fincantieri/g1_hand_move/install/unitree_hg/include/unitree_hg/unitree_hg/msg/detail/hand_cmd__rosidl_typesupport_fastrtps_c.h
[6.326s] -- Symlinking: /home/yutong/scaledrive.ai/fincantieri/g1_hand_move/install/unitree_hg/include/unitree_hg/unitree_hg/msg/detail/hand_state__rosidl_typesupport_fastrtps_c.h
[6.334s] -- Symlinking: /home/yutong/scaledrive.ai/fincantieri/g1_hand_move/install/unitree_hg/include/unitree_hg/unitree_hg/msg/detail/imu_state__rosidl_typesupport_fastrtps_c.h
[6.343s] -- Symlinking: /home/yutong/scaledrive.ai/fincantieri/g1_hand_move/install/unitree_hg/include/unitree_hg/unitree_hg/msg/detail/low_cmd__rosidl_typesupport_fastrtps_c.h
[6.352s] -- Symlinking: /home/yutong/scaledrive.ai/fincantieri/g1_hand_move/install/unitree_hg/include/unitree_hg/unitree_hg/msg/detail/low_state__rosidl_typesupport_fastrtps_c.h
[6.363s] -- Symlinking: /home/yutong/scaledrive.ai/fincantieri/g1_hand_move/install/unitree_hg/include/unitree_hg/unitree_hg/msg/detail/main_board_state__rosidl_typesupport_fastrtps_c.h
[6.374s] -- Symlinking: /home/yutong/scaledrive.ai/fincantieri/g1_hand_move/install/unitree_hg/include/unitree_hg/unitree_hg/msg/detail/motor_cmd__rosidl_typesupport_fastrtps_c.h
[6.384s] -- Symlinking: /home/yutong/scaledrive.ai/fincantieri/g1_hand_move/install/unitree_hg/include/unitree_hg/unitree_hg/msg/detail/motor_state__rosidl_typesupport_fastrtps_c.h
[6.394s] -- Symlinking: /home/yutong/scaledrive.ai/fincantieri/g1_hand_move/install/unitree_hg/include/unitree_hg/unitree_hg/msg/detail/press_sensor_state__rosidl_typesupport_fastrtps_c.h
[6.403s] -- Symlinking: /home/yutong/scaledrive.ai/fincantieri/g1_hand_move/install/unitree_hg/include/unitree_hg/unitree_hg/msg/rosidl_typesupport_fastrtps_c__visibility_control.h
[6.411s] -- Symlinking: /home/yutong/scaledrive.ai/fincantieri/g1_hand_move/install/unitree_hg/include/unitree_hg/unitree_hg/msg/bms_cmd.hpp
[6.421s] -- Symlinking: /home/yutong/scaledrive.ai/fincantieri/g1_hand_move/install/unitree_hg/include/unitree_hg/unitree_hg/msg/bms_state.hpp
[6.430s] -- Symlinking: /home/yutong/scaledrive.ai/fincantieri/g1_hand_move/install/unitree_hg/include/unitree_hg/unitree_hg/msg/detail/bms_cmd__builder.hpp
[6.441s] -- Symlinking: /home/yutong/scaledrive.ai/fincantieri/g1_hand_move/install/unitree_hg/include/unitree_hg/unitree_hg/msg/detail/bms_cmd__struct.hpp
[6.453s] -- Symlinking: /home/yutong/scaledrive.ai/fincantieri/g1_hand_move/install/unitree_hg/include/unitree_hg/unitree_hg/msg/detail/bms_cmd__traits.hpp
[6.464s] -- Symlinking: /home/yutong/scaledrive.ai/fincantieri/g1_hand_move/install/unitree_hg/include/unitree_hg/unitree_hg/msg/detail/bms_cmd__type_support.hpp
[6.476s] -- Symlinking: /home/yutong/scaledrive.ai/fincantieri/g1_hand_move/install/unitree_hg/include/unitree_hg/unitree_hg/msg/detail/bms_state__builder.hpp
[6.486s] -- Symlinking: /home/yutong/scaledrive.ai/fincantieri/g1_hand_move/install/unitree_hg/include/unitree_hg/unitree_hg/msg/detail/bms_state__struct.hpp
[6.495s] -- Symlinking: /home/yutong/scaledrive.ai/fincantieri/g1_hand_move/install/unitree_hg/include/unitree_hg/unitree_hg/msg/detail/bms_state__traits.hpp
[6.506s] -- Symlinking: /home/yutong/scaledrive.ai/fincantieri/g1_hand_move/install/unitree_hg/include/unitree_hg/unitree_hg/msg/detail/bms_state__type_support.hpp
[6.516s] -- Symlinking: /home/yutong/scaledrive.ai/fincantieri/g1_hand_move/install/unitree_hg/include/unitree_hg/unitree_hg/msg/detail/hand_cmd__builder.hpp
[6.526s] -- Symlinking: /home/yutong/scaledrive.ai/fincantieri/g1_hand_move/install/unitree_hg/include/unitree_hg/unitree_hg/msg/detail/hand_cmd__struct.hpp
[6.535s] -- Symlinking: /home/yutong/scaledrive.ai/fincantieri/g1_hand_move/install/unitree_hg/include/unitree_hg/unitree_hg/msg/detail/hand_cmd__traits.hpp
[6.546s] -- Symlinking: /home/yutong/scaledrive.ai/fincantieri/g1_hand_move/install/unitree_hg/include/unitree_hg/unitree_hg/msg/detail/hand_cmd__type_support.hpp
[6.557s] -- Symlinking: /home/yutong/scaledrive.ai/fincantieri/g1_hand_move/install/unitree_hg/include/unitree_hg/unitree_hg/msg/detail/hand_state__builder.hpp
[6.568s] -- Symlinking: /home/yutong/scaledrive.ai/fincantieri/g1_hand_move/install/unitree_hg/include/unitree_hg/unitree_hg/msg/detail/hand_state__struct.hpp
[6.579s] -- Symlinking: /home/yutong/scaledrive.ai/fincantieri/g1_hand_move/install/unitree_hg/include/unitree_hg/unitree_hg/msg/detail/hand_state__traits.hpp
[6.586s] -- Symlinking: /home/yutong/scaledrive.ai/fincantieri/g1_hand_move/install/unitree_hg/include/unitree_hg/unitree_hg/msg/detail/hand_state__type_support.hpp
[6.595s] -- Symlinking: /home/yutong/scaledrive.ai/fincantieri/g1_hand_move/install/unitree_hg/include/unitree_hg/unitree_hg/msg/detail/imu_state__builder.hpp
[6.605s] -- Symlinking: /home/yutong/scaledrive.ai/fincantieri/g1_hand_move/install/unitree_hg/include/unitree_hg/unitree_hg/msg/detail/imu_state__struct.hpp
[6.616s] -- Symlinking: /home/yutong/scaledrive.ai/fincantieri/g1_hand_move/install/unitree_hg/include/unitree_hg/unitree_hg/msg/detail/imu_state__traits.hpp
[6.625s] -- Symlinking: /home/yutong/scaledrive.ai/fincantieri/g1_hand_move/install/unitree_hg/include/unitree_hg/unitree_hg/msg/detail/imu_state__type_support.hpp
[6.634s] -- Symlinking: /home/yutong/scaledrive.ai/fincantieri/g1_hand_move/install/unitree_hg/include/unitree_hg/unitree_hg/msg/detail/low_cmd__builder.hpp
[6.644s] -- Symlinking: /home/yutong/scaledrive.ai/fincantieri/g1_hand_move/install/unitree_hg/include/unitree_hg/unitree_hg/msg/detail/low_cmd__struct.hpp
[6.654s] -- Symlinking: /home/yutong/scaledrive.ai/fincantieri/g1_hand_move/install/unitree_hg/include/unitree_hg/unitree_hg/msg/detail/low_cmd__traits.hpp
[6.666s] -- Symlinking: /home/yutong/scaledrive.ai/fincantieri/g1_hand_move/install/unitree_hg/include/unitree_hg/unitree_hg/msg/detail/low_cmd__type_support.hpp
[6.677s] -- Symlinking: /home/yutong/scaledrive.ai/fincantieri/g1_hand_move/install/unitree_hg/include/unitree_hg/unitree_hg/msg/detail/low_state__builder.hpp
[6.682s] -- Symlinking: /home/yutong/scaledrive.ai/fincantieri/g1_hand_move/install/unitree_hg/include/unitree_hg/unitree_hg/msg/detail/low_state__struct.hpp
[6.689s] -- Symlinking: /home/yutong/scaledrive.ai/fincantieri/g1_hand_move/install/unitree_hg/include/unitree_hg/unitree_hg/msg/detail/low_state__traits.hpp
[6.698s] -- Symlinking: /home/yutong/scaledrive.ai/fincantieri/g1_hand_move/install/unitree_hg/include/unitree_hg/unitree_hg/msg/detail/low_state__type_support.hpp
[6.707s] -- Symlinking: /home/yutong/scaledrive.ai/fincantieri/g1_hand_move/install/unitree_hg/include/unitree_hg/unitree_hg/msg/detail/main_board_state__builder.hpp
[6.716s] -- Symlinking: /home/yutong/scaledrive.ai/fincantieri/g1_hand_move/install/unitree_hg/include/unitree_hg/unitree_hg/msg/detail/main_board_state__struct.hpp
[6.726s] -- Symlinking: /home/yutong/scaledrive.ai/fincantieri/g1_hand_move/install/unitree_hg/include/unitree_hg/unitree_hg/msg/detail/main_board_state__traits.hpp
[6.733s] -- Symlinking: /home/yutong/scaledrive.ai/fincantieri/g1_hand_move/install/unitree_hg/include/unitree_hg/unitree_hg/msg/detail/main_board_state__type_support.hpp
[6.740s] -- Symlinking: /home/yutong/scaledrive.ai/fincantieri/g1_hand_move/install/unitree_hg/include/unitree_hg/unitree_hg/msg/detail/motor_cmd__builder.hpp
[6.748s] -- Symlinking: /home/yutong/scaledrive.ai/fincantieri/g1_hand_move/install/unitree_hg/include/unitree_hg/unitree_hg/msg/detail/motor_cmd__struct.hpp
[6.755s] -- Symlinking: /home/yutong/scaledrive.ai/fincantieri/g1_hand_move/install/unitree_hg/include/unitree_hg/unitree_hg/msg/detail/motor_cmd__traits.hpp
[6.761s] -- Symlinking: /home/yutong/scaledrive.ai/fincantieri/g1_hand_move/install/unitree_hg/include/unitree_hg/unitree_hg/msg/detail/motor_cmd__type_support.hpp
[6.768s] -- Symlinking: /home/yutong/scaledrive.ai/fincantieri/g1_hand_move/install/unitree_hg/include/unitree_hg/unitree_hg/msg/detail/motor_state__builder.hpp
[6.778s] -- Symlinking: /home/yutong/scaledrive.ai/fincantieri/g1_hand_move/install/unitree_hg/include/unitree_hg/unitree_hg/msg/detail/motor_state__struct.hpp
[6.788s] -- Symlinking: /home/yutong/scaledrive.ai/fincantieri/g1_hand_move/install/unitree_hg/include/unitree_hg/unitree_hg/msg/detail/motor_state__traits.hpp
[6.798s] -- Symlinking: /home/yutong/scaledrive.ai/fincantieri/g1_hand_move/install/unitree_hg/include/unitree_hg/unitree_hg/msg/detail/motor_state__type_support.hpp
[6.808s] -- Symlinking: /home/yutong/scaledrive.ai/fincantieri/g1_hand_move/install/unitree_hg/include/unitree_hg/unitree_hg/msg/detail/press_sensor_state__builder.hpp
[6.818s] -- Symlinking: /home/yutong/scaledrive.ai/fincantieri/g1_hand_move/install/unitree_hg/include/unitree_hg/unitree_hg/msg/detail/press_sensor_state__struct.hpp
[6.828s] -- Symlinking: /home/yutong/scaledrive.ai/fincantieri/g1_hand_move/install/unitree_hg/include/unitree_hg/unitree_hg/msg/detail/press_sensor_state__traits.hpp
[6.837s] -- Symlinking: /home/yutong/scaledrive.ai/fincantieri/g1_hand_move/install/unitree_hg/include/unitree_hg/unitree_hg/msg/detail/press_sensor_state__type_support.hpp
[6.847s] -- Symlinking: /home/yutong/scaledrive.ai/fincantieri/g1_hand_move/install/unitree_hg/include/unitree_hg/unitree_hg/msg/hand_cmd.hpp
[6.859s] -- Symlinking: /home/yutong/scaledrive.ai/fincantieri/g1_hand_move/install/unitree_hg/include/unitree_hg/unitree_hg/msg/hand_state.hpp
[6.870s] -- Symlinking: /home/yutong/scaledrive.ai/fincantieri/g1_hand_move/install/unitree_hg/include/unitree_hg/unitree_hg/msg/imu_state.hpp
[6.882s] -- Symlinking: /home/yutong/scaledrive.ai/fincantieri/g1_hand_move/install/unitree_hg/include/unitree_hg/unitree_hg/msg/low_cmd.hpp
[6.891s] -- Symlinking: /home/yutong/scaledrive.ai/fincantieri/g1_hand_move/install/unitree_hg/include/unitree_hg/unitree_hg/msg/low_state.hpp
[6.897s] -- Symlinking: /home/yutong/scaledrive.ai/fincantieri/g1_hand_move/install/unitree_hg/include/unitree_hg/unitree_hg/msg/main_board_state.hpp
[6.903s] -- Symlinking: /home/yutong/scaledrive.ai/fincantieri/g1_hand_move/install/unitree_hg/include/unitree_hg/unitree_hg/msg/motor_cmd.hpp
[6.908s] -- Symlinking: /home/yutong/scaledrive.ai/fincantieri/g1_hand_move/install/unitree_hg/include/unitree_hg/unitree_hg/msg/motor_state.hpp
[6.918s] -- Symlinking: /home/yutong/scaledrive.ai/fincantieri/g1_hand_move/install/unitree_hg/include/unitree_hg/unitree_hg/msg/press_sensor_state.hpp
[6.926s] -- Symlinking: /home/yutong/scaledrive.ai/fincantieri/g1_hand_move/install/unitree_hg/include/unitree_hg/unitree_hg/msg/rosidl_generator_cpp__visibility_control.hpp
[6.937s] -- Symlinking: /home/yutong/scaledrive.ai/fincantieri/g1_hand_move/install/unitree_hg/include/unitree_hg/unitree_hg/msg/detail/bms_cmd__rosidl_typesupport_fastrtps_cpp.hpp
[6.946s] -- Symlinking: /home/yutong/scaledrive.ai/fincantieri/g1_hand_move/install/unitree_hg/include/unitree_hg/unitree_hg/msg/detail/bms_state__rosidl_typesupport_fastrtps_cpp.hpp
[6.952s] -- Symlinking: /home/yutong/scaledrive.ai/fincantieri/g1_hand_move/install/unitree_hg/include/unitree_hg/unitree_hg/msg/detail/hand_cmd__rosidl_typesupport_fastrtps_cpp.hpp
[6.962s] -- Symlinking: /home/yutong/scaledrive.ai/fincantieri/g1_hand_move/install/unitree_hg/include/unitree_hg/unitree_hg/msg/detail/hand_state__rosidl_typesupport_fastrtps_cpp.hpp
[6.969s] -- Symlinking: /home/yutong/scaledrive.ai/fincantieri/g1_hand_move/install/unitree_hg/include/unitree_hg/unitree_hg/msg/detail/imu_state__rosidl_typesupport_fastrtps_cpp.hpp
[6.975s] -- Symlinking: /home/yutong/scaledrive.ai/fincantieri/g1_hand_move/install/unitree_hg/include/unitree_hg/unitree_hg/msg/detail/low_cmd__rosidl_typesupport_fastrtps_cpp.hpp
[6.982s] -- Symlinking: /home/yutong/scaledrive.ai/fincantieri/g1_hand_move/install/unitree_hg/include/unitree_hg/unitree_hg/msg/detail/low_state__rosidl_typesupport_fastrtps_cpp.hpp
[6.988s] -- Symlinking: /home/yutong/scaledrive.ai/fincantieri/g1_hand_move/install/unitree_hg/include/unitree_hg/unitree_hg/msg/detail/main_board_state__rosidl_typesupport_fastrtps_cpp.hpp
[6.998s] -- Symlinking: /home/yutong/scaledrive.ai/fincantieri/g1_hand_move/install/unitree_hg/include/unitree_hg/unitree_hg/msg/detail/motor_cmd__rosidl_typesupport_fastrtps_cpp.hpp
[7.006s] -- Symlinking: /home/yutong/scaledrive.ai/fincantieri/g1_hand_move/install/unitree_hg/include/unitree_hg/unitree_hg/msg/detail/motor_state__rosidl_typesupport_fastrtps_cpp.hpp
[7.017s] -- Symlinking: /home/yutong/scaledrive.ai/fincantieri/g1_hand_move/install/unitree_hg/include/unitree_hg/unitree_hg/msg/detail/press_sensor_state__rosidl_typesupport_fastrtps_cpp.hpp
[7.028s] -- Symlinking: /home/yutong/scaledrive.ai/fincantieri/g1_hand_move/install/unitree_hg/include/unitree_hg/unitree_hg/msg/rosidl_typesupport_fastrtps_cpp__visibility_control.h
[7.035s] -- Symlinking: /home/yutong/scaledrive.ai/fincantieri/g1_hand_move/install/unitree_hg/include/unitree_hg/unitree_hg/msg/detail/bms_cmd__rosidl_typesupport_introspection_c.h
[7.042s] -- Symlinking: /home/yutong/scaledrive.ai/fincantieri/g1_hand_move/install/unitree_hg/include/unitree_hg/unitree_hg/msg/detail/bms_state__rosidl_typesupport_introspection_c.h
[7.048s] -- Symlinking: /home/yutong/scaledrive.ai/fincantieri/g1_hand_move/install/unitree_hg/include/unitree_hg/unitree_hg/msg/detail/hand_cmd__rosidl_typesupport_introspection_c.h
[7.056s] -- Symlinking: /home/yutong/scaledrive.ai/fincantieri/g1_hand_move/install/unitree_hg/include/unitree_hg/unitree_hg/msg/detail/hand_state__rosidl_typesupport_introspection_c.h
[7.063s] -- Symlinking: /home/yutong/scaledrive.ai/fincantieri/g1_hand_move/install/unitree_hg/include/unitree_hg/unitree_hg/msg/detail/imu_state__rosidl_typesupport_introspection_c.h
[7.074s] -- Symlinking: /home/yutong/scaledrive.ai/fincantieri/g1_hand_move/install/unitree_hg/include/unitree_hg/unitree_hg/msg/detail/low_cmd__rosidl_typesupport_introspection_c.h
[7.082s] -- Symlinking: /home/yutong/scaledrive.ai/fincantieri/g1_hand_move/install/unitree_hg/include/unitree_hg/unitree_hg/msg/detail/low_state__rosidl_typesupport_introspection_c.h
[7.090s] -- Symlinking: /home/yutong/scaledrive.ai/fincantieri/g1_hand_move/install/unitree_hg/include/unitree_hg/unitree_hg/msg/detail/main_board_state__rosidl_typesupport_introspection_c.h
[7.099s] -- Symlinking: /home/yutong/scaledrive.ai/fincantieri/g1_hand_move/install/unitree_hg/include/unitree_hg/unitree_hg/msg/detail/motor_cmd__rosidl_typesupport_introspection_c.h
[7.109s] -- Symlinking: /home/yutong/scaledrive.ai/fincantieri/g1_hand_move/install/unitree_hg/include/unitree_hg/unitree_hg/msg/detail/motor_state__rosidl_typesupport_introspection_c.h
[7.117s] -- Symlinking: /home/yutong/scaledrive.ai/fincantieri/g1_hand_move/install/unitree_hg/include/unitree_hg/unitree_hg/msg/detail/press_sensor_state__rosidl_typesupport_introspection_c.h
[7.126s] -- Symlinking: /home/yutong/scaledrive.ai/fincantieri/g1_hand_move/install/unitree_hg/include/unitree_hg/unitree_hg/msg/rosidl_typesupport_introspection_c__visibility_control.h
[7.132s] -- Symlinking: /home/yutong/scaledrive.ai/fincantieri/g1_hand_move/install/unitree_hg/include/unitree_hg/unitree_hg/msg/detail/bms_cmd__rosidl_typesupport_introspection_cpp.hpp
[7.141s] -- Symlinking: /home/yutong/scaledrive.ai/fincantieri/g1_hand_move/install/unitree_hg/include/unitree_hg/unitree_hg/msg/detail/bms_state__rosidl_typesupport_introspection_cpp.hpp
[7.148s] -- Symlinking: /home/yutong/scaledrive.ai/fincantieri/g1_hand_move/install/unitree_hg/include/unitree_hg/unitree_hg/msg/detail/hand_cmd__rosidl_typesupport_introspection_cpp.hpp
[7.155s] -- Symlinking: /home/yutong/scaledrive.ai/fincantieri/g1_hand_move/install/unitree_hg/include/unitree_hg/unitree_hg/msg/detail/hand_state__rosidl_typesupport_introspection_cpp.hpp
[7.161s] -- Symlinking: /home/yutong/scaledrive.ai/fincantieri/g1_hand_move/install/unitree_hg/include/unitree_hg/unitree_hg/msg/detail/imu_state__rosidl_typesupport_introspection_cpp.hpp
[7.169s] -- Symlinking: /home/yutong/scaledrive.ai/fincantieri/g1_hand_move/install/unitree_hg/include/unitree_hg/unitree_hg/msg/detail/low_cmd__rosidl_typesupport_introspection_cpp.hpp
[7.178s] -- Symlinking: /home/yutong/scaledrive.ai/fincantieri/g1_hand_move/install/unitree_hg/include/unitree_hg/unitree_hg/msg/detail/low_state__rosidl_typesupport_introspection_cpp.hpp
[7.189s] -- Symlinking: /home/yutong/scaledrive.ai/fincantieri/g1_hand_move/install/unitree_hg/include/unitree_hg/unitree_hg/msg/detail/main_board_state__rosidl_typesupport_introspection_cpp.hpp
[7.197s] -- Symlinking: /home/yutong/scaledrive.ai/fincantieri/g1_hand_move/install/unitree_hg/include/unitree_hg/unitree_hg/msg/detail/motor_cmd__rosidl_typesupport_introspection_cpp.hpp
[7.208s] -- Symlinking: /home/yutong/scaledrive.ai/fincantieri/g1_hand_move/install/unitree_hg/include/unitree_hg/unitree_hg/msg/detail/motor_state__rosidl_typesupport_introspection_cpp.hpp
[7.219s] -- Symlinking: /home/yutong/scaledrive.ai/fincantieri/g1_hand_move/install/unitree_hg/include/unitree_hg/unitree_hg/msg/detail/press_sensor_state__rosidl_typesupport_introspection_cpp.hpp
[7.230s] -- Symlinking: /home/yutong/scaledrive.ai/fincantieri/g1_hand_move/install/unitree_hg/share/unitree_hg/environment/pythonpath.sh
[7.241s] -- Symlinking: /home/yutong/scaledrive.ai/fincantieri/g1_hand_move/install/unitree_hg/share/unitree_hg/environment/pythonpath.dsv
[7.251s] -- Symlinking: /home/yutong/scaledrive.ai/fincantieri/g1_hand_move/install/unitree_hg/local/lib/python3.10/dist-packages/unitree_hg-0.0.0-py3.10.egg-info/PKG-INFO
[7.258s] -- Symlinking: /home/yutong/scaledrive.ai/fincantieri/g1_hand_move/install/unitree_hg/local/lib/python3.10/dist-packages/unitree_hg-0.0.0-py3.10.egg-info/SOURCES.txt
[7.265s] -- Symlinking: /home/yutong/scaledrive.ai/fincantieri/g1_hand_move/install/unitree_hg/local/lib/python3.10/dist-packages/unitree_hg-0.0.0-py3.10.egg-info/dependency_links.txt
[7.273s] -- Symlinking: /home/yutong/scaledrive.ai/fincantieri/g1_hand_move/install/unitree_hg/local/lib/python3.10/dist-packages/unitree_hg-0.0.0-py3.10.egg-info/top_level.txt
[7.280s] -- Symlinking: /home/yutong/scaledrive.ai/fincantieri/g1_hand_move/install/unitree_hg/local/lib/python3.10/dist-packages/unitree_hg/__init__.py
[7.287s] -- Symlinking: /home/yutong/scaledrive.ai/fincantieri/g1_hand_move/install/unitree_hg/local/lib/python3.10/dist-packages/unitree_hg/_unitree_hg_s.ep.rosidl_typesupport_c.c
[7.292s] -- Symlinking: /home/yutong/scaledrive.ai/fincantieri/g1_hand_move/install/unitree_hg/local/lib/python3.10/dist-packages/unitree_hg/_unitree_hg_s.ep.rosidl_typesupport_fastrtps_c.c
[7.301s] -- Symlinking: /home/yutong/scaledrive.ai/fincantieri/g1_hand_move/install/unitree_hg/local/lib/python3.10/dist-packages/unitree_hg/_unitree_hg_s.ep.rosidl_typesupport_introspection_c.c
[7.310s] -- Symlinking: /home/yutong/scaledrive.ai/fincantieri/g1_hand_move/install/unitree_hg/local/lib/python3.10/dist-packages/unitree_hg/libunitree_hg__rosidl_generator_py.so
[7.320s] -- Symlinking: /home/yutong/scaledrive.ai/fincantieri/g1_hand_move/install/unitree_hg/local/lib/python3.10/dist-packages/unitree_hg/msg/__init__.py
[7.329s] -- Symlinking: /home/yutong/scaledrive.ai/fincantieri/g1_hand_move/install/unitree_hg/local/lib/python3.10/dist-packages/unitree_hg/msg/_bms_cmd.py
[7.339s] -- Symlinking: /home/yutong/scaledrive.ai/fincantieri/g1_hand_move/install/unitree_hg/local/lib/python3.10/dist-packages/unitree_hg/msg/_bms_cmd_s.c
[7.350s] -- Symlinking: /home/yutong/scaledrive.ai/fincantieri/g1_hand_move/install/unitree_hg/local/lib/python3.10/dist-packages/unitree_hg/msg/_bms_state.py
[7.360s] -- Symlinking: /home/yutong/scaledrive.ai/fincantieri/g1_hand_move/install/unitree_hg/local/lib/python3.10/dist-packages/unitree_hg/msg/_bms_state_s.c
[7.369s] -- Symlinking: /home/yutong/scaledrive.ai/fincantieri/g1_hand_move/install/unitree_hg/local/lib/python3.10/dist-packages/unitree_hg/msg/_hand_cmd.py
[7.379s] -- Symlinking: /home/yutong/scaledrive.ai/fincantieri/g1_hand_move/install/unitree_hg/local/lib/python3.10/dist-packages/unitree_hg/msg/_hand_cmd_s.c
[7.390s] -- Symlinking: /home/yutong/scaledrive.ai/fincantieri/g1_hand_move/install/unitree_hg/local/lib/python3.10/dist-packages/unitree_hg/msg/_hand_state.py
[7.400s] -- Symlinking: /home/yutong/scaledrive.ai/fincantieri/g1_hand_move/install/unitree_hg/local/lib/python3.10/dist-packages/unitree_hg/msg/_hand_state_s.c
[7.410s] -- Symlinking: /home/yutong/scaledrive.ai/fincantieri/g1_hand_move/install/unitree_hg/local/lib/python3.10/dist-packages/unitree_hg/msg/_imu_state.py
[7.420s] -- Symlinking: /home/yutong/scaledrive.ai/fincantieri/g1_hand_move/install/unitree_hg/local/lib/python3.10/dist-packages/unitree_hg/msg/_imu_state_s.c
[7.426s] -- Symlinking: /home/yutong/scaledrive.ai/fincantieri/g1_hand_move/install/unitree_hg/local/lib/python3.10/dist-packages/unitree_hg/msg/_low_cmd.py
[7.433s] -- Symlinking: /home/yutong/scaledrive.ai/fincantieri/g1_hand_move/install/unitree_hg/local/lib/python3.10/dist-packages/unitree_hg/msg/_low_cmd_s.c
[7.441s] -- Symlinking: /home/yutong/scaledrive.ai/fincantieri/g1_hand_move/install/unitree_hg/local/lib/python3.10/dist-packages/unitree_hg/msg/_low_state.py
[7.450s] -- Symlinking: /home/yutong/scaledrive.ai/fincantieri/g1_hand_move/install/unitree_hg/local/lib/python3.10/dist-packages/unitree_hg/msg/_low_state_s.c
[7.459s] -- Symlinking: /home/yutong/scaledrive.ai/fincantieri/g1_hand_move/install/unitree_hg/local/lib/python3.10/dist-packages/unitree_hg/msg/_main_board_state.py
[7.469s] -- Symlinking: /home/yutong/scaledrive.ai/fincantieri/g1_hand_move/install/unitree_hg/local/lib/python3.10/dist-packages/unitree_hg/msg/_main_board_state_s.c
[7.480s] -- Symlinking: /home/yutong/scaledrive.ai/fincantieri/g1_hand_move/install/unitree_hg/local/lib/python3.10/dist-packages/unitree_hg/msg/_motor_cmd.py
[7.491s] -- Symlinking: /home/yutong/scaledrive.ai/fincantieri/g1_hand_move/install/unitree_hg/local/lib/python3.10/dist-packages/unitree_hg/msg/_motor_cmd_s.c
[7.502s] -- Symlinking: /home/yutong/scaledrive.ai/fincantieri/g1_hand_move/install/unitree_hg/local/lib/python3.10/dist-packages/unitree_hg/msg/_motor_state.py
[7.513s] -- Symlinking: /home/yutong/scaledrive.ai/fincantieri/g1_hand_move/install/unitree_hg/local/lib/python3.10/dist-packages/unitree_hg/msg/_motor_state_s.c
[7.523s] -- Symlinking: /home/yutong/scaledrive.ai/fincantieri/g1_hand_move/install/unitree_hg/local/lib/python3.10/dist-packages/unitree_hg/msg/_press_sensor_state.py
[7.532s] -- Symlinking: /home/yutong/scaledrive.ai/fincantieri/g1_hand_move/install/unitree_hg/local/lib/python3.10/dist-packages/unitree_hg/msg/_press_sensor_state_s.c
[7.543s] -- Symlinking: /home/yutong/scaledrive.ai/fincantieri/g1_hand_move/install/unitree_hg/local/lib/python3.10/dist-packages/unitree_hg/unitree_hg_s__rosidl_typesupport_c.cpython-310-x86_64-linux-gnu.so
[7.554s] -- Symlinking: /home/yutong/scaledrive.ai/fincantieri/g1_hand_move/install/unitree_hg/local/lib/python3.10/dist-packages/unitree_hg/unitree_hg_s__rosidl_typesupport_fastrtps_c.cpython-310-x86_64-linux-gnu.so
[7.564s] -- Symlinking: /home/yutong/scaledrive.ai/fincantieri/g1_hand_move/install/unitree_hg/local/lib/python3.10/dist-packages/unitree_hg/unitree_hg_s__rosidl_typesupport_introspection_c.cpython-310-x86_64-linux-gnu.so
[7.575s] -- Up-to-date symlink: /home/yutong/scaledrive.ai/fincantieri/g1_hand_move/install/unitree_hg/local/lib/python3.10/dist-packages/unitree_hg/unitree_hg_s__rosidl_typesupport_fastrtps_c.cpython-310-x86_64-linux-gnu.so
[7.576s] -- Up-to-date symlink: /home/yutong/scaledrive.ai/fincantieri/g1_hand_move/install/unitree_hg/local/lib/python3.10/dist-packages/unitree_hg/unitree_hg_s__rosidl_typesupport_introspection_c.cpython-310-x86_64-linux-gnu.so
[7.576s] -- Up-to-date symlink: /home/yutong/scaledrive.ai/fincantieri/g1_hand_move/install/unitree_hg/local/lib/python3.10/dist-packages/unitree_hg/unitree_hg_s__rosidl_typesupport_c.cpython-310-x86_64-linux-gnu.so
[7.576s] -- Symlinking: /home/yutong/scaledrive.ai/fincantieri/g1_hand_move/install/unitree_hg/share/unitree_hg/msg/BmsCmd.idl
[7.586s] -- Symlinking: /home/yutong/scaledrive.ai/fincantieri/g1_hand_move/install/unitree_hg/share/unitree_hg/msg/BmsState.idl
[7.597s] -- Symlinking: /home/yutong/scaledrive.ai/fincantieri/g1_hand_move/install/unitree_hg/share/unitree_hg/msg/HandCmd.idl
[7.607s] -- Symlinking: /home/yutong/scaledrive.ai/fincantieri/g1_hand_move/install/unitree_hg/share/unitree_hg/msg/HandState.idl
[7.617s] -- Symlinking: /home/yutong/scaledrive.ai/fincantieri/g1_hand_move/install/unitree_hg/share/unitree_hg/msg/IMUState.idl
[7.629s] -- Symlinking: /home/yutong/scaledrive.ai/fincantieri/g1_hand_move/install/unitree_hg/share/unitree_hg/msg/LowCmd.idl
[7.638s] -- Symlinking: /home/yutong/scaledrive.ai/fincantieri/g1_hand_move/install/unitree_hg/share/unitree_hg/msg/LowState.idl
[7.648s] -- Symlinking: /home/yutong/scaledrive.ai/fincantieri/g1_hand_move/install/unitree_hg/share/unitree_hg/msg/MainBoardState.idl
[7.659s] -- Symlinking: /home/yutong/scaledrive.ai/fincantieri/g1_hand_move/install/unitree_hg/share/unitree_hg/msg/MotorCmd.idl
[7.667s] -- Symlinking: /home/yutong/scaledrive.ai/fincantieri/g1_hand_move/install/unitree_hg/share/unitree_hg/msg/MotorState.idl
[7.673s] -- Symlinking: /home/yutong/scaledrive.ai/fincantieri/g1_hand_move/install/unitree_hg/share/unitree_hg/msg/PressSensorState.idl
[7.681s] -- Symlinking: /home/yutong/scaledrive.ai/fincantieri/g1_hand_move/install/unitree_hg/share/unitree_hg/msg/BmsCmd.msg
[7.686s] -- Symlinking: /home/yutong/scaledrive.ai/fincantieri/g1_hand_move/install/unitree_hg/share/unitree_hg/msg/BmsState.msg
[7.693s] -- Symlinking: /home/yutong/scaledrive.ai/fincantieri/g1_hand_move/install/unitree_hg/share/unitree_hg/msg/HandCmd.msg
[7.699s] -- Symlinking: /home/yutong/scaledrive.ai/fincantieri/g1_hand_move/install/unitree_hg/share/unitree_hg/msg/HandState.msg
[7.707s] -- Symlinking: /home/yutong/scaledrive.ai/fincantieri/g1_hand_move/install/unitree_hg/share/unitree_hg/msg/IMUState.msg
[7.716s] -- Symlinking: /home/yutong/scaledrive.ai/fincantieri/g1_hand_move/install/unitree_hg/share/unitree_hg/msg/LowCmd.msg
[7.721s] -- Symlinking: /home/yutong/scaledrive.ai/fincantieri/g1_hand_move/install/unitree_hg/share/unitree_hg/msg/LowState.msg
[7.728s] -- Symlinking: /home/yutong/scaledrive.ai/fincantieri/g1_hand_move/install/unitree_hg/share/unitree_hg/msg/MainBoardState.msg
[7.738s] -- Symlinking: /home/yutong/scaledrive.ai/fincantieri/g1_hand_move/install/unitree_hg/share/unitree_hg/msg/MotorCmd.msg
[7.748s] -- Symlinking: /home/yutong/scaledrive.ai/fincantieri/g1_hand_move/install/unitree_hg/share/unitree_hg/msg/MotorState.msg
[7.758s] -- Symlinking: /home/yutong/scaledrive.ai/fincantieri/g1_hand_move/install/unitree_hg/share/unitree_hg/msg/PressSensorState.msg
[7.769s] -- Symlinking: /home/yutong/scaledrive.ai/fincantieri/g1_hand_move/install/unitree_hg/share/ament_index/resource_index/package_run_dependencies/unitree_hg
[7.780s] -- Symlinking: /home/yutong/scaledrive.ai/fincantieri/g1_hand_move/install/unitree_hg/share/ament_index/resource_index/parent_prefix_path/unitree_hg
[7.790s] -- Symlinking: /home/yutong/scaledrive.ai/fincantieri/g1_hand_move/install/unitree_hg/share/unitree_hg/environment/ament_prefix_path.sh
[7.799s] -- Symlinking: /home/yutong/scaledrive.ai/fincantieri/g1_hand_move/install/unitree_hg/share/unitree_hg/environment/ament_prefix_path.dsv
[7.809s] -- Symlinking: /home/yutong/scaledrive.ai/fincantieri/g1_hand_move/install/unitree_hg/share/unitree_hg/environment/path.sh
[7.818s] -- Symlinking: /home/yutong/scaledrive.ai/fincantieri/g1_hand_move/install/unitree_hg/share/unitree_hg/environment/path.dsv
[7.827s] -- Symlinking: /home/yutong/scaledrive.ai/fincantieri/g1_hand_move/install/unitree_hg/share/unitree_hg/local_setup.bash
[7.837s] -- Symlinking: /home/yutong/scaledrive.ai/fincantieri/g1_hand_move/install/unitree_hg/share/unitree_hg/local_setup.sh
[7.847s] -- Symlinking: /home/yutong/scaledrive.ai/fincantieri/g1_hand_move/install/unitree_hg/share/unitree_hg/local_setup.zsh
[7.860s] -- Symlinking: /home/yutong/scaledrive.ai/fincantieri/g1_hand_move/install/unitree_hg/share/unitree_hg/local_setup.dsv
[7.870s] -- Symlinking: /home/yutong/scaledrive.ai/fincantieri/g1_hand_move/install/unitree_hg/share/unitree_hg/package.dsv
[7.877s] -- Symlinking: /home/yutong/scaledrive.ai/fincantieri/g1_hand_move/install/unitree_hg/share/ament_index/resource_index/packages/unitree_hg
[7.885s] -- Symlinking: /home/yutong/scaledrive.ai/fincantieri/g1_hand_move/install/unitree_hg/share/unitree_hg/cmake/rosidl_cmake-extras.cmake
[7.890s] -- Symlinking: /home/yutong/scaledrive.ai/fincantieri/g1_hand_move/install/unitree_hg/share/unitree_hg/cmake/ament_cmake_export_dependencies-extras.cmake
[7.898s] -- Symlinking: /home/yutong/scaledrive.ai/fincantieri/g1_hand_move/install/unitree_hg/share/unitree_hg/cmake/ament_cmake_export_include_directories-extras.cmake
[7.903s] -- Symlinking: /home/yutong/scaledrive.ai/fincantieri/g1_hand_move/install/unitree_hg/share/unitree_hg/cmake/ament_cmake_export_libraries-extras.cmake
[7.909s] -- Symlinking: /home/yutong/scaledrive.ai/fincantieri/g1_hand_move/install/unitree_hg/share/unitree_hg/cmake/ament_cmake_export_targets-extras.cmake
[7.919s] -- Symlinking: /home/yutong/scaledrive.ai/fincantieri/g1_hand_move/install/unitree_hg/share/unitree_hg/cmake/rosidl_cmake_export_typesupport_targets-extras.cmake
[7.930s] -- Symlinking: /home/yutong/scaledrive.ai/fincantieri/g1_hand_move/install/unitree_hg/share/unitree_hg/cmake/rosidl_cmake_export_typesupport_libraries-extras.cmake
[7.940s] -- Symlinking: /home/yutong/scaledrive.ai/fincantieri/g1_hand_move/install/unitree_hg/share/unitree_hg/cmake/unitree_hgConfig.cmake
[7.951s] -- Symlinking: /home/yutong/scaledrive.ai/fincantieri/g1_hand_move/install/unitree_hg/share/unitree_hg/cmake/unitree_hgConfig-version.cmake
[7.963s] -- Symlinking: /home/yutong/scaledrive.ai/fincantieri/g1_hand_move/install/unitree_hg/share/unitree_hg/package.xml
[7.973s] -- Installing: /home/yutong/scaledrive.ai/fincantieri/g1_hand_move/install/unitree_hg/lib/libunitree_hg__rosidl_generator_c.so
[7.974s] -- Set runtime path of "/home/yutong/scaledrive.ai/fincantieri/g1_hand_move/install/unitree_hg/lib/libunitree_hg__rosidl_generator_c.so" to ""
[7.974s] -- Installing: /home/yutong/scaledrive.ai/fincantieri/g1_hand_move/install/unitree_hg/lib/libunitree_hg__rosidl_typesupport_fastrtps_c.so
[7.974s] -- Set runtime path of "/home/yutong/scaledrive.ai/fincantieri/g1_hand_move/install/unitree_hg/lib/libunitree_hg__rosidl_typesupport_fastrtps_c.so" to ""
[7.974s] -- Installing: /home/yutong/scaledrive.ai/fincantieri/g1_hand_move/install/unitree_hg/lib/libunitree_hg__rosidl_typesupport_fastrtps_cpp.so
[7.974s] -- Set runtime path of "/home/yutong/scaledrive.ai/fincantieri/g1_hand_move/install/unitree_hg/lib/libunitree_hg__rosidl_typesupport_fastrtps_cpp.so" to ""
[7.974s] -- Installing: /home/yutong/scaledrive.ai/fincantieri/g1_hand_move/install/unitree_hg/lib/libunitree_hg__rosidl_typesupport_introspection_c.so
[7.976s] -- Set runtime path of "/home/yutong/scaledrive.ai/fincantieri/g1_hand_move/install/unitree_hg/lib/libunitree_hg__rosidl_typesupport_introspection_c.so" to ""
[7.976s] -- Installing: /home/yutong/scaledrive.ai/fincantieri/g1_hand_move/install/unitree_hg/lib/libunitree_hg__rosidl_typesupport_c.so
[7.976s] -- Set runtime path of "/home/yutong/scaledrive.ai/fincantieri/g1_hand_move/install/unitree_hg/lib/libunitree_hg__rosidl_typesupport_c.so" to ""
[7.976s] -- Installing: /home/yutong/scaledrive.ai/fincantieri/g1_hand_move/install/unitree_hg/lib/libunitree_hg__rosidl_typesupport_introspection_cpp.so
[7.976s] -- Set runtime path of "/home/yutong/scaledrive.ai/fincantieri/g1_hand_move/install/unitree_hg/lib/libunitree_hg__rosidl_typesupport_introspection_cpp.so" to ""
[7.976s] -- Installing: /home/yutong/scaledrive.ai/fincantieri/g1_hand_move/install/unitree_hg/lib/libunitree_hg__rosidl_typesupport_cpp.so
[7.977s] -- Set runtime path of "/home/yutong/scaledrive.ai/fincantieri/g1_hand_move/install/unitree_hg/lib/libunitree_hg__rosidl_typesupport_cpp.so" to ""
[8.019s] Listing '/home/yutong/scaledrive.ai/fincantieri/g1_hand_move/install/unitree_hg/local/lib/python3.10/dist-packages/unitree_hg'...
[8.019s] Compiling '/home/yutong/scaledrive.ai/fincantieri/g1_hand_move/install/unitree_hg/local/lib/python3.10/dist-packages/unitree_hg/__init__.py'...
[8.019s] Listing '/home/yutong/scaledrive.ai/fincantieri/g1_hand_move/install/unitree_hg/local/lib/python3.10/dist-packages/unitree_hg/msg'...
[8.019s] Compiling '/home/yutong/scaledrive.ai/fincantieri/g1_hand_move/install/unitree_hg/local/lib/python3.10/dist-packages/unitree_hg/msg/__init__.py'...
[8.019s] Compiling '/home/yutong/scaledrive.ai/fincantieri/g1_hand_move/install/unitree_hg/local/lib/python3.10/dist-packages/unitree_hg/msg/_bms_cmd.py'...
[8.019s] Compiling '/home/yutong/scaledrive.ai/fincantieri/g1_hand_move/install/unitree_hg/local/lib/python3.10/dist-packages/unitree_hg/msg/_bms_state.py'...
[8.019s] Compiling '/home/yutong/scaledrive.ai/fincantieri/g1_hand_move/install/unitree_hg/local/lib/python3.10/dist-packages/unitree_hg/msg/_hand_cmd.py'...
[8.019s] Compiling '/home/yutong/scaledrive.ai/fincantieri/g1_hand_move/install/unitree_hg/local/lib/python3.10/dist-packages/unitree_hg/msg/_hand_state.py'...
[8.019s] Compiling '/home/yutong/scaledrive.ai/fincantieri/g1_hand_move/install/unitree_hg/local/lib/python3.10/dist-packages/unitree_hg/msg/_imu_state.py'...
[8.019s] Compiling '/home/yutong/scaledrive.ai/fincantieri/g1_hand_move/install/unitree_hg/local/lib/python3.10/dist-packages/unitree_hg/msg/_low_cmd.py'...
[8.019s] Compiling '/home/yutong/scaledrive.ai/fincantieri/g1_hand_move/install/unitree_hg/local/lib/python3.10/dist-packages/unitree_hg/msg/_low_state.py'...
[8.019s] Compiling '/home/yutong/scaledrive.ai/fincantieri/g1_hand_move/install/unitree_hg/local/lib/python3.10/dist-packages/unitree_hg/msg/_main_board_state.py'...
[8.020s] Compiling '/home/yutong/scaledrive.ai/fincantieri/g1_hand_move/install/unitree_hg/local/lib/python3.10/dist-packages/unitree_hg/msg/_motor_cmd.py'...
[8.020s] Compiling '/home/yutong/scaledrive.ai/fincantieri/g1_hand_move/install/unitree_hg/local/lib/python3.10/dist-packages/unitree_hg/msg/_motor_state.py'...
[8.020s] Compiling '/home/yutong/scaledrive.ai/fincantieri/g1_hand_move/install/unitree_hg/local/lib/python3.10/dist-packages/unitree_hg/msg/_press_sensor_state.py'...
[8.022s] -- Installing: /home/yutong/scaledrive.ai/fincantieri/g1_hand_move/install/unitree_hg/lib/libunitree_hg__rosidl_generator_py.so
[8.022s] -- Set runtime path of "/home/yutong/scaledrive.ai/fincantieri/g1_hand_move/install/unitree_hg/lib/libunitree_hg__rosidl_generator_py.so" to ""
[8.022s] -- Installing: /home/yutong/scaledrive.ai/fincantieri/g1_hand_move/install/unitree_hg/share/unitree_hg/cmake/export_unitree_hg__rosidl_generator_cExport.cmake
[8.023s] -- Installing: /home/yutong/scaledrive.ai/fincantieri/g1_hand_move/install/unitree_hg/share/unitree_hg/cmake/export_unitree_hg__rosidl_generator_cExport-noconfig.cmake
[8.023s] -- Installing: /home/yutong/scaledrive.ai/fincantieri/g1_hand_move/install/unitree_hg/share/unitree_hg/cmake/export_unitree_hg__rosidl_typesupport_fastrtps_cExport.cmake
[8.023s] -- Installing: /home/yutong/scaledrive.ai/fincantieri/g1_hand_move/install/unitree_hg/share/unitree_hg/cmake/export_unitree_hg__rosidl_typesupport_fastrtps_cExport-noconfig.cmake
[8.023s] -- Installing: /home/yutong/scaledrive.ai/fincantieri/g1_hand_move/install/unitree_hg/share/unitree_hg/cmake/export_unitree_hg__rosidl_generator_cppExport.cmake
[8.023s] -- Installing: /home/yutong/scaledrive.ai/fincantieri/g1_hand_move/install/unitree_hg/share/unitree_hg/cmake/export_unitree_hg__rosidl_typesupport_fastrtps_cppExport.cmake
[8.023s] -- Installing: /home/yutong/scaledrive.ai/fincantieri/g1_hand_move/install/unitree_hg/share/unitree_hg/cmake/export_unitree_hg__rosidl_typesupport_fastrtps_cppExport-noconfig.cmake
[8.023s] -- Installing: /home/yutong/scaledrive.ai/fincantieri/g1_hand_move/install/unitree_hg/share/unitree_hg/cmake/unitree_hg__rosidl_typesupport_introspection_cExport.cmake
[8.023s] -- Installing: /home/yutong/scaledrive.ai/fincantieri/g1_hand_move/install/unitree_hg/share/unitree_hg/cmake/unitree_hg__rosidl_typesupport_introspection_cExport-noconfig.cmake
[8.023s] -- Installing: /home/yutong/scaledrive.ai/fincantieri/g1_hand_move/install/unitree_hg/share/unitree_hg/cmake/unitree_hg__rosidl_typesupport_cExport.cmake
[8.023s] -- Installing: /home/yutong/scaledrive.ai/fincantieri/g1_hand_move/install/unitree_hg/share/unitree_hg/cmake/unitree_hg__rosidl_typesupport_cExport-noconfig.cmake
[8.023s] -- Installing: /home/yutong/scaledrive.ai/fincantieri/g1_hand_move/install/unitree_hg/share/unitree_hg/cmake/unitree_hg__rosidl_typesupport_introspection_cppExport.cmake
[8.023s] -- Installing: /home/yutong/scaledrive.ai/fincantieri/g1_hand_move/install/unitree_hg/share/unitree_hg/cmake/unitree_hg__rosidl_typesupport_introspection_cppExport-noconfig.cmake
[8.023s] -- Installing: /home/yutong/scaledrive.ai/fincantieri/g1_hand_move/install/unitree_hg/share/unitree_hg/cmake/unitree_hg__rosidl_typesupport_cppExport.cmake
[8.023s] -- Installing: /home/yutong/scaledrive.ai/fincantieri/g1_hand_move/install/unitree_hg/share/unitree_hg/cmake/unitree_hg__rosidl_typesupport_cppExport-noconfig.cmake
[8.023s] -- Installing: /home/yutong/scaledrive.ai/fincantieri/g1_hand_move/install/unitree_hg/share/unitree_hg/cmake/export_unitree_hg__rosidl_generator_pyExport.cmake
[8.023s] -- Installing: /home/yutong/scaledrive.ai/fincantieri/g1_hand_move/install/unitree_hg/share/unitree_hg/cmake/export_unitree_hg__rosidl_generator_pyExport-noconfig.cmake
[8.025s] Invoked command in '/home/yutong/scaledrive.ai/fincantieri/g1_hand_move/build/unitree_hg' returned '0': CMAKE_PREFIX_PATH=/home/yutong/scaledrive.ai/fincantieri/g1_hand_move/install/g1_arm_joint_control:/opt/ros/humble /usr/bin/cmake --install /home/yutong/scaledrive.ai/fincantieri/g1_hand_move/build/unitree_hg
