[0.443s] Invoking command in '/home/yutong/scaledrive.ai/fincantieri/g1_hand_move/build/g1_arm_joint_control': AMENT_PREFIX_PATH=/home/yutong/scaledrive.ai/fincantieri/g1_hand_move/install/unitree_hg:${AMENT_PREFIX_PATH} CMAKE_PREFIX_PATH=/home/yutong/scaledrive.ai/fincantieri/g1_hand_move/install/unitree_hg LD_LIBRARY_PATH=/home/yutong/scaledrive.ai/fincantieri/g1_hand_move/install/unitree_hg/lib:${LD_LIBRARY_PATH} PYTHONPATH=/home/yutong/scaledrive.ai/fincantieri/g1_hand_move/build/g1_arm_joint_control/prefix_override:/usr/lib/python3/dist-packages/colcon_core/task/python/colcon_distutils_commands:/home/yutong/scaledrive.ai/fincantieri/g1_hand_move/install/g1_arm_joint_control/lib/python3.10/site-packages:/home/yutong/scaledrive.ai/fincantieri/g1_hand_move/install/unitree_hg/local/lib/python3.10/dist-packages:${PYTHONPATH} /usr/bin/python3 -W ignore:setup.py install is deprecated -W ignore:easy_install command is deprecated setup.py develop --editable --build-directory /home/yutong/scaledrive.ai/fincantieri/g1_hand_move/build/g1_arm_joint_control/build --no-deps symlink_data --force
[0.628s] running develop
[0.755s] running egg_info
[0.755s] writing g1_arm_joint_control.egg-info/PKG-INFO
[0.755s] writing dependency_links to g1_arm_joint_control.egg-info/dependency_links.txt
[0.755s] writing entry points to g1_arm_joint_control.egg-info/entry_points.txt
[0.755s] writing requirements to g1_arm_joint_control.egg-info/requires.txt
[0.755s] writing top-level names to g1_arm_joint_control.egg-info/top_level.txt
[0.756s] reading manifest file 'g1_arm_joint_control.egg-info/SOURCES.txt'
[0.757s] writing manifest file 'g1_arm_joint_control.egg-info/SOURCES.txt'
[0.758s] running build_ext
[0.758s] Creating /home/yutong/scaledrive.ai/fincantieri/g1_hand_move/install/g1_arm_joint_control/lib/python3.10/site-packages/g1-arm-joint-control.egg-link (link to .)
[0.758s] Installing arm_joint_controller script to /home/yutong/scaledrive.ai/fincantieri/g1_hand_move/install/g1_arm_joint_control/lib/g1_arm_joint_control
[0.758s] Installing arm_pose_sender script to /home/yutong/scaledrive.ai/fincantieri/g1_hand_move/install/g1_arm_joint_control/lib/g1_arm_joint_control
[0.758s] 
[0.758s] Installed /home/yutong/scaledrive.ai/fincantieri/g1_hand_move/build/g1_arm_joint_control
[0.758s] running symlink_data
[0.759s] symbolically linking /home/yutong/scaledrive.ai/fincantieri/g1_hand_move/build/g1_arm_joint_control/resource/g1_arm_joint_control -> /home/yutong/scaledrive.ai/fincantieri/g1_hand_move/install/g1_arm_joint_control/share/ament_index/resource_index/packages
[0.759s] symbolically linking /home/yutong/scaledrive.ai/fincantieri/g1_hand_move/build/g1_arm_joint_control/package.xml -> /home/yutong/scaledrive.ai/fincantieri/g1_hand_move/install/g1_arm_joint_control/share/g1_arm_joint_control
[0.759s] symbolically linking /home/yutong/scaledrive.ai/fincantieri/g1_hand_move/build/g1_arm_joint_control/launch/arm_control.launch.py -> /home/yutong/scaledrive.ai/fincantieri/g1_hand_move/install/g1_arm_joint_control/share/g1_arm_joint_control/launch
[0.759s] symbolically linking /home/yutong/scaledrive.ai/fincantieri/g1_hand_move/build/g1_arm_joint_control/config/arm_control.yaml -> /home/yutong/scaledrive.ai/fincantieri/g1_hand_move/install/g1_arm_joint_control/share/g1_arm_joint_control/config
[0.776s] Invoked command in '/home/yutong/scaledrive.ai/fincantieri/g1_hand_move/build/g1_arm_joint_control' returned '0': AMENT_PREFIX_PATH=/home/yutong/scaledrive.ai/fincantieri/g1_hand_move/install/unitree_hg:${AMENT_PREFIX_PATH} CMAKE_PREFIX_PATH=/home/yutong/scaledrive.ai/fincantieri/g1_hand_move/install/unitree_hg LD_LIBRARY_PATH=/home/yutong/scaledrive.ai/fincantieri/g1_hand_move/install/unitree_hg/lib:${LD_LIBRARY_PATH} PYTHONPATH=/home/yutong/scaledrive.ai/fincantieri/g1_hand_move/build/g1_arm_joint_control/prefix_override:/usr/lib/python3/dist-packages/colcon_core/task/python/colcon_distutils_commands:/home/yutong/scaledrive.ai/fincantieri/g1_hand_move/install/g1_arm_joint_control/lib/python3.10/site-packages:/home/yutong/scaledrive.ai/fincantieri/g1_hand_move/install/unitree_hg/local/lib/python3.10/dist-packages:${PYTHONPATH} /usr/bin/python3 -W ignore:setup.py install is deprecated -W ignore:easy_install command is deprecated setup.py develop --editable --build-directory /home/yutong/scaledrive.ai/fincantieri/g1_hand_move/build/g1_arm_joint_control/build --no-deps symlink_data --force
