[0.100s] DEBUG:colcon:Command line arguments: ['/usr/bin/colcon', 'build', '--symlink-install']
[0.100s] DEBUG:colcon:Parsed command line arguments: Namespace(log_base=None, log_level=None, verb_name='build', build_base='build', install_base='install', merge_install=False, symlink_install=True, test_result_base=None, continue_on_error=False, executor='parallel', parallel_workers=16, event_handlers=None, ignore_user_meta=False, metas=['./colcon.meta'], base_paths=['.'], packages_ignore=None, packages_ignore_regex=None, paths=None, packages_up_to=None, packages_up_to_regex=None, packages_above=None, packages_above_and_dependencies=None, packages_above_depth=None, packages_select_by_dep=None, packages_skip_by_dep=None, packages_skip_up_to=None, packages_select_build_failed=False, packages_skip_build_finished=False, packages_select_test_failures=False, packages_skip_test_passed=False, packages_select=None, packages_skip=None, packages_select_regex=None, packages_skip_regex=None, packages_start=None, packages_end=None, allow_overriding=[], cmake_args=None, cmake_target=None, cmake_target_skip_unavailable=False, cmake_clean_cache=False, cmake_clean_first=False, cmake_force_configure=False, ament_cmake_args=None, catkin_cmake_args=None, catkin_skip_building_tests=False, mixin_files=None, mixin=None, verb_parser=<colcon_mixin.mixin.mixin_argument.MixinArgumentDecorator object at 0x78fbaf5f22c0>, verb_extension=<colcon_core.verb.build.BuildVerb object at 0x78fbaf3a6e60>, main=<bound method BuildVerb.main of <colcon_core.verb.build.BuildVerb object at 0x78fbaf3a6e60>>, mixin_verb=('build',))
[0.219s] Level 1:colcon.colcon_core.package_discovery:discover_packages(colcon_meta) check parameters
[0.220s] Level 1:colcon.colcon_core.package_discovery:discover_packages(recursive) check parameters
[0.220s] Level 1:colcon.colcon_core.package_discovery:discover_packages(ignore) check parameters
[0.220s] Level 1:colcon.colcon_core.package_discovery:discover_packages(path) check parameters
[0.220s] Level 1:colcon.colcon_core.package_discovery:discover_packages(colcon_meta) discover
[0.220s] Level 1:colcon.colcon_core.package_discovery:discover_packages(recursive) discover
[0.220s] INFO:colcon.colcon_core.package_discovery:Crawling recursively for packages in '/home/yutong/scaledrive.ai/fincantieri/g1_hand_move'
[0.220s] Level 1:colcon.colcon_core.package_identification:_identify(.) by extensions ['ignore', 'ignore_ament_install']
[0.220s] Level 1:colcon.colcon_core.package_identification:_identify(.) by extension 'ignore'
[0.220s] Level 1:colcon.colcon_core.package_identification:_identify(.) by extension 'ignore_ament_install'
[0.220s] Level 1:colcon.colcon_core.package_identification:_identify(.) by extensions ['colcon_pkg']
[0.220s] Level 1:colcon.colcon_core.package_identification:_identify(.) by extension 'colcon_pkg'
[0.220s] Level 1:colcon.colcon_core.package_identification:_identify(.) by extensions ['colcon_meta']
[0.220s] Level 1:colcon.colcon_core.package_identification:_identify(.) by extension 'colcon_meta'
[0.220s] Level 1:colcon.colcon_core.package_identification:_identify(.) by extensions ['ros']
[0.220s] Level 1:colcon.colcon_core.package_identification:_identify(.) by extension 'ros'
[0.234s] Level 1:colcon.colcon_core.package_identification:_identify(.) by extensions ['cmake', 'python']
[0.234s] Level 1:colcon.colcon_core.package_identification:_identify(.) by extension 'cmake'
[0.234s] Level 1:colcon.colcon_core.package_identification:_identify(.) by extension 'python'
[0.234s] Level 1:colcon.colcon_core.package_identification:_identify(.) by extensions ['python_setup_py']
[0.234s] Level 1:colcon.colcon_core.package_identification:_identify(.) by extension 'python_setup_py'
[0.234s] Level 1:colcon.colcon_core.package_identification:_identify(build) by extensions ['ignore', 'ignore_ament_install']
[0.234s] Level 1:colcon.colcon_core.package_identification:_identify(build) by extension 'ignore'
[0.234s] Level 1:colcon.colcon_core.package_identification:_identify(build) ignored
[0.234s] Level 1:colcon.colcon_core.package_identification:_identify(install) by extensions ['ignore', 'ignore_ament_install']
[0.234s] Level 1:colcon.colcon_core.package_identification:_identify(install) by extension 'ignore'
[0.234s] Level 1:colcon.colcon_core.package_identification:_identify(install) ignored
[0.235s] Level 1:colcon.colcon_core.package_identification:_identify(log) by extensions ['ignore', 'ignore_ament_install']
[0.235s] Level 1:colcon.colcon_core.package_identification:_identify(log) by extension 'ignore'
[0.235s] Level 1:colcon.colcon_core.package_identification:_identify(log) ignored
[0.235s] Level 1:colcon.colcon_core.package_identification:_identify(src) by extensions ['ignore', 'ignore_ament_install']
[0.235s] Level 1:colcon.colcon_core.package_identification:_identify(src) by extension 'ignore'
[0.235s] Level 1:colcon.colcon_core.package_identification:_identify(src) by extension 'ignore_ament_install'
[0.235s] Level 1:colcon.colcon_core.package_identification:_identify(src) by extensions ['colcon_pkg']
[0.235s] Level 1:colcon.colcon_core.package_identification:_identify(src) by extension 'colcon_pkg'
[0.235s] Level 1:colcon.colcon_core.package_identification:_identify(src) by extensions ['colcon_meta']
[0.235s] Level 1:colcon.colcon_core.package_identification:_identify(src) by extension 'colcon_meta'
[0.235s] Level 1:colcon.colcon_core.package_identification:_identify(src) by extensions ['ros']
[0.235s] Level 1:colcon.colcon_core.package_identification:_identify(src) by extension 'ros'
[0.235s] Level 1:colcon.colcon_core.package_identification:_identify(src) by extensions ['cmake', 'python']
[0.235s] Level 1:colcon.colcon_core.package_identification:_identify(src) by extension 'cmake'
[0.235s] Level 1:colcon.colcon_core.package_identification:_identify(src) by extension 'python'
[0.235s] Level 1:colcon.colcon_core.package_identification:_identify(src) by extensions ['python_setup_py']
[0.235s] Level 1:colcon.colcon_core.package_identification:_identify(src) by extension 'python_setup_py'
[0.235s] Level 1:colcon.colcon_core.package_identification:_identify(src/g1_arm_joint_control) by extensions ['ignore', 'ignore_ament_install']
[0.235s] Level 1:colcon.colcon_core.package_identification:_identify(src/g1_arm_joint_control) by extension 'ignore'
[0.235s] Level 1:colcon.colcon_core.package_identification:_identify(src/g1_arm_joint_control) by extension 'ignore_ament_install'
[0.235s] Level 1:colcon.colcon_core.package_identification:_identify(src/g1_arm_joint_control) by extensions ['colcon_pkg']
[0.235s] Level 1:colcon.colcon_core.package_identification:_identify(src/g1_arm_joint_control) by extension 'colcon_pkg'
[0.235s] Level 1:colcon.colcon_core.package_identification:_identify(src/g1_arm_joint_control) by extensions ['colcon_meta']
[0.235s] Level 1:colcon.colcon_core.package_identification:_identify(src/g1_arm_joint_control) by extension 'colcon_meta'
[0.235s] Level 1:colcon.colcon_core.package_identification:_identify(src/g1_arm_joint_control) by extensions ['ros']
[0.235s] Level 1:colcon.colcon_core.package_identification:_identify(src/g1_arm_joint_control) by extension 'ros'
[0.237s] DEBUG:colcon.colcon_core.package_identification:Package 'src/g1_arm_joint_control' with type 'ros.ament_python' and name 'g1_arm_joint_control'
[0.237s] Level 1:colcon.colcon_core.package_identification:_identify(src/unitree_hg) by extensions ['ignore', 'ignore_ament_install']
[0.237s] Level 1:colcon.colcon_core.package_identification:_identify(src/unitree_hg) by extension 'ignore'
[0.237s] Level 1:colcon.colcon_core.package_identification:_identify(src/unitree_hg) by extension 'ignore_ament_install'
[0.237s] Level 1:colcon.colcon_core.package_identification:_identify(src/unitree_hg) by extensions ['colcon_pkg']
[0.237s] Level 1:colcon.colcon_core.package_identification:_identify(src/unitree_hg) by extension 'colcon_pkg'
[0.237s] Level 1:colcon.colcon_core.package_identification:_identify(src/unitree_hg) by extensions ['colcon_meta']
[0.237s] Level 1:colcon.colcon_core.package_identification:_identify(src/unitree_hg) by extension 'colcon_meta'
[0.237s] Level 1:colcon.colcon_core.package_identification:_identify(src/unitree_hg) by extensions ['ros']
[0.237s] Level 1:colcon.colcon_core.package_identification:_identify(src/unitree_hg) by extension 'ros'
[0.238s] DEBUG:colcon.colcon_core.package_identification:Package 'src/unitree_hg' with type 'ros.ament_cmake' and name 'unitree_hg'
[0.238s] Level 1:colcon.colcon_core.package_discovery:discover_packages(recursive) using defaults
[0.238s] Level 1:colcon.colcon_core.package_discovery:discover_packages(ignore) discover
[0.238s] Level 1:colcon.colcon_core.package_discovery:discover_packages(ignore) using defaults
[0.238s] Level 1:colcon.colcon_core.package_discovery:discover_packages(path) discover
[0.238s] Level 1:colcon.colcon_core.package_discovery:discover_packages(path) using defaults
[0.252s] Level 1:colcon.colcon_core.package_discovery:discover_packages(prefix_path) check parameters
[0.252s] Level 1:colcon.colcon_core.package_discovery:discover_packages(prefix_path) discover
[0.253s] DEBUG:colcon.colcon_installed_package_information.package_discovery:Found 2 installed packages in /home/yutong/scaledrive.ai/fincantieri/g1_hand_move/install
[0.254s] DEBUG:colcon.colcon_installed_package_information.package_discovery:Found 407 installed packages in /opt/ros/humble
[0.256s] Level 1:colcon.colcon_core.package_discovery:discover_packages(prefix_path) using defaults
[0.283s] Level 5:colcon.colcon_core.verb:set package 'unitree_hg' build argument 'cmake_args' from command line to 'None'
[0.283s] Level 5:colcon.colcon_core.verb:set package 'unitree_hg' build argument 'cmake_target' from command line to 'None'
[0.283s] Level 5:colcon.colcon_core.verb:set package 'unitree_hg' build argument 'cmake_target_skip_unavailable' from command line to 'False'
[0.283s] Level 5:colcon.colcon_core.verb:set package 'unitree_hg' build argument 'cmake_clean_cache' from command line to 'False'
[0.283s] Level 5:colcon.colcon_core.verb:set package 'unitree_hg' build argument 'cmake_clean_first' from command line to 'False'
[0.283s] Level 5:colcon.colcon_core.verb:set package 'unitree_hg' build argument 'cmake_force_configure' from command line to 'False'
[0.283s] Level 5:colcon.colcon_core.verb:set package 'unitree_hg' build argument 'ament_cmake_args' from command line to 'None'
[0.283s] Level 5:colcon.colcon_core.verb:set package 'unitree_hg' build argument 'catkin_cmake_args' from command line to 'None'
[0.283s] Level 5:colcon.colcon_core.verb:set package 'unitree_hg' build argument 'catkin_skip_building_tests' from command line to 'False'
[0.283s] DEBUG:colcon.colcon_core.verb:Building package 'unitree_hg' with the following arguments: {'ament_cmake_args': None, 'build_base': '/home/yutong/scaledrive.ai/fincantieri/g1_hand_move/build/unitree_hg', 'catkin_cmake_args': None, 'catkin_skip_building_tests': False, 'cmake_args': None, 'cmake_clean_cache': False, 'cmake_clean_first': False, 'cmake_force_configure': False, 'cmake_target': None, 'cmake_target_skip_unavailable': False, 'install_base': '/home/yutong/scaledrive.ai/fincantieri/g1_hand_move/install/unitree_hg', 'merge_install': False, 'path': '/home/yutong/scaledrive.ai/fincantieri/g1_hand_move/src/unitree_hg', 'symlink_install': True, 'test_result_base': None}
[0.283s] Level 5:colcon.colcon_core.verb:set package 'g1_arm_joint_control' build argument 'cmake_args' from command line to 'None'
[0.283s] Level 5:colcon.colcon_core.verb:set package 'g1_arm_joint_control' build argument 'cmake_target' from command line to 'None'
[0.283s] Level 5:colcon.colcon_core.verb:set package 'g1_arm_joint_control' build argument 'cmake_target_skip_unavailable' from command line to 'False'
[0.283s] Level 5:colcon.colcon_core.verb:set package 'g1_arm_joint_control' build argument 'cmake_clean_cache' from command line to 'False'
[0.283s] Level 5:colcon.colcon_core.verb:set package 'g1_arm_joint_control' build argument 'cmake_clean_first' from command line to 'False'
[0.283s] Level 5:colcon.colcon_core.verb:set package 'g1_arm_joint_control' build argument 'cmake_force_configure' from command line to 'False'
[0.283s] Level 5:colcon.colcon_core.verb:set package 'g1_arm_joint_control' build argument 'ament_cmake_args' from command line to 'None'
[0.284s] Level 5:colcon.colcon_core.verb:set package 'g1_arm_joint_control' build argument 'catkin_cmake_args' from command line to 'None'
[0.284s] Level 5:colcon.colcon_core.verb:set package 'g1_arm_joint_control' build argument 'catkin_skip_building_tests' from command line to 'False'
[0.284s] DEBUG:colcon.colcon_core.verb:Building package 'g1_arm_joint_control' with the following arguments: {'ament_cmake_args': None, 'build_base': '/home/yutong/scaledrive.ai/fincantieri/g1_hand_move/build/g1_arm_joint_control', 'catkin_cmake_args': None, 'catkin_skip_building_tests': False, 'cmake_args': None, 'cmake_clean_cache': False, 'cmake_clean_first': False, 'cmake_force_configure': False, 'cmake_target': None, 'cmake_target_skip_unavailable': False, 'install_base': '/home/yutong/scaledrive.ai/fincantieri/g1_hand_move/install/g1_arm_joint_control', 'merge_install': False, 'path': '/home/yutong/scaledrive.ai/fincantieri/g1_hand_move/src/g1_arm_joint_control', 'symlink_install': True, 'test_result_base': None}
[0.284s] INFO:colcon.colcon_core.executor:Executing jobs using 'parallel' executor
[0.284s] DEBUG:colcon.colcon_parallel_executor.executor.parallel:run_until_complete
[0.285s] INFO:colcon.colcon_ros.task.ament_cmake.build:Building ROS package in '/home/yutong/scaledrive.ai/fincantieri/g1_hand_move/src/unitree_hg' with build type 'ament_cmake'
[0.285s] INFO:colcon.colcon_cmake.task.cmake.build:Building CMake package in '/home/yutong/scaledrive.ai/fincantieri/g1_hand_move/src/unitree_hg'
[0.288s] INFO:colcon.colcon_core.plugin_system:Skipping extension 'colcon_core.shell.bat': Not used on non-Windows systems
[0.288s] INFO:colcon.colcon_core.shell:Skip shell extension 'powershell' for command environment: Not usable outside of PowerShell
[0.288s] DEBUG:colcon.colcon_core.shell:Skip shell extension 'dsv' for command environment
[0.295s] DEBUG:colcon.colcon_core.event_handler.log_command:Invoking command in '/home/yutong/scaledrive.ai/fincantieri/g1_hand_move/build/unitree_hg': CMAKE_PREFIX_PATH=${CMAKE_PREFIX_PATH}:/home/yutong/scaledrive.ai/fincantieri/g1_hand_move/install/g1_arm_joint_control:/opt/ros/humble /usr/bin/cmake --build /home/yutong/scaledrive.ai/fincantieri/g1_hand_move/build/unitree_hg -- -j16 -l16
[0.580s] DEBUG:colcon.colcon_core.event_handler.log_command:Invoked command in '/home/yutong/scaledrive.ai/fincantieri/g1_hand_move/build/unitree_hg' returned '0': CMAKE_PREFIX_PATH=${CMAKE_PREFIX_PATH}:/home/yutong/scaledrive.ai/fincantieri/g1_hand_move/install/g1_arm_joint_control:/opt/ros/humble /usr/bin/cmake --build /home/yutong/scaledrive.ai/fincantieri/g1_hand_move/build/unitree_hg -- -j16 -l16
[0.587s] DEBUG:colcon.colcon_core.event_handler.log_command:Invoking command in '/home/yutong/scaledrive.ai/fincantieri/g1_hand_move/build/unitree_hg': CMAKE_PREFIX_PATH=${CMAKE_PREFIX_PATH}:/home/yutong/scaledrive.ai/fincantieri/g1_hand_move/install/g1_arm_joint_control:/opt/ros/humble /usr/bin/cmake --install /home/yutong/scaledrive.ai/fincantieri/g1_hand_move/build/unitree_hg
[0.659s] Level 1:colcon.colcon_core.environment:create_environment_scripts_only(unitree_hg)
[0.660s] DEBUG:colcon.colcon_core.event_handler.log_command:Invoked command in '/home/yutong/scaledrive.ai/fincantieri/g1_hand_move/build/unitree_hg' returned '0': CMAKE_PREFIX_PATH=${CMAKE_PREFIX_PATH}:/home/yutong/scaledrive.ai/fincantieri/g1_hand_move/install/g1_arm_joint_control:/opt/ros/humble /usr/bin/cmake --install /home/yutong/scaledrive.ai/fincantieri/g1_hand_move/build/unitree_hg
[0.662s] Level 1:colcon.colcon_core.environment:checking '/home/yutong/scaledrive.ai/fincantieri/g1_hand_move/install/unitree_hg' for CMake module files
[0.662s] Level 1:colcon.colcon_core.environment:checking '/home/yutong/scaledrive.ai/fincantieri/g1_hand_move/install/unitree_hg' for CMake config files
[0.663s] Level 1:colcon.colcon_core.shell:create_environment_hook('unitree_hg', 'cmake_prefix_path')
[0.663s] INFO:colcon.colcon_core.shell:Creating environment hook '/home/yutong/scaledrive.ai/fincantieri/g1_hand_move/install/unitree_hg/share/unitree_hg/hook/cmake_prefix_path.ps1'
[0.663s] INFO:colcon.colcon_core.shell:Creating environment descriptor '/home/yutong/scaledrive.ai/fincantieri/g1_hand_move/install/unitree_hg/share/unitree_hg/hook/cmake_prefix_path.dsv'
[0.664s] INFO:colcon.colcon_core.shell:Creating environment hook '/home/yutong/scaledrive.ai/fincantieri/g1_hand_move/install/unitree_hg/share/unitree_hg/hook/cmake_prefix_path.sh'
[0.664s] Level 1:colcon.colcon_core.environment:checking '/home/yutong/scaledrive.ai/fincantieri/g1_hand_move/install/unitree_hg/lib'
[0.665s] Level 1:colcon.colcon_core.shell:create_environment_hook('unitree_hg', 'ld_library_path_lib')
[0.665s] INFO:colcon.colcon_core.shell:Creating environment hook '/home/yutong/scaledrive.ai/fincantieri/g1_hand_move/install/unitree_hg/share/unitree_hg/hook/ld_library_path_lib.ps1'
[0.665s] INFO:colcon.colcon_core.shell:Creating environment descriptor '/home/yutong/scaledrive.ai/fincantieri/g1_hand_move/install/unitree_hg/share/unitree_hg/hook/ld_library_path_lib.dsv'
[0.665s] INFO:colcon.colcon_core.shell:Creating environment hook '/home/yutong/scaledrive.ai/fincantieri/g1_hand_move/install/unitree_hg/share/unitree_hg/hook/ld_library_path_lib.sh'
[0.665s] Level 1:colcon.colcon_core.environment:checking '/home/yutong/scaledrive.ai/fincantieri/g1_hand_move/install/unitree_hg/bin'
[0.665s] Level 1:colcon.colcon_core.environment:checking '/home/yutong/scaledrive.ai/fincantieri/g1_hand_move/install/unitree_hg/lib/pkgconfig/unitree_hg.pc'
[0.666s] Level 1:colcon.colcon_core.environment:checking '/home/yutong/scaledrive.ai/fincantieri/g1_hand_move/install/unitree_hg/lib/python3.10/site-packages'
[0.666s] Level 1:colcon.colcon_core.environment:checking '/home/yutong/scaledrive.ai/fincantieri/g1_hand_move/install/unitree_hg/bin'
[0.666s] INFO:colcon.colcon_core.shell:Creating package script '/home/yutong/scaledrive.ai/fincantieri/g1_hand_move/install/unitree_hg/share/unitree_hg/package.ps1'
[0.667s] INFO:colcon.colcon_core.shell:Creating package descriptor '/home/yutong/scaledrive.ai/fincantieri/g1_hand_move/install/unitree_hg/share/unitree_hg/package.dsv'
[0.667s] INFO:colcon.colcon_core.shell:Creating package script '/home/yutong/scaledrive.ai/fincantieri/g1_hand_move/install/unitree_hg/share/unitree_hg/package.sh'
[0.667s] INFO:colcon.colcon_core.shell:Creating package script '/home/yutong/scaledrive.ai/fincantieri/g1_hand_move/install/unitree_hg/share/unitree_hg/package.bash'
[0.668s] INFO:colcon.colcon_core.shell:Creating package script '/home/yutong/scaledrive.ai/fincantieri/g1_hand_move/install/unitree_hg/share/unitree_hg/package.zsh'
[0.668s] Level 1:colcon.colcon_core.environment:create_file_with_runtime_dependencies(/home/yutong/scaledrive.ai/fincantieri/g1_hand_move/install/unitree_hg/share/colcon-core/packages/unitree_hg)
[0.669s] Level 1:colcon.colcon_core.environment:create_environment_scripts_only(unitree_hg)
[0.669s] Level 1:colcon.colcon_core.environment:checking '/home/yutong/scaledrive.ai/fincantieri/g1_hand_move/install/unitree_hg' for CMake module files
[0.669s] Level 1:colcon.colcon_core.environment:checking '/home/yutong/scaledrive.ai/fincantieri/g1_hand_move/install/unitree_hg' for CMake config files
[0.669s] Level 1:colcon.colcon_core.shell:create_environment_hook('unitree_hg', 'cmake_prefix_path')
[0.670s] INFO:colcon.colcon_core.shell:Creating environment hook '/home/yutong/scaledrive.ai/fincantieri/g1_hand_move/install/unitree_hg/share/unitree_hg/hook/cmake_prefix_path.ps1'
[0.670s] INFO:colcon.colcon_core.shell:Creating environment descriptor '/home/yutong/scaledrive.ai/fincantieri/g1_hand_move/install/unitree_hg/share/unitree_hg/hook/cmake_prefix_path.dsv'
[0.670s] INFO:colcon.colcon_core.shell:Creating environment hook '/home/yutong/scaledrive.ai/fincantieri/g1_hand_move/install/unitree_hg/share/unitree_hg/hook/cmake_prefix_path.sh'
[0.671s] Level 1:colcon.colcon_core.environment:checking '/home/yutong/scaledrive.ai/fincantieri/g1_hand_move/install/unitree_hg/lib'
[0.671s] Level 1:colcon.colcon_core.shell:create_environment_hook('unitree_hg', 'ld_library_path_lib')
[0.671s] INFO:colcon.colcon_core.shell:Creating environment hook '/home/yutong/scaledrive.ai/fincantieri/g1_hand_move/install/unitree_hg/share/unitree_hg/hook/ld_library_path_lib.ps1'
[0.671s] INFO:colcon.colcon_core.shell:Creating environment descriptor '/home/yutong/scaledrive.ai/fincantieri/g1_hand_move/install/unitree_hg/share/unitree_hg/hook/ld_library_path_lib.dsv'
[0.671s] INFO:colcon.colcon_core.shell:Creating environment hook '/home/yutong/scaledrive.ai/fincantieri/g1_hand_move/install/unitree_hg/share/unitree_hg/hook/ld_library_path_lib.sh'
[0.671s] Level 1:colcon.colcon_core.environment:checking '/home/yutong/scaledrive.ai/fincantieri/g1_hand_move/install/unitree_hg/bin'
[0.671s] Level 1:colcon.colcon_core.environment:checking '/home/yutong/scaledrive.ai/fincantieri/g1_hand_move/install/unitree_hg/lib/pkgconfig/unitree_hg.pc'
[0.672s] Level 1:colcon.colcon_core.environment:checking '/home/yutong/scaledrive.ai/fincantieri/g1_hand_move/install/unitree_hg/lib/python3.10/site-packages'
[0.672s] Level 1:colcon.colcon_core.environment:checking '/home/yutong/scaledrive.ai/fincantieri/g1_hand_move/install/unitree_hg/bin'
[0.672s] INFO:colcon.colcon_core.shell:Creating package script '/home/yutong/scaledrive.ai/fincantieri/g1_hand_move/install/unitree_hg/share/unitree_hg/package.ps1'
[0.672s] INFO:colcon.colcon_core.shell:Creating package descriptor '/home/yutong/scaledrive.ai/fincantieri/g1_hand_move/install/unitree_hg/share/unitree_hg/package.dsv'
[0.673s] INFO:colcon.colcon_core.shell:Creating package script '/home/yutong/scaledrive.ai/fincantieri/g1_hand_move/install/unitree_hg/share/unitree_hg/package.sh'
[0.673s] INFO:colcon.colcon_core.shell:Creating package script '/home/yutong/scaledrive.ai/fincantieri/g1_hand_move/install/unitree_hg/share/unitree_hg/package.bash'
[0.673s] INFO:colcon.colcon_core.shell:Creating package script '/home/yutong/scaledrive.ai/fincantieri/g1_hand_move/install/unitree_hg/share/unitree_hg/package.zsh'
[0.673s] Level 1:colcon.colcon_core.environment:create_file_with_runtime_dependencies(/home/yutong/scaledrive.ai/fincantieri/g1_hand_move/install/unitree_hg/share/colcon-core/packages/unitree_hg)
[0.674s] INFO:colcon.colcon_ros.task.ament_python.build:Building ROS package in '/home/yutong/scaledrive.ai/fincantieri/g1_hand_move/src/g1_arm_joint_control' with build type 'ament_python'
[0.674s] Level 1:colcon.colcon_core.shell:create_environment_hook('g1_arm_joint_control', 'ament_prefix_path')
[0.674s] INFO:colcon.colcon_core.shell:Creating environment hook '/home/yutong/scaledrive.ai/fincantieri/g1_hand_move/install/g1_arm_joint_control/share/g1_arm_joint_control/hook/ament_prefix_path.ps1'
[0.675s] INFO:colcon.colcon_core.shell:Creating environment descriptor '/home/yutong/scaledrive.ai/fincantieri/g1_hand_move/install/g1_arm_joint_control/share/g1_arm_joint_control/hook/ament_prefix_path.dsv'
[0.675s] INFO:colcon.colcon_core.shell:Creating environment hook '/home/yutong/scaledrive.ai/fincantieri/g1_hand_move/install/g1_arm_joint_control/share/g1_arm_joint_control/hook/ament_prefix_path.sh'
[0.676s] INFO:colcon.colcon_core.shell:Skip shell extension 'powershell' for command environment: Not usable outside of PowerShell
[0.676s] DEBUG:colcon.colcon_core.shell:Skip shell extension 'dsv' for command environment
[0.874s] INFO:colcon.colcon_core.task.python.build:Building Python package in '/home/yutong/scaledrive.ai/fincantieri/g1_hand_move/src/g1_arm_joint_control'
[0.874s] INFO:colcon.colcon_core.shell:Skip shell extension 'powershell' for command environment: Not usable outside of PowerShell
[0.874s] DEBUG:colcon.colcon_core.shell:Skip shell extension 'dsv' for command environment
[1.132s] DEBUG:colcon.colcon_core.event_handler.log_command:Invoking command in '/home/yutong/scaledrive.ai/fincantieri/g1_hand_move/build/g1_arm_joint_control': PYTHONPATH=/home/yutong/scaledrive.ai/fincantieri/g1_hand_move/build/g1_arm_joint_control/prefix_override:/usr/lib/python3/dist-packages/colcon_core/task/python/colcon_distutils_commands:/home/yutong/scaledrive.ai/fincantieri/g1_hand_move/install/g1_arm_joint_control/lib/python3.10/site-packages:${PYTHONPATH} /usr/bin/python3 -W ignore:setup.py install is deprecated -W ignore:easy_install command is deprecated setup.py develop --editable --build-directory /home/yutong/scaledrive.ai/fincantieri/g1_hand_move/build/g1_arm_joint_control/build --no-deps symlink_data
[1.468s] Level 1:colcon.colcon_core.shell:create_environment_hook('g1_arm_joint_control', 'pythonpath_develop')
[1.469s] INFO:colcon.colcon_core.shell:Creating environment hook '/home/yutong/scaledrive.ai/fincantieri/g1_hand_move/build/g1_arm_joint_control/share/g1_arm_joint_control/hook/pythonpath_develop.ps1'
[1.469s] DEBUG:colcon.colcon_core.event_handler.log_command:Invoked command in '/home/yutong/scaledrive.ai/fincantieri/g1_hand_move/build/g1_arm_joint_control' returned '0': PYTHONPATH=/home/yutong/scaledrive.ai/fincantieri/g1_hand_move/build/g1_arm_joint_control/prefix_override:/usr/lib/python3/dist-packages/colcon_core/task/python/colcon_distutils_commands:/home/yutong/scaledrive.ai/fincantieri/g1_hand_move/install/g1_arm_joint_control/lib/python3.10/site-packages:${PYTHONPATH} /usr/bin/python3 -W ignore:setup.py install is deprecated -W ignore:easy_install command is deprecated setup.py develop --editable --build-directory /home/yutong/scaledrive.ai/fincantieri/g1_hand_move/build/g1_arm_joint_control/build --no-deps symlink_data
[1.470s] INFO:colcon.colcon_core.shell:Creating environment descriptor '/home/yutong/scaledrive.ai/fincantieri/g1_hand_move/build/g1_arm_joint_control/share/g1_arm_joint_control/hook/pythonpath_develop.dsv'
[1.470s] INFO:colcon.colcon_core.shell:Creating environment hook '/home/yutong/scaledrive.ai/fincantieri/g1_hand_move/build/g1_arm_joint_control/share/g1_arm_joint_control/hook/pythonpath_develop.sh'
[1.471s] Level 1:colcon.colcon_core.environment:checking '/home/yutong/scaledrive.ai/fincantieri/g1_hand_move/install/g1_arm_joint_control' for CMake module files
[1.472s] Level 1:colcon.colcon_core.environment:checking '/home/yutong/scaledrive.ai/fincantieri/g1_hand_move/install/g1_arm_joint_control' for CMake config files
[1.472s] Level 1:colcon.colcon_core.environment:checking '/home/yutong/scaledrive.ai/fincantieri/g1_hand_move/install/g1_arm_joint_control/lib'
[1.473s] Level 1:colcon.colcon_core.environment:checking '/home/yutong/scaledrive.ai/fincantieri/g1_hand_move/install/g1_arm_joint_control/bin'
[1.473s] Level 1:colcon.colcon_core.environment:checking '/home/yutong/scaledrive.ai/fincantieri/g1_hand_move/install/g1_arm_joint_control/lib/pkgconfig/g1_arm_joint_control.pc'
[1.473s] Level 1:colcon.colcon_core.environment:checking '/home/yutong/scaledrive.ai/fincantieri/g1_hand_move/install/g1_arm_joint_control/lib/python3.10/site-packages'
[1.473s] Level 1:colcon.colcon_core.shell:create_environment_hook('g1_arm_joint_control', 'pythonpath')
[1.473s] INFO:colcon.colcon_core.shell:Creating environment hook '/home/yutong/scaledrive.ai/fincantieri/g1_hand_move/install/g1_arm_joint_control/share/g1_arm_joint_control/hook/pythonpath.ps1'
[1.474s] INFO:colcon.colcon_core.shell:Creating environment descriptor '/home/yutong/scaledrive.ai/fincantieri/g1_hand_move/install/g1_arm_joint_control/share/g1_arm_joint_control/hook/pythonpath.dsv'
[1.474s] INFO:colcon.colcon_core.shell:Creating environment hook '/home/yutong/scaledrive.ai/fincantieri/g1_hand_move/install/g1_arm_joint_control/share/g1_arm_joint_control/hook/pythonpath.sh'
[1.475s] Level 1:colcon.colcon_core.environment:checking '/home/yutong/scaledrive.ai/fincantieri/g1_hand_move/install/g1_arm_joint_control/bin'
[1.475s] Level 1:colcon.colcon_core.environment:create_environment_scripts_only(g1_arm_joint_control)
[1.476s] INFO:colcon.colcon_core.shell:Creating package script '/home/yutong/scaledrive.ai/fincantieri/g1_hand_move/install/g1_arm_joint_control/share/g1_arm_joint_control/package.ps1'
[1.476s] INFO:colcon.colcon_core.shell:Creating package descriptor '/home/yutong/scaledrive.ai/fincantieri/g1_hand_move/install/g1_arm_joint_control/share/g1_arm_joint_control/package.dsv'
[1.477s] INFO:colcon.colcon_core.shell:Creating package script '/home/yutong/scaledrive.ai/fincantieri/g1_hand_move/install/g1_arm_joint_control/share/g1_arm_joint_control/package.sh'
[1.477s] INFO:colcon.colcon_core.shell:Creating package script '/home/yutong/scaledrive.ai/fincantieri/g1_hand_move/install/g1_arm_joint_control/share/g1_arm_joint_control/package.bash'
[1.478s] INFO:colcon.colcon_core.shell:Creating package script '/home/yutong/scaledrive.ai/fincantieri/g1_hand_move/install/g1_arm_joint_control/share/g1_arm_joint_control/package.zsh'
[1.478s] Level 1:colcon.colcon_core.environment:create_file_with_runtime_dependencies(/home/yutong/scaledrive.ai/fincantieri/g1_hand_move/install/g1_arm_joint_control/share/colcon-core/packages/g1_arm_joint_control)
[1.479s] DEBUG:colcon.colcon_parallel_executor.executor.parallel:closing loop
[1.479s] DEBUG:colcon.colcon_parallel_executor.executor.parallel:loop closed
[1.479s] DEBUG:colcon.colcon_parallel_executor.executor.parallel:run_until_complete finished with '0'
[1.479s] DEBUG:colcon.colcon_core.event_reactor:joining thread
[1.483s] INFO:colcon.colcon_core.plugin_system:Skipping extension 'colcon_notification.desktop_notification.terminal_notifier': Not used on non-Darwin systems
[1.483s] INFO:colcon.colcon_core.plugin_system:Skipping extension 'colcon_notification.desktop_notification.win32': Not used on non-Windows systems
[1.483s] INFO:colcon.colcon_notification.desktop_notification:Sending desktop notification using 'notify2'
[1.494s] DEBUG:colcon.colcon_core.event_reactor:joined thread
[1.494s] INFO:colcon.colcon_core.shell:Creating prefix script '/home/yutong/scaledrive.ai/fincantieri/g1_hand_move/install/local_setup.ps1'
[1.496s] INFO:colcon.colcon_core.shell:Creating prefix util module '/home/yutong/scaledrive.ai/fincantieri/g1_hand_move/install/_local_setup_util_ps1.py'
[1.498s] INFO:colcon.colcon_core.shell:Creating prefix chain script '/home/yutong/scaledrive.ai/fincantieri/g1_hand_move/install/setup.ps1'
[1.499s] INFO:colcon.colcon_core.shell:Creating prefix script '/home/yutong/scaledrive.ai/fincantieri/g1_hand_move/install/local_setup.sh'
[1.499s] INFO:colcon.colcon_core.shell:Creating prefix util module '/home/yutong/scaledrive.ai/fincantieri/g1_hand_move/install/_local_setup_util_sh.py'
[1.500s] INFO:colcon.colcon_core.shell:Creating prefix chain script '/home/yutong/scaledrive.ai/fincantieri/g1_hand_move/install/setup.sh'
[1.501s] INFO:colcon.colcon_core.shell:Creating prefix script '/home/yutong/scaledrive.ai/fincantieri/g1_hand_move/install/local_setup.bash'
[1.501s] INFO:colcon.colcon_core.shell:Creating prefix chain script '/home/yutong/scaledrive.ai/fincantieri/g1_hand_move/install/setup.bash'
[1.502s] INFO:colcon.colcon_core.shell:Creating prefix script '/home/yutong/scaledrive.ai/fincantieri/g1_hand_move/install/local_setup.zsh'
[1.503s] INFO:colcon.colcon_core.shell:Creating prefix chain script '/home/yutong/scaledrive.ai/fincantieri/g1_hand_move/install/setup.zsh'
