[0.091s] [34mcolcon[0m [1;30mDEBUG[0m [32mCommand line arguments: ['/home/yutong/miniconda3/envs/g1_control/bin/colcon', 'build', '--symlink-install'][0m
[0.091s] [34mcolcon[0m [1;30mDEBUG[0m [32mParsed command line arguments: Namespace(log_base=None, log_level=None, verb_name='build', build_base='build', install_base='install', merge_install=False, symlink_install=True, test_result_base=None, continue_on_error=False, executor='parallel', parallel_workers=16, event_handlers=None, ignore_user_meta=False, metas=['./colcon.meta'], base_paths=['.'], packages_ignore=None, packages_ignore_regex=None, paths=None, packages_up_to=None, packages_up_to_regex=None, packages_above=None, packages_above_and_dependencies=None, packages_above_depth=None, packages_select_by_dep=None, packages_skip_by_dep=None, packages_skip_up_to=None, packages_select_build_failed=False, packages_skip_build_finished=False, packages_select_test_failures=False, packages_skip_test_passed=False, packages_select=None, packages_skip=None, packages_select_regex=None, packages_skip_regex=None, packages_start=None, packages_end=None, cmake_args=None, cmake_target=None, cmake_target_skip_unavailable=False, cmake_clean_cache=False, cmake_clean_first=False, cmake_force_configure=False, ament_cmake_args=None, catkin_cmake_args=None, catkin_skip_building_tests=False, verb_parser=<colcon_defaults.argument_parser.defaults.DefaultArgumentsDecorator object at 0x75f46072a890>, verb_extension=<colcon_core.verb.build.BuildVerb object at 0x75f46072a1d0>, main=<bound method BuildVerb.main of <colcon_core.verb.build.BuildVerb object at 0x75f46072a1d0>>)[0m
[0.116s] [34mcolcon.colcon_core.package_discovery[0m [1;30mLevel 1[0m discover_packages(colcon_meta) check parameters
[0.116s] [34mcolcon.colcon_core.package_discovery[0m [1;30mLevel 1[0m discover_packages(recursive) check parameters
[0.116s] [34mcolcon.colcon_core.package_discovery[0m [1;30mLevel 1[0m discover_packages(ignore) check parameters
[0.116s] [34mcolcon.colcon_core.package_discovery[0m [1;30mLevel 1[0m discover_packages(path) check parameters
[0.116s] [34mcolcon.colcon_core.package_discovery[0m [1;30mLevel 1[0m discover_packages(colcon_meta) discover
[0.116s] [34mcolcon.colcon_core.package_discovery[0m [1;30mLevel 1[0m discover_packages(recursive) discover
[0.116s] [34mcolcon.colcon_core.package_discovery[0m [1;30mINFO[0m Crawling recursively for packages in '/home/yutong/scaledrive.ai/fincantieri/g1_hand_move'
[0.116s] [34mcolcon.colcon_core.package_identification[0m [1;30mLevel 1[0m _identify(.) by extensions ['ignore', 'ignore_ament_install']
[0.116s] [34mcolcon.colcon_core.package_identification[0m [1;30mLevel 1[0m _identify(.) by extension 'ignore'
[0.116s] [34mcolcon.colcon_core.package_identification[0m [1;30mLevel 1[0m _identify(.) by extension 'ignore_ament_install'
[0.116s] [34mcolcon.colcon_core.package_identification[0m [1;30mLevel 1[0m _identify(.) by extensions ['colcon_pkg']
[0.116s] [34mcolcon.colcon_core.package_identification[0m [1;30mLevel 1[0m _identify(.) by extension 'colcon_pkg'
[0.116s] [34mcolcon.colcon_core.package_identification[0m [1;30mLevel 1[0m _identify(.) by extensions ['colcon_meta']
[0.116s] [34mcolcon.colcon_core.package_identification[0m [1;30mLevel 1[0m _identify(.) by extension 'colcon_meta'
[0.116s] [34mcolcon.colcon_core.package_identification[0m [1;30mLevel 1[0m _identify(.) by extensions ['ros']
[0.116s] [34mcolcon.colcon_core.package_identification[0m [1;30mLevel 1[0m _identify(.) by extension 'ros'
[0.136s] [34mcolcon.colcon_core.package_identification[0m [1;30mLevel 1[0m _identify(.) by extensions ['cmake', 'python']
[0.136s] [34mcolcon.colcon_core.package_identification[0m [1;30mLevel 1[0m _identify(.) by extension 'cmake'
[0.136s] [34mcolcon.colcon_core.package_identification[0m [1;30mLevel 1[0m _identify(.) by extension 'python'
[0.136s] [34mcolcon.colcon_core.package_identification[0m [1;30mLevel 1[0m _identify(.) by extensions ['python_setup_py']
[0.136s] [34mcolcon.colcon_core.package_identification[0m [1;30mLevel 1[0m _identify(.) by extension 'python_setup_py'
[0.136s] [34mcolcon.colcon_core.package_identification[0m [1;30mLevel 1[0m _identify(build) by extensions ['ignore', 'ignore_ament_install']
[0.136s] [34mcolcon.colcon_core.package_identification[0m [1;30mLevel 1[0m _identify(build) by extension 'ignore'
[0.136s] [34mcolcon.colcon_core.package_identification[0m [1;30mLevel 1[0m _identify(build) ignored
[0.136s] [34mcolcon.colcon_core.package_identification[0m [1;30mLevel 1[0m _identify(install) by extensions ['ignore', 'ignore_ament_install']
[0.136s] [34mcolcon.colcon_core.package_identification[0m [1;30mLevel 1[0m _identify(install) by extension 'ignore'
[0.136s] [34mcolcon.colcon_core.package_identification[0m [1;30mLevel 1[0m _identify(install) ignored
[0.136s] [34mcolcon.colcon_core.package_identification[0m [1;30mLevel 1[0m _identify(log) by extensions ['ignore', 'ignore_ament_install']
[0.136s] [34mcolcon.colcon_core.package_identification[0m [1;30mLevel 1[0m _identify(log) by extension 'ignore'
[0.136s] [34mcolcon.colcon_core.package_identification[0m [1;30mLevel 1[0m _identify(log) ignored
[0.136s] [34mcolcon.colcon_core.package_identification[0m [1;30mLevel 1[0m _identify(src) by extensions ['ignore', 'ignore_ament_install']
[0.136s] [34mcolcon.colcon_core.package_identification[0m [1;30mLevel 1[0m _identify(src) by extension 'ignore'
[0.136s] [34mcolcon.colcon_core.package_identification[0m [1;30mLevel 1[0m _identify(src) by extension 'ignore_ament_install'
[0.136s] [34mcolcon.colcon_core.package_identification[0m [1;30mLevel 1[0m _identify(src) by extensions ['colcon_pkg']
[0.136s] [34mcolcon.colcon_core.package_identification[0m [1;30mLevel 1[0m _identify(src) by extension 'colcon_pkg'
[0.136s] [34mcolcon.colcon_core.package_identification[0m [1;30mLevel 1[0m _identify(src) by extensions ['colcon_meta']
[0.136s] [34mcolcon.colcon_core.package_identification[0m [1;30mLevel 1[0m _identify(src) by extension 'colcon_meta'
[0.136s] [34mcolcon.colcon_core.package_identification[0m [1;30mLevel 1[0m _identify(src) by extensions ['ros']
[0.136s] [34mcolcon.colcon_core.package_identification[0m [1;30mLevel 1[0m _identify(src) by extension 'ros'
[0.136s] [34mcolcon.colcon_core.package_identification[0m [1;30mLevel 1[0m _identify(src) by extensions ['cmake', 'python']
[0.136s] [34mcolcon.colcon_core.package_identification[0m [1;30mLevel 1[0m _identify(src) by extension 'cmake'
[0.136s] [34mcolcon.colcon_core.package_identification[0m [1;30mLevel 1[0m _identify(src) by extension 'python'
[0.136s] [34mcolcon.colcon_core.package_identification[0m [1;30mLevel 1[0m _identify(src) by extensions ['python_setup_py']
[0.136s] [34mcolcon.colcon_core.package_identification[0m [1;30mLevel 1[0m _identify(src) by extension 'python_setup_py'
[0.137s] [34mcolcon.colcon_core.package_identification[0m [1;30mLevel 1[0m _identify(src/g1_arm_joint_control) by extensions ['ignore', 'ignore_ament_install']
[0.137s] [34mcolcon.colcon_core.package_identification[0m [1;30mLevel 1[0m _identify(src/g1_arm_joint_control) by extension 'ignore'
[0.137s] [34mcolcon.colcon_core.package_identification[0m [1;30mLevel 1[0m _identify(src/g1_arm_joint_control) by extension 'ignore_ament_install'
[0.137s] [34mcolcon.colcon_core.package_identification[0m [1;30mLevel 1[0m _identify(src/g1_arm_joint_control) by extensions ['colcon_pkg']
[0.137s] [34mcolcon.colcon_core.package_identification[0m [1;30mLevel 1[0m _identify(src/g1_arm_joint_control) by extension 'colcon_pkg'
[0.137s] [34mcolcon.colcon_core.package_identification[0m [1;30mLevel 1[0m _identify(src/g1_arm_joint_control) by extensions ['colcon_meta']
[0.137s] [34mcolcon.colcon_core.package_identification[0m [1;30mLevel 1[0m _identify(src/g1_arm_joint_control) by extension 'colcon_meta'
[0.137s] [34mcolcon.colcon_core.package_identification[0m [1;30mLevel 1[0m _identify(src/g1_arm_joint_control) by extensions ['ros']
[0.137s] [34mcolcon.colcon_core.package_identification[0m [1;30mLevel 1[0m _identify(src/g1_arm_joint_control) by extension 'ros'
[0.138s] [34mcolcon.colcon_core.package_identification[0m [1;30mDEBUG[0m [32mPackage 'src/g1_arm_joint_control' with type 'ros.ament_python' and name 'g1_arm_joint_control'[0m
[0.139s] [34mcolcon.colcon_core.package_identification[0m [1;30mLevel 1[0m _identify(src/unitree_hg) by extensions ['ignore', 'ignore_ament_install']
[0.139s] [34mcolcon.colcon_core.package_identification[0m [1;30mLevel 1[0m _identify(src/unitree_hg) by extension 'ignore'
[0.139s] [34mcolcon.colcon_core.package_identification[0m [1;30mLevel 1[0m _identify(src/unitree_hg) by extension 'ignore_ament_install'
[0.139s] [34mcolcon.colcon_core.package_identification[0m [1;30mLevel 1[0m _identify(src/unitree_hg) by extensions ['colcon_pkg']
[0.139s] [34mcolcon.colcon_core.package_identification[0m [1;30mLevel 1[0m _identify(src/unitree_hg) by extension 'colcon_pkg'
[0.139s] [34mcolcon.colcon_core.package_identification[0m [1;30mLevel 1[0m _identify(src/unitree_hg) by extensions ['colcon_meta']
[0.139s] [34mcolcon.colcon_core.package_identification[0m [1;30mLevel 1[0m _identify(src/unitree_hg) by extension 'colcon_meta'
[0.139s] [34mcolcon.colcon_core.package_identification[0m [1;30mLevel 1[0m _identify(src/unitree_hg) by extensions ['ros']
[0.139s] [34mcolcon.colcon_core.package_identification[0m [1;30mLevel 1[0m _identify(src/unitree_hg) by extension 'ros'
[0.139s] [34mcolcon.colcon_core.package_identification[0m [1;30mDEBUG[0m [32mPackage 'src/unitree_hg' with type 'ros.ament_cmake' and name 'unitree_hg'[0m
[0.139s] [34mcolcon.colcon_core.package_discovery[0m [1;30mLevel 1[0m discover_packages(recursive) using defaults
[0.139s] [34mcolcon.colcon_core.package_discovery[0m [1;30mLevel 1[0m discover_packages(ignore) discover
[0.139s] [34mcolcon.colcon_core.package_discovery[0m [1;30mLevel 1[0m discover_packages(ignore) using defaults
[0.139s] [34mcolcon.colcon_core.package_discovery[0m [1;30mLevel 1[0m discover_packages(path) discover
[0.139s] [34mcolcon.colcon_core.package_discovery[0m [1;30mLevel 1[0m discover_packages(path) using defaults
[0.150s] [34mcolcon.colcon_core.verb[0m [1;30mLevel 5[0m set package 'unitree_hg' build argument 'cmake_args' from command line to 'None'
[0.150s] [34mcolcon.colcon_core.verb[0m [1;30mLevel 5[0m set package 'unitree_hg' build argument 'cmake_target' from command line to 'None'
[0.150s] [34mcolcon.colcon_core.verb[0m [1;30mLevel 5[0m set package 'unitree_hg' build argument 'cmake_target_skip_unavailable' from command line to 'False'
[0.150s] [34mcolcon.colcon_core.verb[0m [1;30mLevel 5[0m set package 'unitree_hg' build argument 'cmake_clean_cache' from command line to 'False'
[0.150s] [34mcolcon.colcon_core.verb[0m [1;30mLevel 5[0m set package 'unitree_hg' build argument 'cmake_clean_first' from command line to 'False'
[0.150s] [34mcolcon.colcon_core.verb[0m [1;30mLevel 5[0m set package 'unitree_hg' build argument 'cmake_force_configure' from command line to 'False'
[0.150s] [34mcolcon.colcon_core.verb[0m [1;30mLevel 5[0m set package 'unitree_hg' build argument 'ament_cmake_args' from command line to 'None'
[0.150s] [34mcolcon.colcon_core.verb[0m [1;30mLevel 5[0m set package 'unitree_hg' build argument 'catkin_cmake_args' from command line to 'None'
[0.150s] [34mcolcon.colcon_core.verb[0m [1;30mLevel 5[0m set package 'unitree_hg' build argument 'catkin_skip_building_tests' from command line to 'False'
[0.150s] [34mcolcon.colcon_core.verb[0m [1;30mDEBUG[0m [32mBuilding package 'unitree_hg' with the following arguments: {'ament_cmake_args': None, 'build_base': '/home/yutong/scaledrive.ai/fincantieri/g1_hand_move/build/unitree_hg', 'catkin_cmake_args': None, 'catkin_skip_building_tests': False, 'cmake_args': None, 'cmake_clean_cache': False, 'cmake_clean_first': False, 'cmake_force_configure': False, 'cmake_target': None, 'cmake_target_skip_unavailable': False, 'install_base': '/home/yutong/scaledrive.ai/fincantieri/g1_hand_move/install/unitree_hg', 'merge_install': False, 'path': '/home/yutong/scaledrive.ai/fincantieri/g1_hand_move/src/unitree_hg', 'symlink_install': True, 'test_result_base': None}[0m
[0.150s] [34mcolcon.colcon_core.verb[0m [1;30mLevel 5[0m set package 'g1_arm_joint_control' build argument 'cmake_args' from command line to 'None'
[0.150s] [34mcolcon.colcon_core.verb[0m [1;30mLevel 5[0m set package 'g1_arm_joint_control' build argument 'cmake_target' from command line to 'None'
[0.150s] [34mcolcon.colcon_core.verb[0m [1;30mLevel 5[0m set package 'g1_arm_joint_control' build argument 'cmake_target_skip_unavailable' from command line to 'False'
[0.150s] [34mcolcon.colcon_core.verb[0m [1;30mLevel 5[0m set package 'g1_arm_joint_control' build argument 'cmake_clean_cache' from command line to 'False'
[0.150s] [34mcolcon.colcon_core.verb[0m [1;30mLevel 5[0m set package 'g1_arm_joint_control' build argument 'cmake_clean_first' from command line to 'False'
[0.150s] [34mcolcon.colcon_core.verb[0m [1;30mLevel 5[0m set package 'g1_arm_joint_control' build argument 'cmake_force_configure' from command line to 'False'
[0.150s] [34mcolcon.colcon_core.verb[0m [1;30mLevel 5[0m set package 'g1_arm_joint_control' build argument 'ament_cmake_args' from command line to 'None'
[0.150s] [34mcolcon.colcon_core.verb[0m [1;30mLevel 5[0m set package 'g1_arm_joint_control' build argument 'catkin_cmake_args' from command line to 'None'
[0.150s] [34mcolcon.colcon_core.verb[0m [1;30mLevel 5[0m set package 'g1_arm_joint_control' build argument 'catkin_skip_building_tests' from command line to 'False'
[0.150s] [34mcolcon.colcon_core.verb[0m [1;30mDEBUG[0m [32mBuilding package 'g1_arm_joint_control' with the following arguments: {'ament_cmake_args': None, 'build_base': '/home/yutong/scaledrive.ai/fincantieri/g1_hand_move/build/g1_arm_joint_control', 'catkin_cmake_args': None, 'catkin_skip_building_tests': False, 'cmake_args': None, 'cmake_clean_cache': False, 'cmake_clean_first': False, 'cmake_force_configure': False, 'cmake_target': None, 'cmake_target_skip_unavailable': False, 'install_base': '/home/yutong/scaledrive.ai/fincantieri/g1_hand_move/install/g1_arm_joint_control', 'merge_install': False, 'path': '/home/yutong/scaledrive.ai/fincantieri/g1_hand_move/src/g1_arm_joint_control', 'symlink_install': True, 'test_result_base': None}[0m
[0.150s] [34mcolcon.colcon_core.executor[0m [1;30mINFO[0m Executing jobs using 'parallel' executor
[0.151s] [34mcolcon.colcon_parallel_executor.executor.parallel[0m [1;30mDEBUG[0m [32mrun_until_complete[0m
[0.151s] [34mcolcon.colcon_ros.task.ament_cmake.build[0m [1;30mINFO[0m Building ROS package in '/home/yutong/scaledrive.ai/fincantieri/g1_hand_move/src/unitree_hg' with build type 'ament_cmake'
[0.151s] [34mcolcon.colcon_cmake.task.cmake.build[0m [1;30mINFO[0m Building CMake package in '/home/yutong/scaledrive.ai/fincantieri/g1_hand_move/src/unitree_hg'
[0.153s] [34mcolcon.colcon_core.plugin_system[0m [1;30mINFO[0m Skipping extension 'colcon_core.shell.bat': Not used on non-Windows systems
[0.153s] [34mcolcon.colcon_core.shell[0m [1;30mINFO[0m Skip shell extension 'powershell' for command environment: Not usable outside of PowerShell
[0.153s] [34mcolcon.colcon_core.shell[0m [1;30mDEBUG[0m [32mSkip shell extension 'dsv' for command environment[0m
[0.161s] [34mcolcon.colcon_core.event_handler.log_command[0m [1;30mDEBUG[0m [32mInvoking command in '/home/yutong/scaledrive.ai/fincantieri/g1_hand_move/build/unitree_hg': CMAKE_PREFIX_PATH=${CMAKE_PREFIX_PATH}:/home/yutong/scaledrive.ai/fincantieri/g1_hand_move/install/g1_arm_joint_control:/opt/ros/humble CONDA_PROMPT_MODIFIER=(g1_control) /usr/bin/cmake --build /home/yutong/scaledrive.ai/fincantieri/g1_hand_move/build/unitree_hg -- -j16 -l16[0m
[0.442s] [34mcolcon.colcon_core.event_handler.log_command[0m [1;30mDEBUG[0m [32mInvoked command in '/home/yutong/scaledrive.ai/fincantieri/g1_hand_move/build/unitree_hg' returned '0': CMAKE_PREFIX_PATH=${CMAKE_PREFIX_PATH}:/home/yutong/scaledrive.ai/fincantieri/g1_hand_move/install/g1_arm_joint_control:/opt/ros/humble CONDA_PROMPT_MODIFIER=(g1_control) /usr/bin/cmake --build /home/yutong/scaledrive.ai/fincantieri/g1_hand_move/build/unitree_hg -- -j16 -l16[0m
[0.451s] [34mcolcon.colcon_core.event_handler.log_command[0m [1;30mDEBUG[0m [32mInvoking command in '/home/yutong/scaledrive.ai/fincantieri/g1_hand_move/build/unitree_hg': CMAKE_PREFIX_PATH=${CMAKE_PREFIX_PATH}:/home/yutong/scaledrive.ai/fincantieri/g1_hand_move/install/g1_arm_joint_control:/opt/ros/humble CONDA_PROMPT_MODIFIER=(g1_control) /usr/bin/cmake --install /home/yutong/scaledrive.ai/fincantieri/g1_hand_move/build/unitree_hg[0m
[0.510s] [34mcolcon.colcon_core.environment[0m [1;30mLevel 1[0m create_environment_scripts_only(unitree_hg)
[0.510s] [34mcolcon.colcon_core.event_handler.log_command[0m [1;30mDEBUG[0m [32mInvoked command in '/home/yutong/scaledrive.ai/fincantieri/g1_hand_move/build/unitree_hg' returned '0': CMAKE_PREFIX_PATH=${CMAKE_PREFIX_PATH}:/home/yutong/scaledrive.ai/fincantieri/g1_hand_move/install/g1_arm_joint_control:/opt/ros/humble CONDA_PROMPT_MODIFIER=(g1_control) /usr/bin/cmake --install /home/yutong/scaledrive.ai/fincantieri/g1_hand_move/build/unitree_hg[0m
[0.513s] [34mcolcon.colcon_core.environment[0m [1;30mLevel 1[0m checking '/home/yutong/scaledrive.ai/fincantieri/g1_hand_move/install/unitree_hg' for CMake module files
[0.514s] [34mcolcon.colcon_core.environment[0m [1;30mLevel 1[0m checking '/home/yutong/scaledrive.ai/fincantieri/g1_hand_move/install/unitree_hg' for CMake config files
[0.515s] [34mcolcon.colcon_core.shell[0m [1;30mLevel 1[0m create_environment_hook('unitree_hg', 'cmake_prefix_path')
[0.515s] [34mcolcon.colcon_core.shell[0m [1;30mINFO[0m Creating environment hook '/home/yutong/scaledrive.ai/fincantieri/g1_hand_move/install/unitree_hg/share/unitree_hg/hook/cmake_prefix_path.ps1'
[0.516s] [34mcolcon.colcon_core.shell[0m [1;30mINFO[0m Creating environment descriptor '/home/yutong/scaledrive.ai/fincantieri/g1_hand_move/install/unitree_hg/share/unitree_hg/hook/cmake_prefix_path.dsv'
[0.517s] [34mcolcon.colcon_core.shell[0m [1;30mINFO[0m Creating environment hook '/home/yutong/scaledrive.ai/fincantieri/g1_hand_move/install/unitree_hg/share/unitree_hg/hook/cmake_prefix_path.sh'
[0.518s] [34mcolcon.colcon_core.environment[0m [1;30mLevel 1[0m checking '/home/yutong/scaledrive.ai/fincantieri/g1_hand_move/install/unitree_hg/lib'
[0.519s] [34mcolcon.colcon_core.shell[0m [1;30mLevel 1[0m create_environment_hook('unitree_hg', 'ld_library_path_lib')
[0.519s] [34mcolcon.colcon_core.shell[0m [1;30mINFO[0m Creating environment hook '/home/yutong/scaledrive.ai/fincantieri/g1_hand_move/install/unitree_hg/share/unitree_hg/hook/ld_library_path_lib.ps1'
[0.519s] [34mcolcon.colcon_core.shell[0m [1;30mINFO[0m Creating environment descriptor '/home/yutong/scaledrive.ai/fincantieri/g1_hand_move/install/unitree_hg/share/unitree_hg/hook/ld_library_path_lib.dsv'
[0.520s] [34mcolcon.colcon_core.shell[0m [1;30mINFO[0m Creating environment hook '/home/yutong/scaledrive.ai/fincantieri/g1_hand_move/install/unitree_hg/share/unitree_hg/hook/ld_library_path_lib.sh'
[0.520s] [34mcolcon.colcon_core.environment[0m [1;30mLevel 1[0m checking '/home/yutong/scaledrive.ai/fincantieri/g1_hand_move/install/unitree_hg/bin'
[0.520s] [34mcolcon.colcon_core.environment[0m [1;30mLevel 1[0m checking '/home/yutong/scaledrive.ai/fincantieri/g1_hand_move/install/unitree_hg/lib/pkgconfig/unitree_hg.pc'
[0.521s] [34mcolcon.colcon_core.environment[0m [1;30mLevel 1[0m checking '/home/yutong/scaledrive.ai/fincantieri/g1_hand_move/install/unitree_hg/lib/python3.10/site-packages'
[0.522s] [34mcolcon.colcon_core.environment[0m [1;30mLevel 1[0m checking '/home/yutong/scaledrive.ai/fincantieri/g1_hand_move/install/unitree_hg/bin'
[0.522s] [34mcolcon.colcon_core.shell[0m [1;30mINFO[0m Creating package script '/home/yutong/scaledrive.ai/fincantieri/g1_hand_move/install/unitree_hg/share/unitree_hg/package.ps1'
[0.523s] [34mcolcon.colcon_core.shell[0m [1;30mINFO[0m Creating package descriptor '/home/yutong/scaledrive.ai/fincantieri/g1_hand_move/install/unitree_hg/share/unitree_hg/package.dsv'
[0.524s] [34mcolcon.colcon_core.shell[0m [1;30mINFO[0m Creating package script '/home/yutong/scaledrive.ai/fincantieri/g1_hand_move/install/unitree_hg/share/unitree_hg/package.sh'
[0.525s] [34mcolcon.colcon_core.shell[0m [1;30mINFO[0m Creating package script '/home/yutong/scaledrive.ai/fincantieri/g1_hand_move/install/unitree_hg/share/unitree_hg/package.bash'
[0.526s] [34mcolcon.colcon_core.shell[0m [1;30mINFO[0m Creating package script '/home/yutong/scaledrive.ai/fincantieri/g1_hand_move/install/unitree_hg/share/unitree_hg/package.zsh'
[0.527s] [34mcolcon.colcon_core.environment[0m [1;30mLevel 1[0m create_file_with_runtime_dependencies(/home/yutong/scaledrive.ai/fincantieri/g1_hand_move/install/unitree_hg/share/colcon-core/packages/unitree_hg)
[0.527s] [34mcolcon.colcon_core.environment[0m [1;30mLevel 1[0m create_environment_scripts_only(unitree_hg)
[0.527s] [34mcolcon.colcon_core.environment[0m [1;30mLevel 1[0m checking '/home/yutong/scaledrive.ai/fincantieri/g1_hand_move/install/unitree_hg' for CMake module files
[0.528s] [34mcolcon.colcon_core.environment[0m [1;30mLevel 1[0m checking '/home/yutong/scaledrive.ai/fincantieri/g1_hand_move/install/unitree_hg' for CMake config files
[0.528s] [34mcolcon.colcon_core.shell[0m [1;30mLevel 1[0m create_environment_hook('unitree_hg', 'cmake_prefix_path')
[0.529s] [34mcolcon.colcon_core.shell[0m [1;30mINFO[0m Creating environment hook '/home/yutong/scaledrive.ai/fincantieri/g1_hand_move/install/unitree_hg/share/unitree_hg/hook/cmake_prefix_path.ps1'
[0.529s] [34mcolcon.colcon_core.shell[0m [1;30mINFO[0m Creating environment descriptor '/home/yutong/scaledrive.ai/fincantieri/g1_hand_move/install/unitree_hg/share/unitree_hg/hook/cmake_prefix_path.dsv'
[0.530s] [34mcolcon.colcon_core.shell[0m [1;30mINFO[0m Creating environment hook '/home/yutong/scaledrive.ai/fincantieri/g1_hand_move/install/unitree_hg/share/unitree_hg/hook/cmake_prefix_path.sh'
[0.531s] [34mcolcon.colcon_core.environment[0m [1;30mLevel 1[0m checking '/home/yutong/scaledrive.ai/fincantieri/g1_hand_move/install/unitree_hg/lib'
[0.531s] [34mcolcon.colcon_core.shell[0m [1;30mLevel 1[0m create_environment_hook('unitree_hg', 'ld_library_path_lib')
[0.531s] [34mcolcon.colcon_core.shell[0m [1;30mINFO[0m Creating environment hook '/home/yutong/scaledrive.ai/fincantieri/g1_hand_move/install/unitree_hg/share/unitree_hg/hook/ld_library_path_lib.ps1'
[0.532s] [34mcolcon.colcon_core.shell[0m [1;30mINFO[0m Creating environment descriptor '/home/yutong/scaledrive.ai/fincantieri/g1_hand_move/install/unitree_hg/share/unitree_hg/hook/ld_library_path_lib.dsv'
[0.532s] [34mcolcon.colcon_core.shell[0m [1;30mINFO[0m Creating environment hook '/home/yutong/scaledrive.ai/fincantieri/g1_hand_move/install/unitree_hg/share/unitree_hg/hook/ld_library_path_lib.sh'
[0.533s] [34mcolcon.colcon_core.environment[0m [1;30mLevel 1[0m checking '/home/yutong/scaledrive.ai/fincantieri/g1_hand_move/install/unitree_hg/bin'
[0.533s] [34mcolcon.colcon_core.environment[0m [1;30mLevel 1[0m checking '/home/yutong/scaledrive.ai/fincantieri/g1_hand_move/install/unitree_hg/lib/pkgconfig/unitree_hg.pc'
[0.533s] [34mcolcon.colcon_core.environment[0m [1;30mLevel 1[0m checking '/home/yutong/scaledrive.ai/fincantieri/g1_hand_move/install/unitree_hg/lib/python3.10/site-packages'
[0.533s] [34mcolcon.colcon_core.environment[0m [1;30mLevel 1[0m checking '/home/yutong/scaledrive.ai/fincantieri/g1_hand_move/install/unitree_hg/bin'
[0.534s] [34mcolcon.colcon_core.shell[0m [1;30mINFO[0m Creating package script '/home/yutong/scaledrive.ai/fincantieri/g1_hand_move/install/unitree_hg/share/unitree_hg/package.ps1'
[0.534s] [34mcolcon.colcon_core.shell[0m [1;30mINFO[0m Creating package descriptor '/home/yutong/scaledrive.ai/fincantieri/g1_hand_move/install/unitree_hg/share/unitree_hg/package.dsv'
[0.535s] [34mcolcon.colcon_core.shell[0m [1;30mINFO[0m Creating package script '/home/yutong/scaledrive.ai/fincantieri/g1_hand_move/install/unitree_hg/share/unitree_hg/package.sh'
[0.535s] [34mcolcon.colcon_core.shell[0m [1;30mINFO[0m Creating package script '/home/yutong/scaledrive.ai/fincantieri/g1_hand_move/install/unitree_hg/share/unitree_hg/package.bash'
[0.536s] [34mcolcon.colcon_core.shell[0m [1;30mINFO[0m Creating package script '/home/yutong/scaledrive.ai/fincantieri/g1_hand_move/install/unitree_hg/share/unitree_hg/package.zsh'
[0.536s] [34mcolcon.colcon_core.environment[0m [1;30mLevel 1[0m create_file_with_runtime_dependencies(/home/yutong/scaledrive.ai/fincantieri/g1_hand_move/install/unitree_hg/share/colcon-core/packages/unitree_hg)
[0.536s] [34mcolcon.colcon_ros.task.ament_python.build[0m [1;30mINFO[0m Building ROS package in '/home/yutong/scaledrive.ai/fincantieri/g1_hand_move/src/g1_arm_joint_control' with build type 'ament_python'
[0.536s] [34mcolcon.colcon_core.shell[0m [1;30mLevel 1[0m create_environment_hook('g1_arm_joint_control', 'ament_prefix_path')
[0.537s] [34mcolcon.colcon_core.shell[0m [1;30mINFO[0m Creating environment hook '/home/yutong/scaledrive.ai/fincantieri/g1_hand_move/install/g1_arm_joint_control/share/g1_arm_joint_control/hook/ament_prefix_path.ps1'
[0.537s] [34mcolcon.colcon_core.shell[0m [1;30mINFO[0m Creating environment descriptor '/home/yutong/scaledrive.ai/fincantieri/g1_hand_move/install/g1_arm_joint_control/share/g1_arm_joint_control/hook/ament_prefix_path.dsv'
[0.538s] [34mcolcon.colcon_core.shell[0m [1;30mINFO[0m Creating environment hook '/home/yutong/scaledrive.ai/fincantieri/g1_hand_move/install/g1_arm_joint_control/share/g1_arm_joint_control/hook/ament_prefix_path.sh'
[0.538s] [34mcolcon.colcon_core.shell[0m [1;30mINFO[0m Skip shell extension 'powershell' for command environment: Not usable outside of PowerShell
[0.538s] [34mcolcon.colcon_core.shell[0m [1;30mDEBUG[0m [32mSkip shell extension 'dsv' for command environment[0m
[0.676s] [34mcolcon.colcon_core.task.python.build[0m [1;30mINFO[0m Building Python package in '/home/yutong/scaledrive.ai/fincantieri/g1_hand_move/src/g1_arm_joint_control'
[0.677s] [34mcolcon.colcon_core.shell[0m [1;30mINFO[0m Skip shell extension 'powershell' for command environment: Not usable outside of PowerShell
[0.677s] [34mcolcon.colcon_core.shell[0m [1;30mDEBUG[0m [32mSkip shell extension 'dsv' for command environment[0m
[0.951s] [34mcolcon.colcon_core.event_handler.log_command[0m [1;30mDEBUG[0m [32mInvoking command in '/home/yutong/scaledrive.ai/fincantieri/g1_hand_move/build/g1_arm_joint_control': CONDA_PROMPT_MODIFIER=(g1_control) PYTHONPATH=/home/yutong/scaledrive.ai/fincantieri/g1_hand_move/build/g1_arm_joint_control/prefix_override:/home/yutong/miniconda3/envs/g1_control/lib/python3.10/site-packages/colcon_core/task/python/colcon_distutils_commands:/home/yutong/scaledrive.ai/fincantieri/g1_hand_move/install/g1_arm_joint_control/lib/python3.10/site-packages:${PYTHONPATH} /home/yutong/miniconda3/envs/g1_control/bin/python3.10 -W ignore:setup.py install is deprecated -W ignore:easy_install command is deprecated setup.py develop --editable --build-directory /home/yutong/scaledrive.ai/fincantieri/g1_hand_move/build/g1_arm_joint_control/build --no-deps symlink_data[0m
[1.286s] [34mcolcon.colcon_core.shell[0m [1;30mLevel 1[0m create_environment_hook('g1_arm_joint_control', 'pythonpath_develop')
[1.286s] [34mcolcon.colcon_core.shell[0m [1;30mINFO[0m Creating environment hook '/home/yutong/scaledrive.ai/fincantieri/g1_hand_move/build/g1_arm_joint_control/share/g1_arm_joint_control/hook/pythonpath_develop.ps1'
[1.287s] [34mcolcon.colcon_core.event_handler.log_command[0m [1;30mDEBUG[0m [32mInvoked command in '/home/yutong/scaledrive.ai/fincantieri/g1_hand_move/build/g1_arm_joint_control' returned '0': CONDA_PROMPT_MODIFIER=(g1_control) PYTHONPATH=/home/yutong/scaledrive.ai/fincantieri/g1_hand_move/build/g1_arm_joint_control/prefix_override:/home/yutong/miniconda3/envs/g1_control/lib/python3.10/site-packages/colcon_core/task/python/colcon_distutils_commands:/home/yutong/scaledrive.ai/fincantieri/g1_hand_move/install/g1_arm_joint_control/lib/python3.10/site-packages:${PYTHONPATH} /home/yutong/miniconda3/envs/g1_control/bin/python3.10 -W ignore:setup.py install is deprecated -W ignore:easy_install command is deprecated setup.py develop --editable --build-directory /home/yutong/scaledrive.ai/fincantieri/g1_hand_move/build/g1_arm_joint_control/build --no-deps symlink_data[0m
[1.287s] [34mcolcon.colcon_core.shell[0m [1;30mINFO[0m Creating environment descriptor '/home/yutong/scaledrive.ai/fincantieri/g1_hand_move/build/g1_arm_joint_control/share/g1_arm_joint_control/hook/pythonpath_develop.dsv'
[1.288s] [34mcolcon.colcon_core.shell[0m [1;30mINFO[0m Creating environment hook '/home/yutong/scaledrive.ai/fincantieri/g1_hand_move/build/g1_arm_joint_control/share/g1_arm_joint_control/hook/pythonpath_develop.sh'
[1.288s] [34mcolcon.colcon_core.environment[0m [1;30mLevel 1[0m checking '/home/yutong/scaledrive.ai/fincantieri/g1_hand_move/install/g1_arm_joint_control' for CMake module files
[1.288s] [34mcolcon.colcon_core.environment[0m [1;30mLevel 1[0m checking '/home/yutong/scaledrive.ai/fincantieri/g1_hand_move/install/g1_arm_joint_control' for CMake config files
[1.289s] [34mcolcon.colcon_core.environment[0m [1;30mLevel 1[0m checking '/home/yutong/scaledrive.ai/fincantieri/g1_hand_move/install/g1_arm_joint_control/lib'
[1.289s] [34mcolcon.colcon_core.environment[0m [1;30mLevel 1[0m checking '/home/yutong/scaledrive.ai/fincantieri/g1_hand_move/install/g1_arm_joint_control/bin'
[1.289s] [34mcolcon.colcon_core.environment[0m [1;30mLevel 1[0m checking '/home/yutong/scaledrive.ai/fincantieri/g1_hand_move/install/g1_arm_joint_control/lib/pkgconfig/g1_arm_joint_control.pc'
[1.289s] [34mcolcon.colcon_core.environment[0m [1;30mLevel 1[0m checking '/home/yutong/scaledrive.ai/fincantieri/g1_hand_move/install/g1_arm_joint_control/lib/python3.10/site-packages'
[1.289s] [34mcolcon.colcon_core.shell[0m [1;30mLevel 1[0m create_environment_hook('g1_arm_joint_control', 'pythonpath')
[1.289s] [34mcolcon.colcon_core.shell[0m [1;30mINFO[0m Creating environment hook '/home/yutong/scaledrive.ai/fincantieri/g1_hand_move/install/g1_arm_joint_control/share/g1_arm_joint_control/hook/pythonpath.ps1'
[1.290s] [34mcolcon.colcon_core.shell[0m [1;30mINFO[0m Creating environment descriptor '/home/yutong/scaledrive.ai/fincantieri/g1_hand_move/install/g1_arm_joint_control/share/g1_arm_joint_control/hook/pythonpath.dsv'
[1.290s] [34mcolcon.colcon_core.shell[0m [1;30mINFO[0m Creating environment hook '/home/yutong/scaledrive.ai/fincantieri/g1_hand_move/install/g1_arm_joint_control/share/g1_arm_joint_control/hook/pythonpath.sh'
[1.290s] [34mcolcon.colcon_core.environment[0m [1;30mLevel 1[0m checking '/home/yutong/scaledrive.ai/fincantieri/g1_hand_move/install/g1_arm_joint_control/bin'
[1.290s] [34mcolcon.colcon_core.environment[0m [1;30mLevel 1[0m create_environment_scripts_only(g1_arm_joint_control)
[1.291s] [34mcolcon.colcon_core.shell[0m [1;30mINFO[0m Creating package script '/home/yutong/scaledrive.ai/fincantieri/g1_hand_move/install/g1_arm_joint_control/share/g1_arm_joint_control/package.ps1'
[1.291s] [34mcolcon.colcon_core.shell[0m [1;30mINFO[0m Creating package descriptor '/home/yutong/scaledrive.ai/fincantieri/g1_hand_move/install/g1_arm_joint_control/share/g1_arm_joint_control/package.dsv'
[1.292s] [34mcolcon.colcon_core.shell[0m [1;30mINFO[0m Creating package script '/home/yutong/scaledrive.ai/fincantieri/g1_hand_move/install/g1_arm_joint_control/share/g1_arm_joint_control/package.sh'
[1.292s] [34mcolcon.colcon_core.shell[0m [1;30mINFO[0m Creating package script '/home/yutong/scaledrive.ai/fincantieri/g1_hand_move/install/g1_arm_joint_control/share/g1_arm_joint_control/package.bash'
[1.292s] [34mcolcon.colcon_core.shell[0m [1;30mINFO[0m Creating package script '/home/yutong/scaledrive.ai/fincantieri/g1_hand_move/install/g1_arm_joint_control/share/g1_arm_joint_control/package.zsh'
[1.293s] [34mcolcon.colcon_core.environment[0m [1;30mLevel 1[0m create_file_with_runtime_dependencies(/home/yutong/scaledrive.ai/fincantieri/g1_hand_move/install/g1_arm_joint_control/share/colcon-core/packages/g1_arm_joint_control)
[1.293s] [34mcolcon.colcon_parallel_executor.executor.parallel[0m [1;30mDEBUG[0m [32mclosing loop[0m
[1.293s] [34mcolcon.colcon_parallel_executor.executor.parallel[0m [1;30mDEBUG[0m [32mloop closed[0m
[1.293s] [34mcolcon.colcon_parallel_executor.executor.parallel[0m [1;30mDEBUG[0m [32mrun_until_complete finished with '0'[0m
[1.293s] [34mcolcon.colcon_core.event_reactor[0m [1;30mDEBUG[0m [32mjoining thread[0m
[1.295s] [34mcolcon.colcon_core.plugin_system[0m [1;30mINFO[0m Skipping extension 'colcon_notification.desktop_notification.notify2': 'notify2' not found
[1.296s] [34mcolcon.colcon_core.plugin_system[0m [1;30mINFO[0m Skipping extension 'colcon_notification.desktop_notification.terminal_notifier': Not used on non-Darwin systems
[1.296s] [34mcolcon.colcon_core.plugin_system[0m [1;30mINFO[0m Skipping extension 'colcon_notification.desktop_notification.win32': Not used on non-Windows systems
[1.296s] [34mcolcon.colcon_notification.desktop_notification[0m [1;30mINFO[0m Sending desktop notification using 'notify_send'
[1.311s] [34mcolcon.colcon_core.event_reactor[0m [1;30mDEBUG[0m [32mjoined thread[0m
[1.311s] [34mcolcon.colcon_core.shell[0m [1;30mINFO[0m Creating prefix script '/home/yutong/scaledrive.ai/fincantieri/g1_hand_move/install/local_setup.ps1'
[1.313s] [34mcolcon.colcon_core.shell[0m [1;30mINFO[0m Creating prefix util module '/home/yutong/scaledrive.ai/fincantieri/g1_hand_move/install/_local_setup_util_ps1.py'
[1.314s] [34mcolcon.colcon_core.shell[0m [1;30mINFO[0m Creating prefix chain script '/home/yutong/scaledrive.ai/fincantieri/g1_hand_move/install/setup.ps1'
[1.315s] [34mcolcon.colcon_core.shell[0m [1;30mINFO[0m Creating prefix script '/home/yutong/scaledrive.ai/fincantieri/g1_hand_move/install/local_setup.sh'
[1.316s] [34mcolcon.colcon_core.shell[0m [1;30mINFO[0m Creating prefix util module '/home/yutong/scaledrive.ai/fincantieri/g1_hand_move/install/_local_setup_util_sh.py'
[1.316s] [34mcolcon.colcon_core.shell[0m [1;30mINFO[0m Creating prefix chain script '/home/yutong/scaledrive.ai/fincantieri/g1_hand_move/install/setup.sh'
[1.317s] [34mcolcon.colcon_core.shell[0m [1;30mINFO[0m Creating prefix script '/home/yutong/scaledrive.ai/fincantieri/g1_hand_move/install/local_setup.bash'
[1.318s] [34mcolcon.colcon_core.shell[0m [1;30mINFO[0m Creating prefix chain script '/home/yutong/scaledrive.ai/fincantieri/g1_hand_move/install/setup.bash'
[1.319s] [34mcolcon.colcon_core.shell[0m [1;30mINFO[0m Creating prefix script '/home/yutong/scaledrive.ai/fincantieri/g1_hand_move/install/local_setup.zsh'
[1.319s] [34mcolcon.colcon_core.shell[0m [1;30mINFO[0m Creating prefix chain script '/home/yutong/scaledrive.ai/fincantieri/g1_hand_move/install/setup.zsh'
