running egg_info
creating ../../build/g1_arm_joint_control/g1_arm_joint_control.egg-info
writing ../../build/g1_arm_joint_control/g1_arm_joint_control.egg-info/PKG-INFO
writing dependency_links to ../../build/g1_arm_joint_control/g1_arm_joint_control.egg-info/dependency_links.txt
writing entry points to ../../build/g1_arm_joint_control/g1_arm_joint_control.egg-info/entry_points.txt
writing requirements to ../../build/g1_arm_joint_control/g1_arm_joint_control.egg-info/requires.txt
writing top-level names to ../../build/g1_arm_joint_control/g1_arm_joint_control.egg-info/top_level.txt
writing manifest file '../../build/g1_arm_joint_control/g1_arm_joint_control.egg-info/SOURCES.txt'
reading manifest file '../../build/g1_arm_joint_control/g1_arm_joint_control.egg-info/SOURCES.txt'
writing manifest file '../../build/g1_arm_joint_control/g1_arm_joint_control.egg-info/SOURCES.txt'
running build
running build_py
creating /home/yutong/scaledrive.ai/fincantieri/g1_hand_move/build/g1_arm_joint_control/build
creating /home/yutong/scaledrive.ai/fincantieri/g1_hand_move/build/g1_arm_joint_control/build/lib
creating /home/yutong/scaledrive.ai/fincantieri/g1_hand_move/build/g1_arm_joint_control/build/lib/g1_arm_joint_control
copying g1_arm_joint_control/joint_map.py -> /home/yutong/scaledrive.ai/fincantieri/g1_hand_move/build/g1_arm_joint_control/build/lib/g1_arm_joint_control
copying g1_arm_joint_control/__init__.py -> /home/yutong/scaledrive.ai/fincantieri/g1_hand_move/build/g1_arm_joint_control/build/lib/g1_arm_joint_control
copying g1_arm_joint_control/arm_joint_controller_node.py -> /home/yutong/scaledrive.ai/fincantieri/g1_hand_move/build/g1_arm_joint_control/build/lib/g1_arm_joint_control
copying g1_arm_joint_control/arm_pose_sender_node.py -> /home/yutong/scaledrive.ai/fincantieri/g1_hand_move/build/g1_arm_joint_control/build/lib/g1_arm_joint_control
running install
running install_lib
creating /home/yutong/scaledrive.ai/fincantieri/g1_hand_move/install/g1_arm_joint_control/lib/python3.10/site-packages/g1_arm_joint_control
copying /home/yutong/scaledrive.ai/fincantieri/g1_hand_move/build/g1_arm_joint_control/build/lib/g1_arm_joint_control/joint_map.py -> /home/yutong/scaledrive.ai/fincantieri/g1_hand_move/install/g1_arm_joint_control/lib/python3.10/site-packages/g1_arm_joint_control
copying /home/yutong/scaledrive.ai/fincantieri/g1_hand_move/build/g1_arm_joint_control/build/lib/g1_arm_joint_control/__init__.py -> /home/yutong/scaledrive.ai/fincantieri/g1_hand_move/install/g1_arm_joint_control/lib/python3.10/site-packages/g1_arm_joint_control
copying /home/yutong/scaledrive.ai/fincantieri/g1_hand_move/build/g1_arm_joint_control/build/lib/g1_arm_joint_control/arm_joint_controller_node.py -> /home/yutong/scaledrive.ai/fincantieri/g1_hand_move/install/g1_arm_joint_control/lib/python3.10/site-packages/g1_arm_joint_control
copying /home/yutong/scaledrive.ai/fincantieri/g1_hand_move/build/g1_arm_joint_control/build/lib/g1_arm_joint_control/arm_pose_sender_node.py -> /home/yutong/scaledrive.ai/fincantieri/g1_hand_move/install/g1_arm_joint_control/lib/python3.10/site-packages/g1_arm_joint_control
byte-compiling /home/yutong/scaledrive.ai/fincantieri/g1_hand_move/install/g1_arm_joint_control/lib/python3.10/site-packages/g1_arm_joint_control/joint_map.py to joint_map.cpython-310.pyc
byte-compiling /home/yutong/scaledrive.ai/fincantieri/g1_hand_move/install/g1_arm_joint_control/lib/python3.10/site-packages/g1_arm_joint_control/__init__.py to __init__.cpython-310.pyc
byte-compiling /home/yutong/scaledrive.ai/fincantieri/g1_hand_move/install/g1_arm_joint_control/lib/python3.10/site-packages/g1_arm_joint_control/arm_joint_controller_node.py to arm_joint_controller_node.cpython-310.pyc
byte-compiling /home/yutong/scaledrive.ai/fincantieri/g1_hand_move/install/g1_arm_joint_control/lib/python3.10/site-packages/g1_arm_joint_control/arm_pose_sender_node.py to arm_pose_sender_node.cpython-310.pyc
running install_data
creating /home/yutong/scaledrive.ai/fincantieri/g1_hand_move/install/g1_arm_joint_control/share/ament_index
creating /home/yutong/scaledrive.ai/fincantieri/g1_hand_move/install/g1_arm_joint_control/share/ament_index/resource_index
creating /home/yutong/scaledrive.ai/fincantieri/g1_hand_move/install/g1_arm_joint_control/share/ament_index/resource_index/packages
copying resource/g1_arm_joint_control -> /home/yutong/scaledrive.ai/fincantieri/g1_hand_move/install/g1_arm_joint_control/share/ament_index/resource_index/packages
copying package.xml -> /home/yutong/scaledrive.ai/fincantieri/g1_hand_move/install/g1_arm_joint_control/share/g1_arm_joint_control
creating /home/yutong/scaledrive.ai/fincantieri/g1_hand_move/install/g1_arm_joint_control/share/g1_arm_joint_control/launch
copying launch/arm_control.launch.py -> /home/yutong/scaledrive.ai/fincantieri/g1_hand_move/install/g1_arm_joint_control/share/g1_arm_joint_control/launch
creating /home/yutong/scaledrive.ai/fincantieri/g1_hand_move/install/g1_arm_joint_control/share/g1_arm_joint_control/config
copying config/arm_control.yaml -> /home/yutong/scaledrive.ai/fincantieri/g1_hand_move/install/g1_arm_joint_control/share/g1_arm_joint_control/config
running install_egg_info
Copying ../../build/g1_arm_joint_control/g1_arm_joint_control.egg-info to /home/yutong/scaledrive.ai/fincantieri/g1_hand_move/install/g1_arm_joint_control/lib/python3.10/site-packages/g1_arm_joint_control-0.1.0-py3.10.egg-info
running install_scripts
Installing arm_joint_controller script to /home/yutong/scaledrive.ai/fincantieri/g1_hand_move/install/g1_arm_joint_control/lib/g1_arm_joint_control
Installing arm_pose_sender script to /home/yutong/scaledrive.ai/fincantieri/g1_hand_move/install/g1_arm_joint_control/lib/g1_arm_joint_control
writing list of installed files to '/home/yutong/scaledrive.ai/fincantieri/g1_hand_move/build/g1_arm_joint_control/install.log'
